Namespace(basedir='/mnt/home/aduivenvoorden/project/actpol/20230621_pcg_planck/planck06f', draw_constr=False, test_conv=True, niter_cg=15, niter_mg=45, no_masked_prec=False, pol_mg=False, use_prec_harm=False, noise_scaling=None, no_beam=False, lmax_masked_cg=1500, write_steps=False, apod_icov=False, icov_pix_file='/mnt/home/aduivenvoorden/project/actpol/20241008_delensing/icov/dx12_v3_smica_noise_icov.fits', mask_file='/mnt/home/aduivenvoorden/project/actpol/20241008_delensing/icov/mask_2500.fits')
fsky T 0.6702093525588608
fsky P 0.6702093525588608
/mnt/home/aduivenvoorden/local/optweight/scripts/paper/planck_filter_pix.py:280: DeprecationWarning: `product` is deprecated as of NumPy 1.25.0, and will be removed in NumPy 2.0. Please use `prod` instead.
  nl = ainfo.alm2cl(alm_noise[:,None,:], alm_noise[None,:,:])
normal mg
normal pinv
normal cg
test_conv
/mnt/home/aduivenvoorden/local/optweight/scripts/paper/planck_filter_pix.py:378: DeprecationWarning: `product` is deprecated as of NumPy 1.25.0, and will be removed in NumPy 2.0. Please use `prod` instead.
  ps_c_ell[idx,...] = ainfo.alm2cl(solver.x[:,None,:], solver.x[None,:,:])
1, cg_err : 0.23990756438292757, residual : 1004188.7744411267, err[0] : 453.70532229887596, err[1] : 6.273439665551695, err[2] : 0.4661805527410509, qform = -460912222.1005263, dt : 10.16513967514038
2, cg_err : 0.07824900160812709, residual : 590159.1190435532, err[0] : 368.36019326435587, err[1] : 5.901388788886408, err[2] : 0.3798474574799392, qform = -473744143.19126797, dt : 10.115243196487427
3, cg_err : 0.01926121753005067, residual : 384356.8813797912, err[0] : 302.4755810439482, err[1] : 5.611211970690358, err[2] : 0.3429915811850366, qform = -478044463.05605453, dt : 10.138556957244873
4, cg_err : 0.0077763341664409255, residual : 266078.0740462593, err[0] : 262.1712779955753, err[1] : 6.640794199336738, err[2] : 0.27717102318674686, qform = -479367183.28400457, dt : 10.157644271850586
5, cg_err : 0.0053506578310567625, residual : 204498.63416026463, err[0] : 241.2293150112933, err[1] : 7.1615272946588915, err[2] : 0.22569445326787263, qform = -479758926.6920818, dt : 10.081238031387329
6, cg_err : 0.0017914499714281054, residual : 150326.96462915678, err[0] : 223.33101182993028, err[1] : 4.246022534877657, err[2] : 0.16439528002956827, qform = -479998700.2862928, dt : 10.167006969451904
7, cg_err : 0.0008430632207536042, residual : 96671.7924624345, err[0] : 206.01183936519288, err[1] : 3.7195997928809605, err[2] : 0.09432812350031565, qform = -480141950.51665294, dt : 10.115055561065674
8, cg_err : 0.0007330188516353995, residual : 61607.11261508325, err[0] : 191.74494682664314, err[1] : 3.5735477601393595, err[2] : 0.047495214259097154, qform = -480228530.4458226, dt : 10.15259337425232
9, cg_err : 0.0008658461861881753, residual : 57733.57729119277, err[0] : 180.61917819998715, err[1] : 3.860957465009162, err[2] : 0.05665539471392547, qform = -480280244.44038033, dt : 10.107695579528809
10, cg_err : 0.0006364993074351873, residual : 70558.01331566178, err[0] : 168.92507227206343, err[1] : 3.0944700954270745, err[2] : 0.0788909130190698, qform = -480328029.6144489, dt : 10.144927024841309
11, cg_err : 0.0005915951631067357, residual : 86991.82695395702, err[0] : 151.3206295095335, err[1] : 2.661632584772347, err[2] : 0.09760466815267574, qform = -480391727.57659, dt : 10.115407228469849
12, cg_err : 0.0006109576457285727, residual : 89720.89986191108, err[0] : 134.1260601722976, err[1] : 2.646509771658277, err[2] : 0.09247808603196953, qform = -480444961.1143967, dt : 10.040732145309448
13, cg_err : 0.00044661585471339325, residual : 82054.49913453759, err[0] : 118.95386981014077, err[1] : 2.44106750005858, err[2] : 0.07561770241446357, qform = -480487896.453023, dt : 10.119564294815063
14, cg_err : 0.00036088082119598865, residual : 68436.91089925617, err[0] : 107.9819228086762, err[1] : 2.2878043292022987, err[2] : 0.059146761740584856, qform = -480515587.4757499, dt : 10.045884132385254
15, cg_err : 0.00023455333309800792, residual : 52306.51300641229, err[0] : 99.11121371329621, err[1] : 1.9615031684945157, err[2] : 0.04562856995372134, qform = -480535675.495188, dt : 10.129159688949585
normal pinv 2
normal mg 2
/mnt/home/aduivenvoorden/local/optweight/scripts/paper/planck_filter_pix.py:424: DeprecationWarning: `product` is deprecated as of NumPy 1.25.0, and will be removed in NumPy 2.0. Please use `prod` instead.
  ps_c_ell[idx,...] = ainfo.alm2cl(solver.x[:,None,:], solver.x[None,:,:])
1, cg_err : 1.2183625122859876, residual : 47442.88914897937, err[0] : 80.76906533055447, err[1] : 2.4544322825113376, err[2] : 0.04217579701526106, qform = -480556439.60376257, dt : 4.396428346633911
2, cg_err : 0.5342122281024124, residual : 40575.336355844236, err[0] : 71.31868988947551, err[1] : 1.7606695970682105, err[2] : 0.02857896830910326, qform = -480580369.8988619, dt : 4.395888328552246
3, cg_err : 0.689682101169162, residual : 31969.315435942695, err[0] : 44.96855534537257, err[1] : 1.95936907801655, err[2] : 0.02068876877149574, qform = -480594383.79494774, dt : 4.391069173812866
4, cg_err : 0.37813991672395003, residual : 21799.241008246994, err[0] : 54.11065706919455, err[1] : 1.3218342741389912, err[2] : 0.004781834745381591, qform = -480610650.42697126, dt : 4.456041097640991
5, cg_err : 0.2831078095233912, residual : 19743.634956458805, err[0] : 35.25107286157995, err[1] : 1.1351849217602643, err[2] : 0.011997143758444434, qform = -480623802.8378413, dt : 4.46197509765625
6, cg_err : 0.19636036362104656, residual : 21197.243078358915, err[0] : 32.484009883239075, err[1] : 1.0442393436946276, err[2] : 0.016593656474325442, qform = -480630292.09821975, dt : 4.427602529525757
7, cg_err : 0.15090895328312529, residual : 21138.77054115039, err[0] : 30.690061859155964, err[1] : 0.8195812168060382, err[2] : 0.017421056537461788, qform = -480635195.15559393, dt : 4.408653497695923
8, cg_err : 0.10651607319783173, residual : 18869.60845617153, err[0] : 22.60003304187016, err[1] : 0.6298639798276447, err[2] : 0.015512887975934028, qform = -480639042.8382948, dt : 4.429228067398071
9, cg_err : 0.10109366198332093, residual : 14881.23620832672, err[0] : 19.495641161366766, err[1] : 0.6397059861397302, err[2] : 0.012109947597359564, qform = -480641846.82134736, dt : 4.3776140213012695
10, cg_err : 0.07145470778755493, residual : 11233.625856390052, err[0] : 20.29928717779667, err[1] : 0.5138374314661245, err[2] : 0.008297800612840456, qform = -480643632.52253824, dt : 4.425759315490723
11, cg_err : 0.051617399703717544, residual : 7515.717179290302, err[0] : 14.467878343904815, err[1] : 0.5002942176002346, err[2] : 0.004459766332197028, qform = -480645251.4045753, dt : 4.45524263381958
12, cg_err : 0.03765626298939108, residual : 5810.6259704848535, err[0] : 13.849716176862263, err[1] : 0.4352472986169172, err[2] : 0.0019371248391982817, qform = -480646358.55184203, dt : 4.404359579086304
13, cg_err : 0.02539167633108967, residual : 6401.775782533425, err[0] : 11.460063033987531, err[1] : 0.3600009191670361, err[2] : 0.003722607817570768, qform = -480647539.2270668, dt : 4.386922597885132
14, cg_err : 0.021986884579788868, residual : 7713.996535289889, err[0] : 10.006103828074771, err[1] : 0.34372311919172405, err[2] : 0.0060200960622939035, qform = -480648545.4565943, dt : 4.358488321304321
15, cg_err : 0.019357619876016988, residual : 7825.832033778784, err[0] : 9.32571354427243, err[1] : 0.33522594438748626, err[2] : 0.0066031210129806435, qform = -480649218.0801271, dt : 4.412977695465088
16, cg_err : 0.014398671121460593, residual : 6999.977319966489, err[0] : 8.372521246172226, err[1] : 0.2712870672024896, err[2] : 0.005809756405923816, qform = -480649697.3616332, dt : 4.441577196121216
17, cg_err : 0.010223624939687294, residual : 5345.428423457398, err[0] : 7.017268005505615, err[1] : 0.23568365461918597, err[2] : 0.004207049533273976, qform = -480650128.1362804, dt : 4.359246492385864
18, cg_err : 0.00876198464794439, residual : 3559.154643210567, err[0] : 6.3592078265490635, err[1] : 0.22090873531583735, err[2] : 0.0023455693281576317, qform = -480650450.4249678, dt : 4.366151332855225
19, cg_err : 0.005369629582191891, residual : 2433.920559146399, err[0] : 5.827185983509254, err[1] : 0.16603357200782604, err[2] : 0.0005610083367975555, qform = -480650710.5879424, dt : 4.358899116516113
20, cg_err : 0.004401279787556674, residual : 2681.8939737568185, err[0] : 8.416031634460474, err[1] : 0.1427846460230469, err[2] : 0.001579441230831053, qform = -480650922.8970216, dt : 4.403280258178711
21, cg_err : 0.004271626381202674, residual : 3180.1089214180115, err[0] : 5.569335760032306, err[1] : 0.13279765362040782, err[2] : 0.0024091036097781855, qform = -480651074.7883276, dt : 4.4090540409088135
22, cg_err : 0.0034024157092750083, residual : 3324.4474843756516, err[0] : 4.645149041806304, err[1] : 0.11886136779347896, err[2] : 0.0026534603790892273, qform = -480651191.64356637, dt : 4.364562034606934
23, cg_err : 0.00228525296501335, residual : 2973.813487624851, err[0] : 4.1868999069495185, err[1] : 0.10380579854541046, err[2] : 0.0023574071603570147, qform = -480651306.0953313, dt : 4.372473239898682
24, cg_err : 0.0018502904099603958, residual : 2120.4143919771836, err[0] : 3.312773716919467, err[1] : 0.09957616735356149, err[2] : 0.001543301533645951, qform = -480651403.3008244, dt : 4.357054233551025
25, cg_err : 0.0016127601756840172, residual : 1386.5187945932646, err[0] : 3.6360014652901906, err[1] : 0.09945105402607086, err[2] : 0.0007762373234790006, qform = -480651469.3296572, dt : 4.4396069049835205
26, cg_err : 0.0010845208828941062, residual : 1128.3864106275844, err[0] : 2.8985205119726034, err[1] : 0.08131447531366502, err[2] : 0.00040549040551780634, qform = -480651520.91111094, dt : 4.409958124160767
27, cg_err : 0.0009710031050831153, residual : 1348.7964134046458, err[0] : 2.8576086204863547, err[1] : 0.07476631796496146, err[2] : 0.0009297421403784982, qform = -480651564.8175645, dt : 4.369888067245483
28, cg_err : 0.0010717322093506075, residual : 1524.8800414632326, err[0] : 2.0078585554784594, err[1] : 0.07913808571839591, err[2] : 0.0012361348225310143, qform = -480651596.04548866, dt : 4.367446184158325
29, cg_err : 0.0009696706516684826, residual : 1537.312592848423, err[0] : 2.1123189719795277, err[1] : 0.07144968802770042, err[2] : 0.001242101166029966, qform = -480651617.5716953, dt : 4.386605739593506
30, cg_err : 0.0007549121168963313, residual : 1421.2898017726766, err[0] : 1.869763185911022, err[1] : 0.06667862451775684, err[2] : 0.0011654680930076023, qform = -480651637.6514321, dt : 4.369211673736572
31, cg_err : 0.0005281397034919552, residual : 1142.6874987599253, err[0] : 1.9610632286502772, err[1] : 0.054399218262995125, err[2] : 0.0008617455999689209, qform = -480651657.5341234, dt : 4.440536260604858
32, cg_err : 0.0004033971236005821, residual : 775.8017923166096, err[0] : 1.6939294640530294, err[1] : 0.0485116026517154, err[2] : 0.00046995985546993273, qform = -480651675.6241185, dt : 4.3795835971832275
33, cg_err : 0.00044552740732407305, residual : 570.7104559893079, err[0] : 1.5960029841135601, err[1] : 0.049890475662793844, err[2] : 0.00027154269913213207, qform = -480651687.84014565, dt : 4.3902668952941895
34, cg_err : 0.0003579143754386871, residual : 562.3163340873139, err[0] : 1.3473205880872277, err[1] : 0.04530472248008697, err[2] : 0.0003018425833154659, qform = -480651695.38623273, dt : 4.3945417404174805
35, cg_err : 0.00023912886533377964, residual : 669.3907776307377, err[0] : 1.3103774950805014, err[1] : 0.0385745525720581, err[2] : 0.00048196977145936965, qform = -480651704.6092209, dt : 4.418240547180176
36, cg_err : 0.00022733008078889202, residual : 754.9721552256054, err[0] : 1.2641143830768267, err[1] : 0.036331679242850655, err[2] : 0.000601326036569208, qform = -480651713.07273334, dt : 4.420924186706543
37, cg_err : 0.0001873463629692805, residual : 740.9763010233984, err[0] : 1.0466764592701083, err[1] : 0.033573200699078765, err[2] : 0.0005958665907112811, qform = -480651719.44187963, dt : 4.379772901535034
38, cg_err : 0.00013832251271026836, residual : 627.013195559231, err[0] : 0.9396113492276041, err[1] : 0.028594409686668567, err[2] : 0.0004863697746243562, qform = -480651725.366483, dt : 4.441946506500244
39, cg_err : 0.00010737568261909235, residual : 450.9071390683102, err[0] : 0.8175806609090909, err[1] : 0.025277666292096598, err[2] : 0.00030309891510567637, qform = -480651730.09966785, dt : 4.396198034286499
40, cg_err : 0.00011963739630702908, residual : 322.89971458640537, err[0] : 0.6576015048685135, err[1] : 0.02739222849281336, err[2] : 0.00019041839375468872, qform = -480651733.3206742, dt : 4.4342265129089355
41, cg_err : 7.504472914847126e-05, residual : 273.97571633213005, err[0] : 0.6186450135349209, err[1] : 0.02148037143934124, err[2] : 0.00011223604473165031, qform = -480651735.76004523, dt : 4.365947961807251
42, cg_err : 5.3114643087129704e-05, residual : 318.7601252950644, err[0] : 0.7324893595191265, err[1] : 0.01735392856990807, err[2] : 0.00020386495712018706, qform = -480651738.4851454, dt : 4.385898113250732
43, cg_err : 4.32423324671806e-05, residual : 367.6161778269625, err[0] : 0.6495783733671721, err[1] : 0.015259578394993699, err[2] : 0.00027869527690886235, qform = -480651740.8719599, dt : 4.344754457473755
44, cg_err : 3.4035006748154236e-05, residual : 347.34430732434527, err[0] : 0.4712408295489594, err[1] : 0.014222795693461904, err[2] : 0.00027233831448413064, qform = -480651742.77541375, dt : 4.4278247356414795
45, cg_err : 3.151781669223197e-05, residual : 272.6012110305665, err[0] : 0.3879877300552486, err[1] : 0.014514641818930125, err[2] : 0.00020949918974955177, qform = -480651744.17901075, dt : 4.470566272735596
/mnt/home/aduivenvoorden/local/optweight/scripts/paper/planck_filter_pix.py:459: UserWarning: Attempt to set non-positive ylim on a log-scaled axis will be ignored.
  ax.set_ylim(ax.get_ylim())
