Namespace(basedir='/mnt/home/aduivenvoorden/project/actpol/20230621_pcg_planck/planck13', draw_constr=False, test_conv=False, niter_cg=5, niter_mg=20, no_masked_prec=False, pol_mg=False, use_prec_harm=False, noise_scaling=None, no_beam=False, lmax_masked_cg=2000, write_steps=False, apod_icov=True)
fsky T 820869.7894213775
fsky P 841653.9130172196
/mnt/home/aduivenvoorden/local/optweight/scripts/paper/planck_filter_pix.py:197: RuntimeWarning: divide by zero encountered in log10
  im = ax.imshow(np.log10(np.abs(icov_pix[idx,jdx].reshape(minfo.nrow, minfo.nphi[0]))),
/mnt/home/aduivenvoorden/local/optweight/scripts/paper/planck_filter_pix.py:249: DeprecationWarning: `product` is deprecated as of NumPy 1.25.0, and will be removed in NumPy 2.0. Please use `prod` instead.
  nl = ainfo.alm2cl(alm_noise[:,None,:], alm_noise[None,:,:])
normal mg
normal pinv
normal cg
/mnt/home/aduivenvoorden/local/optweight/scripts/paper/planck_filter_pix.py:344: DeprecationWarning: `product` is deprecated as of NumPy 1.25.0, and will be removed in NumPy 2.0. Please use `prod` instead.
  ps_c_ell[idx,...] = ainfo.alm2cl(solver.x[:,None,:], solver.x[None,:,:])
1, cg_err : 15.370886854700545, residual : 702692.894770781, err[0] : 368.87350423066994, err[1] : 153.38857002200228, err[2] : 1.2966446730111671, qform = -69887653.44745983, dt : 14.857386112213135
2, cg_err : 5.561568633277981, residual : 403998.1979166335, err[0] : 279.5810187128366, err[1] : 67.56645131489293, err[2] : 1.062127710860306, qform = -105936304.5801712, dt : 15.364604234695435
3, cg_err : 1.5006881824985314, residual : 328803.3980505841, err[0] : 232.1323179576722, err[1] : 30.55499023239846, err[2] : 0.9789352803740597, qform = -113131720.7319261, dt : 15.322824001312256
4, cg_err : 0.47754297356881126, residual : 295176.37155582925, err[0] : 211.63541818169094, err[1] : 23.794679956345217, err[2] : 0.950914000367877, qform = -115101546.744911, dt : 15.369016170501709
5, cg_err : 0.24890995291020862, residual : 265611.2828606627, err[0] : 201.70681641507832, err[1] : 18.137920047212667, err[2] : 0.9339432154153152, qform = -115979957.19446959, dt : 15.065842151641846
normal pinv 2
normal mg 2
/mnt/home/aduivenvoorden/local/optweight/scripts/paper/planck_filter_pix.py:390: DeprecationWarning: `product` is deprecated as of NumPy 1.25.0, and will be removed in NumPy 2.0. Please use `prod` instead.
  ps_c_ell[idx,...] = ainfo.alm2cl(solver.x[:,None,:], solver.x[None,:,:])
1, cg_err : 0.48347199803159147, residual : 256101.6697747198, err[0] : 197.85949802222535, err[1] : 16.62615584419868, err[2] : 0.9308272369622521, qform = -116259779.57665662, dt : 3.026355743408203
2, cg_err : 0.6504778822170648, residual : 229585.52123780272, err[0] : 195.38461752030636, err[1] : 16.527290176702547, err[2] : 0.9249604351402354, qform = -116592075.36517245, dt : 3.0418601036071777
3, cg_err : 0.6589608295381635, residual : 195087.16128857463, err[0] : 198.20291190501382, err[1] : 18.36346787621513, err[2] : 0.9228268822736697, qform = -116978708.75717168, dt : 3.015665292739868
4, cg_err : 0.42654399698924794, residual : 162240.47242255835, err[0] : 202.28389977949902, err[1] : 16.34794829362299, err[2] : 0.9230364466734634, qform = -117321549.14501342, dt : 3.2279891967773438
5, cg_err : 0.3794000782350203, residual : 135141.80599897972, err[0] : 202.90902392866164, err[1] : 15.421631145514844, err[2] : 0.9229778647165048, qform = -117567217.97054039, dt : 3.2209630012512207
6, cg_err : 0.28824741788430674, residual : 114389.54799860275, err[0] : 200.89936862353102, err[1] : 15.653034535100613, err[2] : 0.921817374046883, qform = -117732376.34577373, dt : 3.182100296020508
7, cg_err : 0.25867389431230436, residual : 87856.78478683205, err[0] : 197.32657532055356, err[1] : 14.50797323093024, err[2] : 0.9184779055040168, qform = -117908442.11707667, dt : 3.160371780395508
8, cg_err : 0.10856544017879327, residual : 74693.81020311707, err[0] : 195.4941669780515, err[1] : 14.250712543883052, err[2] : 0.9168760189338693, qform = -118010596.38676848, dt : 3.0196897983551025
9, cg_err : 0.07059300789548463, residual : 66564.15474711756, err[0] : 195.1313388877254, err[1] : 14.001490418958145, err[2] : 0.9157854428931369, qform = -118062096.12526707, dt : 3.012681722640991
10, cg_err : 0.05779775740023288, residual : 60247.010898945075, err[0] : 195.69862314417244, err[1] : 13.862813261021554, err[2] : 0.9149264636867611, qform = -118095531.54213776, dt : 3.2231030464172363
11, cg_err : 0.037562060598392996, residual : 54816.210167534446, err[0] : 196.38997512327205, err[1] : 13.798920821076955, err[2] : 0.9143078276643329, qform = -118123606.56573601, dt : 3.0248842239379883
12, cg_err : 0.027752737253253685, residual : 50629.51577864513, err[0] : 196.15320853477462, err[1] : 13.671518998438511, err[2] : 0.9139384268437428, qform = -118141450.41319865, dt : 2.9511640071868896
13, cg_err : 0.019032881658578152, residual : 46836.791668133126, err[0] : 195.3088456945248, err[1] : 13.63245021811347, err[2] : 0.9136597288908047, qform = -118155507.61997297, dt : 3.202996253967285
14, cg_err : 0.02206131455759468, residual : 43011.445084284984, err[0] : 194.50463997185847, err[1] : 13.599383837119628, err[2] : 0.9133812350467908, qform = -118165761.09505926, dt : 3.130643844604492
15, cg_err : 0.021641176227337442, residual : 37125.28371035875, err[0] : 193.68096851394452, err[1] : 13.522485390389187, err[2] : 0.9129734625693544, qform = -118179441.59487659, dt : 3.0975823402404785
16, cg_err : 0.013560210208846025, residual : 32884.32964521509, err[0] : 193.3222215107771, err[1] : 13.486624904583355, err[2] : 0.9127015055591231, qform = -118189238.67158204, dt : 3.1206583976745605
17, cg_err : 0.01131143061004479, residual : 29175.989476073824, err[0] : 193.0480788772915, err[1] : 13.459855403209435, err[2] : 0.9124613715725887, qform = -118196270.45612086, dt : 3.1070821285247803
18, cg_err : 0.010640552057759822, residual : 25531.10481037284, err[0] : 192.79023913061795, err[1] : 13.441815342936595, err[2] : 0.9122358803169147, qform = -118202412.85272115, dt : 3.24312162399292
19, cg_err : 0.007986571331265692, residual : 22357.01823997932, err[0] : 192.63241432114236, err[1] : 13.418997082098187, err[2] : 0.9120631651092459, qform = -118207676.4187555, dt : 2.9970343112945557
20, cg_err : 0.00586766508432585, residual : 19867.54542463264, err[0] : 192.53809652759332, err[1] : 13.398241421834914, err[2] : 0.9119431368394577, qform = -118211555.20124365, dt : 3.0674192905426025
/mnt/home/aduivenvoorden/local/optweight/scripts/paper/planck_filter_pix.py:425: UserWarning: Attempt to set non-positive ylim on a log-scaled axis will be ignored.
  ax.set_ylim(ax.get_ylim())
