Namespace(basedir='/mnt/home/aduivenvoorden/project/actpol/20230621_pcg_planck/planck14', draw_constr=False, test_conv=False, niter_cg=5, niter_mg=20, no_masked_prec=False, pol_mg=False, use_prec_harm=False, noise_scaling=None, no_beam=False, lmax_masked_cg=2000, write_steps=False, apod_icov=True)
fsky T 820869.7894213775
fsky P 820869.7894213775
/mnt/home/aduivenvoorden/local/optweight/scripts/paper/planck_filter_pix_apo.py:188: RuntimeWarning: divide by zero encountered in log10
  np.log10(np.abs(cov_pix[idx,jdx].reshape(minfo.nrow, minfo.nphi[0]))), interpolation='none')
/mnt/home/aduivenvoorden/local/optweight/scripts/paper/planck_filter_pix_apo.py:216: RuntimeWarning: divide by zero encountered in log10
  im = ax.imshow(np.log10(np.abs(icov_pix[idx,jdx].reshape(minfo.nrow, minfo.nphi[0]))),
/mnt/home/aduivenvoorden/local/optweight/scripts/paper/planck_filter_pix_apo.py:268: DeprecationWarning: `product` is deprecated as of NumPy 1.25.0, and will be removed in NumPy 2.0. Please use `prod` instead.
  nl = ainfo.alm2cl(alm_noise[:,None,:], alm_noise[None,:,:])
normal mg
normal pinv
normal cg
/mnt/home/aduivenvoorden/local/optweight/scripts/paper/planck_filter_pix_apo.py:363: DeprecationWarning: `product` is deprecated as of NumPy 1.25.0, and will be removed in NumPy 2.0. Please use `prod` instead.
  ps_c_ell[idx,...] = ainfo.alm2cl(solver.x[:,None,:], solver.x[None,:,:])
1, cg_err : 0.10002730582648521, residual : 223910.32602361863, err[0] : 209.7582094993727, err[1] : 14.578013937560739, err[2] : 0.9118505239638799, qform = -109490128.31438519, dt : 13.529366493225098
2, cg_err : 0.03648001929123849, residual : 139415.53338368252, err[0] : 200.1509848511265, err[1] : 14.066045424402045, err[2] : 0.9116760783928815, qform = -111244355.78583783, dt : 13.498166561126709
3, cg_err : 0.020418347933779075, residual : 65689.26429209128, err[0] : 197.44050795965225, err[1] : 13.930319566554992, err[2] : 0.9116263907901978, qform = -111858342.47662489, dt : 13.506306409835815
4, cg_err : 0.005064099301838023, residual : 36862.220490446874, err[0] : 195.40952026900544, err[1] : 13.574892063017032, err[2] : 0.9115994976112961, qform = -112064633.53616141, dt : 13.559692859649658
5, cg_err : 0.0022037040289645884, residual : 26318.225240911266, err[0] : 194.45332182970688, err[1] : 13.53012491162475, err[2] : 0.9115958272857141, qform = -112121050.2562839, dt : 13.472983121871948
normal pinv 2
normal mg 2
/mnt/home/aduivenvoorden/local/optweight/scripts/paper/planck_filter_pix_apo.py:409: DeprecationWarning: `product` is deprecated as of NumPy 1.25.0, and will be removed in NumPy 2.0. Please use `prod` instead.
  ps_c_ell[idx,...] = ainfo.alm2cl(solver.x[:,None,:], solver.x[None,:,:])
1, cg_err : 0.6054825805283872, residual : 23590.641195717224, err[0] : 191.54790134566315, err[1] : 13.514790993853607, err[2] : 0.9115979779276876, qform = -112137325.41491157, dt : 3.216966152191162
2, cg_err : 0.5634913269097492, residual : 19908.693421462533, err[0] : 188.66817877565518, err[1] : 13.511862827453651, err[2] : 0.9116003444101928, qform = -112147850.06379339, dt : 3.241623878479004
3, cg_err : 0.24974349757696762, residual : 15545.290537645871, err[0] : 185.95470952543545, err[1] : 13.477614780470239, err[2] : 0.9115846173505411, qform = -112159872.71518756, dt : 3.1679203510284424
4, cg_err : 0.12528677346288694, residual : 13099.925190006867, err[0] : 185.1128467063003, err[1] : 13.464206279112393, err[2] : 0.9115812571785933, qform = -112166537.74726488, dt : 3.180126667022705
5, cg_err : 0.08352851095158936, residual : 9988.066704088153, err[0] : 184.93820070449908, err[1] : 13.449328097282912, err[2] : 0.9115780635578172, qform = -112170821.41625987, dt : 3.1910276412963867
6, cg_err : 0.06506203948226341, residual : 7729.810608929837, err[0] : 184.53757169245844, err[1] : 13.439869828815192, err[2] : 0.9115758961722192, qform = -112173228.71069321, dt : 3.1407713890075684
7, cg_err : 0.033777093505613635, residual : 6373.251570979972, err[0] : 183.8899943229733, err[1] : 13.430550513767592, err[2] : 0.9115747706283615, qform = -112175279.23733895, dt : 3.153796672821045
8, cg_err : 0.0376726877626628, residual : 5967.361357389589, err[0] : 183.40451224153875, err[1] : 13.426453872869201, err[2] : 0.9115759062141007, qform = -112176562.5626348, dt : 3.16603422164917
9, cg_err : 0.03817819947202033, residual : 5635.853746187215, err[0] : 182.85072563561295, err[1] : 13.422554125123419, err[2] : 0.9115781535853196, qform = -112178137.0369219, dt : 3.1234381198883057
10, cg_err : 0.028864706344514716, residual : 5054.002853706018, err[0] : 182.4798847639453, err[1] : 13.420784426128698, err[2] : 0.9115802916927465, qform = -112179366.30901349, dt : 3.1645734310150146
11, cg_err : 0.02507666983948519, residual : 4117.117651751684, err[0] : 182.26524302446106, err[1] : 13.421161056307954, err[2] : 0.9115821879342539, qform = -112180500.81285027, dt : 3.211172342300415
12, cg_err : 0.0144564060526737, residual : 3643.9916886754436, err[0] : 182.17021802472783, err[1] : 13.42141073130809, err[2] : 0.9115820108871023, qform = -112181189.36543186, dt : 3.187493085861206
13, cg_err : 0.010060615218894417, residual : 3100.6295063050916, err[0] : 182.09594545569632, err[1] : 13.421936504500113, err[2] : 0.9115807029781952, qform = -112181653.6099982, dt : 3.2034168243408203
14, cg_err : 0.007091722299828796, residual : 2459.473467590047, err[0] : 182.03679792237702, err[1] : 13.423308577195828, err[2] : 0.9115795693667169, qform = -112181995.49463412, dt : 3.1796610355377197
15, cg_err : 0.005395856793013094, residual : 1864.0469519599606, err[0] : 182.02871766029213, err[1] : 13.424473357151665, err[2] : 0.9115785435572535, qform = -112182237.35576797, dt : 3.1817679405212402
16, cg_err : 0.0035143883295762225, residual : 1431.7095736392687, err[0] : 182.0510372004898, err[1] : 13.424829813700557, err[2] : 0.9115778068778899, qform = -112182408.18939188, dt : 3.201359510421753
17, cg_err : 0.002867420944267141, residual : 1252.934456566877, err[0] : 182.06059249941086, err[1] : 13.425334518509736, err[2] : 0.9115774702609951, qform = -112182535.0840379, dt : 3.2123141288757324
18, cg_err : 0.002187389511419591, residual : 1255.9297316203265, err[0] : 182.0421658480631, err[1] : 13.425560899715586, err[2] : 0.9115773178668606, qform = -112182630.11384268, dt : 3.2036588191986084
19, cg_err : 0.0021675342833417533, residual : 1234.0637047459384, err[0] : 182.02170355561313, err[1] : 13.425245047554064, err[2] : 0.9115771533234018, qform = -112182707.69826849, dt : 3.209290027618408
20, cg_err : 0.0026887956934749254, residual : 1218.1145858711488, err[0] : 182.02496158217332, err[1] : 13.424904531115727, err[2] : 0.911577444438805, qform = -112182782.91777432, dt : 3.1783533096313477
/mnt/home/aduivenvoorden/local/optweight/scripts/paper/planck_filter_pix_apo.py:444: UserWarning: Attempt to set non-positive ylim on a log-scaled axis will be ignored.
  ax.set_ylim(ax.get_ylim())
