Namespace(basedir='/mnt/home/aduivenvoorden/project/actpol/20230621_pcg_planck/planck14', draw_constr=False, test_conv=False, niter_cg=5, niter_mg=20, no_masked_prec=False, pol_mg=False, use_prec_harm=False, noise_scaling=None, no_beam=False, lmax_masked_cg=2000, write_steps=False, apod_icov=True)
fsky T 837265.2950389322
fsky P 837265.2950389322
/mnt/home/aduivenvoorden/local/optweight/scripts/paper/planck_filter_pix_apo.py:188: RuntimeWarning: divide by zero encountered in log10
  np.log10(np.abs(cov_pix[idx,jdx].reshape(minfo.nrow, minfo.nphi[0]))), interpolation='none')
/mnt/home/aduivenvoorden/local/optweight/scripts/paper/planck_filter_pix_apo.py:219: RuntimeWarning: divide by zero encountered in log10
  im = ax.imshow(np.log10(np.abs(icov_pix[idx,jdx].reshape(minfo.nrow, minfo.nphi[0]))),
/mnt/home/aduivenvoorden/local/optweight/scripts/paper/planck_filter_pix_apo.py:271: DeprecationWarning: `product` is deprecated as of NumPy 1.25.0, and will be removed in NumPy 2.0. Please use `prod` instead.
  nl = ainfo.alm2cl(alm_noise[:,None,:], alm_noise[None,:,:])
normal mg
normal pinv
normal cg
/mnt/home/aduivenvoorden/local/optweight/scripts/paper/planck_filter_pix_apo.py:366: DeprecationWarning: `product` is deprecated as of NumPy 1.25.0, and will be removed in NumPy 2.0. Please use `prod` instead.
  ps_c_ell[idx,...] = ainfo.alm2cl(solver.x[:,None,:], solver.x[None,:,:])
1, cg_err : 3.606549848377681, residual : 250619.7880794276, err[0] : 309.876511947286, err[1] : 30.390173247807397, err[2] : 0.9229018265869153, qform = -101951473.83111154, dt : 14.887166023254395
2, cg_err : 1.1037668150194535, residual : 229234.4280127054, err[0] : 253.05793132681464, err[1] : 21.72717671738525, err[2] : 0.9176135024755875, qform = -107065210.18822475, dt : 15.393769025802612
3, cg_err : 0.41950973596973445, residual : 207545.69865415958, err[0] : 223.58753785692394, err[1] : 16.226488094909545, err[2] : 0.9132839617509129, qform = -109487914.66806442, dt : 15.039369106292725
4, cg_err : 0.1820700236639072, residual : 192875.44039522178, err[0] : 211.4953597417406, err[1] : 14.81968151024532, err[2] : 0.9121773883869446, qform = -110311558.05453272, dt : 15.356779098510742
5, cg_err : 0.1381798014898776, residual : 176533.95365946126, err[0] : 205.99422519310042, err[1] : 14.415011298873392, err[2] : 0.9119107406566933, qform = -110727780.74884015, dt : 14.916811227798462
normal pinv 2
normal mg 2
/mnt/home/aduivenvoorden/local/optweight/scripts/paper/planck_filter_pix_apo.py:412: DeprecationWarning: `product` is deprecated as of NumPy 1.25.0, and will be removed in NumPy 2.0. Please use `prod` instead.
  ps_c_ell[idx,...] = ainfo.alm2cl(solver.x[:,None,:], solver.x[None,:,:])
1, cg_err : 0.5372579343354988, residual : 169815.58222012207, err[0] : 202.80349190852047, err[1] : 14.069102605035365, err[2] : 0.9118027181699633, qform = -110935066.2980468, dt : 3.100316047668457
2, cg_err : 0.6618765432534711, residual : 150090.98296772028, err[0] : 199.24010493350568, err[1] : 13.968972103408914, err[2] : 0.9117733416649944, qform = -111180436.63319784, dt : 3.0002009868621826
3, cg_err : 0.651930626536169, residual : 116889.776822141, err[0] : 194.85799827435548, err[1] : 14.206388198526742, err[2] : 0.9118952211451067, qform = -111480290.61740357, dt : 3.066403388977051
4, cg_err : 0.6138072624403422, residual : 84603.32890845179, err[0] : 192.16653016601168, err[1] : 14.141818026351759, err[2] : 0.9118621055878606, qform = -111719867.1334907, dt : 3.264960289001465
5, cg_err : 0.20463577378554912, residual : 51680.09801030932, err[0] : 188.555614989779, err[1] : 13.69726620756933, err[2] : 0.9117224011858225, qform = -111953412.757266, dt : 3.1040329933166504
6, cg_err : 0.11607446802363583, residual : 43730.515422542856, err[0] : 187.6925749607513, err[1] : 13.599941073599306, err[2] : 0.9116819646903079, qform = -112007928.3549816, dt : 3.1826725006103516
7, cg_err : 0.11441772051006042, residual : 36651.3751602825, err[0] : 187.24954689098905, err[1] : 13.568264349043735, err[2] : 0.9116422858063598, qform = -112050497.781176, dt : 3.0942516326904297
8, cg_err : 0.06944449445670224, residual : 29409.83369934167, err[0] : 187.02934311195045, err[1] : 13.548410662810584, err[2] : 0.9116036634966211, qform = -112095014.74156259, dt : 3.078035831451416
9, cg_err : 0.043587516808678804, residual : 25815.09927521282, err[0] : 187.0966188079518, err[1] : 13.524384758472946, err[2] : 0.9115886361522775, qform = -112116189.23587048, dt : 3.0557894706726074
10, cg_err : 0.024976293505902036, residual : 22782.519883927263, err[0] : 187.17625718588644, err[1] : 13.499982388319667, err[2] : 0.9115870312899313, qform = -112131267.0898824, dt : 3.18198299407959
11, cg_err : 0.017741824463939286, residual : 20602.002044489578, err[0] : 187.1281450500551, err[1] : 13.492031497777925, err[2] : 0.9115958863663313, qform = -112139690.32923901, dt : 3.305391550064087
12, cg_err : 0.019286297177497552, residual : 18265.690667701743, err[0] : 187.00755524806496, err[1] : 13.488576009497002, err[2] : 0.9116032760293081, qform = -112146414.54971379, dt : 3.004838466644287
13, cg_err : 0.01441703869929934, residual : 15147.671516119693, err[0] : 186.80730240919462, err[1] : 13.483037259541819, err[2] : 0.9116012802774621, qform = -112154271.89190269, dt : 3.1933045387268066
14, cg_err : 0.010857601436494694, residual : 12958.425689779144, err[0] : 186.62269674428936, err[1] : 13.475320592588197, err[2] : 0.9115934352649481, qform = -112159366.0155184, dt : 3.093700408935547
15, cg_err : 0.007998102077843508, residual : 11238.529921679774, err[0] : 186.4218874739766, err[1] : 13.463481563979935, err[2] : 0.911587845093976, qform = -112163268.39515036, dt : 3.1030807495117188
16, cg_err : 0.005974235568986432, residual : 9996.059653847502, err[0] : 186.24501571839653, err[1] : 13.457406797681298, err[2] : 0.9115824150357079, qform = -112166153.33939631, dt : 2.991889238357544
17, cg_err : 0.006178020029152747, residual : 8984.260230271606, err[0] : 186.0936614738605, err[1] : 13.455222405903818, err[2] : 0.9115796328338337, qform = -112168467.29396655, dt : 3.042363405227661
18, cg_err : 0.004285417762065146, residual : 8076.776013878962, err[0] : 185.94236228788765, err[1] : 13.452453937978728, err[2] : 0.9115808382848912, qform = -112170761.75020295, dt : 3.1803057193756104
19, cg_err : 0.002822746966518927, residual : 7516.02296923048, err[0] : 185.84537527220886, err[1] : 13.451364603645079, err[2] : 0.9115799784564415, qform = -112172220.06999487, dt : 3.0490968227386475
20, cg_err : 0.0024437223304929166, residual : 7032.532083343107, err[0] : 185.75480340828398, err[1] : 13.449996778910085, err[2] : 0.9115780948380263, qform = -112173263.26981252, dt : 3.0714123249053955
/mnt/home/aduivenvoorden/local/optweight/scripts/paper/planck_filter_pix_apo.py:447: UserWarning: Attempt to set non-positive ylim on a log-scaled axis will be ignored.
  ax.set_ylim(ax.get_ylim())
