Namespace(basedir='/mnt/home/aduivenvoorden/project/actpol/20230621_pcg_planck/planck11', draw_constr=False, test_conv=False, niter_cg=5, niter_mg=20, no_masked_prec=False, pol_mg=False, use_prec_harm=False, noise_scaling=None, no_beam=False, lmax_masked_cg=2000, write_steps=True)
fsky T 0.7368453611204222
fsky P 0.7606127498302695
normal mg
normal pinv
normal cg
1, cg_err : 3.4608367625207377, residual : 2944361.9776763995, err[0] : 226.29683339145427, err[1] : 44.49199876158039, err[2] : 4.602354780282766, qform = -81659708.0968962, dt : 15.328434705734253
2, cg_err : 0.785265115029104, residual : 1600545.6388049868, err[0] : 206.90433758709958, err[1] : 31.182782854277406, err[2] : 2.7828514183415622, qform = -113249954.17749453, dt : 16.541085481643677
3, cg_err : 0.18748981943933243, residual : 812435.4689216954, err[0] : 206.92027609702237, err[1] : 23.637460931418296, err[2] : 1.5935115527997663, qform = -118362217.26959948, dt : 13.946003437042236
4, cg_err : 0.0790075768744629, residual : 557635.6306134027, err[0] : 206.5097114801495, err[1] : 19.86234072498778, err[2] : 1.2637227519732566, qform = -119417201.15576886, dt : 13.854422569274902
5, cg_err : 0.02657249658338913, residual : 372019.73252957006, err[0] : 205.99553107428807, err[1] : 17.279839904136836, err[2] : 1.0922311304355112, qform = -119931774.59578525, dt : 13.796103477478027
normal pinv 2
normal mg 2
1, cg_err : 0.5595287184797244, residual : 309875.5788695871, err[0] : 200.36564072961227, err[1] : 16.70268217665929, err[2] : 1.0422457169147743, qform = -120068827.86341335, dt : 3.882189989089966
2, cg_err : 0.39135435285710996, residual : 242526.17560176915, err[0] : 194.33346056841245, err[1] : 15.90640228032938, err[2] : 0.9975708879962208, qform = -120187672.649707, dt : 4.4231226444244385
3, cg_err : 0.2713055835137337, residual : 195505.18574178746, err[0] : 193.93459406852367, err[1] : 15.27032144157578, err[2] : 0.9754816500651108, qform = -120264952.82014231, dt : 4.402835369110107
4, cg_err : 0.16984117957576236, residual : 162554.42872857067, err[0] : 195.29814484691448, err[1] : 14.8823080991243, err[2] : 0.9611718685009074, qform = -120314659.37181972, dt : 4.917789936065674
5, cg_err : 0.10326103978358687, residual : 144301.65707533085, err[0] : 197.23215010644265, err[1] : 14.651351656435377, err[2] : 0.9530639662943868, qform = -120343764.45362812, dt : 5.092260360717773
6, cg_err : 0.0874366065152671, residual : 135243.02953728047, err[0] : 202.158046977729, err[1] : 14.417218062754307, err[2] : 0.9504244710667621, qform = -120370060.2657018, dt : 4.498216390609741
7, cg_err : 0.11310282197288042, residual : 125881.84167982425, err[0] : 209.28256470213137, err[1] : 14.320729520866733, err[2] : 0.9466030638969716, qform = -120392381.14418443, dt : 4.312759876251221
8, cg_err : 0.09547676876723919, residual : 119499.0564516181, err[0] : 219.040761000449, err[1] : 14.334552823806229, err[2] : 0.9436422580068645, qform = -120419434.92577371, dt : 4.4382405281066895
9, cg_err : 0.06652943578427861, residual : 118244.59087694231, err[0] : 224.42930732504854, err[1] : 14.378196568510843, err[2] : 0.9431097547995015, qform = -120438147.29176226, dt : 5.140822410583496
10, cg_err : 0.08775262796792781, residual : 117706.1987930599, err[0] : 227.87963051044176, err[1] : 14.37387365979127, err[2] : 0.9432937438603269, qform = -120456428.55915377, dt : 5.336791276931763
11, cg_err : 0.08250360919603789, residual : 116375.69578293711, err[0] : 232.69791167319423, err[1] : 14.328034329146371, err[2] : 0.9431900365494833, qform = -120476779.58235712, dt : 3.9911017417907715
12, cg_err : 0.07006471791516589, residual : 114040.09779943906, err[0] : 238.13456650088227, err[1] : 14.297114360885551, err[2] : 0.942353226051614, qform = -120495651.41361238, dt : 4.586540937423706
13, cg_err : 0.06783252851752589, residual : 108471.47384050522, err[0] : 241.952288297945, err[1] : 14.309126690300639, err[2] : 0.9399759072451193, qform = -120511668.29151025, dt : 4.370608806610107
14, cg_err : 0.061238692417908754, residual : 104231.69291380851, err[0] : 243.45142784433273, err[1] : 14.324007893130888, err[2] : 0.938218868811036, qform = -120526369.38087824, dt : 3.8702385425567627
15, cg_err : 0.05449662870270591, residual : 97204.73449568794, err[0] : 241.8068740251556, err[1] : 14.324684448189116, err[2] : 0.9352764198218108, qform = -120540355.57192975, dt : 4.008471250534058
16, cg_err : 0.05161767168004689, residual : 88489.5051828718, err[0] : 236.62820515991078, err[1] : 14.329688316581635, err[2] : 0.9319746077447424, qform = -120554073.90928857, dt : 3.8829078674316406
17, cg_err : 0.03522195347513823, residual : 83116.51989173131, err[0] : 231.33145540803542, err[1] : 14.334534664697607, err[2] : 0.9303437940400574, qform = -120564067.63910931, dt : 3.9476943016052246
18, cg_err : 0.03507645364892293, residual : 79179.08912392777, err[0] : 226.74774967781516, err[1] : 14.323778448871357, err[2] : 0.9295294323271599, qform = -120572198.97183818, dt : 3.983598232269287
19, cg_err : 0.03297532568463372, residual : 75624.87652119194, err[0] : 222.80527362915248, err[1] : 14.294597989714946, err[2] : 0.9290936144878547, qform = -120580810.25415178, dt : 4.7255942821502686
20, cg_err : 0.029286323313760985, residual : 74449.17734016023, err[0] : 220.1452346419972, err[1] : 14.264830689823217, err[2] : 0.9292709830084307, qform = -120587673.58562134, dt : 5.795132875442505
/mnt/home/aduivenvoorden/local/optweight/scripts/paper/planck_filter_pix.py:381: UserWarning: Attempt to set non-positive ylim on a log-scaled axis will be ignored.
  ax.set_ylim(ax.get_ylim())
