Namespace(basedir='/mnt/home/aduivenvoorden/project/actpol/20230621_pcg_planck/planck13', draw_constr=False, test_conv=False, niter_cg=5, niter_mg=20, no_masked_prec=False, pol_mg=False, use_prec_harm=False, noise_scaling=None, no_beam=False, lmax_masked_cg=2000, write_steps=False, apod_icov=True)
fsky T 820869.7894213775
fsky P 841653.9130172196
/mnt/home/aduivenvoorden/local/optweight/scripts/paper/planck_filter_pix.py:179: RuntimeWarning: divide by zero encountered in log10
  im = ax.imshow(np.log10(np.abs(icov_pix[idx,jdx].reshape(minfo.nrow, minfo.nphi[0]))),
/mnt/home/aduivenvoorden/local/optweight/scripts/paper/planck_filter_pix.py:231: DeprecationWarning: `product` is deprecated as of NumPy 1.25.0, and will be removed in NumPy 2.0. Please use `prod` instead.
  nl = ainfo.alm2cl(alm_noise[:,None,:], alm_noise[None,:,:])
normal mg
normal pinv
normal cg
/mnt/home/aduivenvoorden/local/optweight/scripts/paper/planck_filter_pix.py:326: DeprecationWarning: `product` is deprecated as of NumPy 1.25.0, and will be removed in NumPy 2.0. Please use `prod` instead.
  ps_c_ell[idx,...] = ainfo.alm2cl(solver.x[:,None,:], solver.x[None,:,:])
1, cg_err : 153.57423249092167, residual : 1128497.5612068, err[0] : 362.917232146341, err[1] : 15.019163618644248, err[2] : 0.9120697609896801, qform = -4441.984658557667, dt : 16.994617462158203
2, cg_err : 37.24123444352873, residual : 1129100.9429554523, err[0] : 362.9091183544841, err[1] : 15.036067271968731, err[2] : 0.9121346650749075, qform = -8116.060636726849, dt : 16.717323541641235
3, cg_err : 57.15230174132655, residual : 1129317.6979873856, err[0] : 362.8945432089862, err[1] : 15.09785429550736, err[2] : 0.9124344570401329, qform = -14606.989942654582, dt : 16.53297448158264
4, cg_err : 43.714769686694275, residual : 1129957.3852950353, err[0] : 362.8317079840482, err[1] : 15.374449452462722, err[2] : 0.9137982407573659, qform = -42113.97209641996, dt : 17.12888240814209
5, cg_err : 155.6750839145356, residual : 1133192.4309832766, err[0] : 362.5859271658018, err[1] : 16.293297573050832, err[2] : 0.9185956973256115, qform = -147756.28151951422, dt : 17.007655382156372
normal pinv 2
normal mg 2
/mnt/home/aduivenvoorden/local/optweight/scripts/paper/planck_filter_pix.py:372: DeprecationWarning: `product` is deprecated as of NumPy 1.25.0, and will be removed in NumPy 2.0. Please use `prod` instead.
  ps_c_ell[idx,...] = ainfo.alm2cl(solver.x[:,None,:], solver.x[None,:,:])
1, cg_err : 0.3566815673033489, residual : 1130069.500970978, err[0] : 362.5834466065444, err[1] : 15.750374698554014, err[2] : 0.9160056704996287, qform = -209541.0562631053, dt : 4.482125759124756
2, cg_err : 0.3707079983244966, residual : 1128218.3610566258, err[0] : 362.579616384566, err[1] : 15.29870010059689, err[2] : 0.9137776855517477, qform = -259938.16200603772, dt : 4.481135368347168
3, cg_err : 0.341933762502012, residual : 1127754.787900264, err[0] : 362.5787344421813, err[1] : 15.230708758198869, err[2] : 0.9133904175311535, qform = -267897.5782621777, dt : 4.262720823287964
4, cg_err : 0.12913808394066525, residual : 1127222.0490934062, err[0] : 362.5769717570616, err[1] : 15.120998820329993, err[2] : 0.9127749390609997, qform = -279515.75704150647, dt : 4.4506189823150635
5, cg_err : 0.17894249671751875, residual : 1127209.4060826723, err[0] : 362.57681280607795, err[1] : 15.11586300134446, err[2] : 0.9127499931818102, qform = -280114.94171618996, dt : 4.397725343704224
6, cg_err : 0.04672639140293707, residual : 1126938.0750714543, err[0] : 362.5741631629811, err[1] : 15.05141921203214, err[2] : 0.9123974812709059, qform = -288152.5474468299, dt : 4.283353567123413
7, cg_err : 0.046879933745221765, residual : 1126910.0496167843, err[0] : 362.57030948765606, err[1] : 15.017340595353176, err[2] : 0.9121740777651122, qform = -294280.871971519, dt : 4.435178995132446
8, cg_err : 0.035753676507875025, residual : 1126792.92252589, err[0] : 362.5658825075815, err[1] : 15.006895048227966, err[2] : 0.9121235080472999, qform = -299101.7026396648, dt : 4.368773937225342
9, cg_err : 0.03182130958982479, residual : 1126701.2309496119, err[0] : 362.55948663746113, err[1] : 15.015761589981965, err[2] : 0.912109987200052, qform = -303999.5774864317, dt : 4.420141935348511
10, cg_err : 0.0614606206880388, residual : 1126740.7975992998, err[0] : 362.5459674783719, err[1] : 15.051547293323898, err[2] : 0.9122127655788164, qform = -311768.5714497284, dt : 4.246456861495972
11, cg_err : 0.07798712873929432, residual : 1126893.38454944, err[0] : 362.5201320232112, err[1] : 15.135565184819557, err[2] : 0.9125667574354821, qform = -324940.0175693464, dt : 4.343743562698364
12, cg_err : 0.14213080123034288, residual : 1127203.0465056628, err[0] : 362.4889737396731, err[1] : 15.254444460049024, err[2] : 0.9130952049926712, qform = -339520.68181891297, dt : 4.372956991195679
13, cg_err : 0.3400218207101093, residual : 1128115.504736341, err[0] : 362.38165572475424, err[1] : 15.709091088662365, err[2] : 0.9151189071230622, qform = -387628.4498693399, dt : 4.324023008346558
14, cg_err : 6.568194105037079, residual : 1128550.5024888578, err[0] : 362.33044580110214, err[1] : 15.92149518139687, err[2] : 0.9161299213969522, qform = -410166.48570349667, dt : 4.489922285079956
15, cg_err : 0.3965731705148726, residual : 1129195.3845167325, err[0] : 362.2643899022613, err[1] : 16.170319047232752, err[2] : 0.9175383858355431, qform = -439203.16010157176, dt : 4.5282697677612305
16, cg_err : 0.8263381142049654, residual : 1131540.6024381984, err[0] : 362.04307516759, err[1] : 17.035324431618815, err[2] : 0.922265437754215, qform = -535016.7478505542, dt : 4.473752737045288
17, cg_err : 1.4151966654081187, residual : 1135916.0052861418, err[0] : 361.6016006066522, err[1] : 18.6331916637389, err[2] : 0.9315935822955941, qform = -725212.3826878107, dt : 4.4156458377838135
18, cg_err : 1.7144585153545062, residual : 1142203.7007457498, err[0] : 361.0133058395615, err[1] : 20.531708003875554, err[2] : 0.9446588396869086, qform = -977801.2144460437, dt : 4.280161142349243
19, cg_err : 6.06822480290338, residual : 1153189.510082927, err[0] : 359.9239828760618, err[1] : 23.763573068569166, err[2] : 0.9664716735628719, qform = -1444914.2723409857, dt : 4.151305913925171
20, cg_err : 8.9720324873506, residual : 1156697.522827869, err[0] : 359.5577771989469, err[1] : 24.746187098192614, err[2] : 0.9733469606064657, qform = -1601961.5450535347, dt : 4.368575811386108
/mnt/home/aduivenvoorden/local/optweight/scripts/paper/planck_filter_pix.py:407: UserWarning: Attempt to set non-positive ylim on a log-scaled axis will be ignored.
  ax.set_ylim(ax.get_ylim())
