Namespace(basedir='/mnt/home/aduivenvoorden/project/actpol/20230621_pcg_planck/planck14', draw_constr=False, test_conv=False, niter_cg=5, niter_mg=20, no_masked_prec=False, pol_mg=False, use_prec_harm=False, noise_scaling=None, no_beam=False, lmax_masked_cg=2000, write_steps=False, apod_icov=True)
fsky T 820869.7894213775
fsky P 820869.7894213775
/mnt/home/aduivenvoorden/local/optweight/scripts/paper/planck_filter_pix_apo.py:188: RuntimeWarning: divide by zero encountered in log10
  np.log10(np.abs(cov_pix[idx,jdx].reshape(minfo.nrow, minfo.nphi[0]))), interpolation='none')
/mnt/home/aduivenvoorden/local/optweight/scripts/paper/planck_filter_pix_apo.py:215: RuntimeWarning: divide by zero encountered in log10
  im = ax.imshow(np.log10(np.abs(icov_pix[idx,jdx].reshape(minfo.nrow, minfo.nphi[0]))),
/mnt/home/aduivenvoorden/local/optweight/scripts/paper/planck_filter_pix_apo.py:267: DeprecationWarning: `product` is deprecated as of NumPy 1.25.0, and will be removed in NumPy 2.0. Please use `prod` instead.
  nl = ainfo.alm2cl(alm_noise[:,None,:], alm_noise[None,:,:])
normal mg
normal pinv
normal cg
/mnt/home/aduivenvoorden/local/optweight/scripts/paper/planck_filter_pix_apo.py:362: DeprecationWarning: `product` is deprecated as of NumPy 1.25.0, and will be removed in NumPy 2.0. Please use `prod` instead.
  ps_c_ell[idx,...] = ainfo.alm2cl(solver.x[:,None,:], solver.x[None,:,:])
1, cg_err : 0.09881959034541474, residual : 223469.7337232932, err[0] : 209.78227163434735, err[1] : 13.845984599061415, err[2] : 0.9116017869870848, qform = -109517946.53256294, dt : 21.501572847366333
2, cg_err : 0.035791725344478456, residual : 138562.60761137918, err[0] : 200.2693737481394, err[1] : 13.618853450060742, err[2] : 0.9115835200711997, qform = -111263066.59846471, dt : 21.828346490859985
3, cg_err : 0.020053391932499182, residual : 63917.0777391753, err[0] : 197.6058570424488, err[1] : 13.52370020174423, err[2] : 0.9115741579965998, qform = -111876341.30999504, dt : 21.982142686843872
4, cg_err : 0.0049390617291629815, residual : 36428.48213899634, err[0] : 195.49082457036934, err[1] : 13.44448676631547, err[2] : 0.9115710102523054, qform = -112075531.41709672, dt : 21.861830472946167
5, cg_err : 0.002004867100091931, residual : 25816.291468148655, err[0] : 194.5224556214659, err[1] : 13.413223844611583, err[2] : 0.9115683649129833, qform = -112131777.6746422, dt : 21.747809171676636
normal pinv 2
normal mg 2
/mnt/home/aduivenvoorden/local/optweight/scripts/paper/planck_filter_pix_apo.py:408: DeprecationWarning: `product` is deprecated as of NumPy 1.25.0, and will be removed in NumPy 2.0. Please use `prod` instead.
  ps_c_ell[idx,...] = ainfo.alm2cl(solver.x[:,None,:], solver.x[None,:,:])
1, cg_err : 0.4670965153108514, residual : 22415.530868835, err[0] : 191.1417636547961, err[1] : 13.403318013380867, err[2] : 0.9115658464012703, qform = -112149456.86740316, dt : 4.813520431518555
2, cg_err : 0.3458416706327946, residual : 16735.18157188799, err[0] : 186.81551860036768, err[1] : 13.386187038503461, err[2] : 0.911560481215378, qform = -112165322.43332581, dt : 4.819718360900879
3, cg_err : 0.1612067303196782, residual : 13980.684339326695, err[0] : 185.4238221139041, err[1] : 13.36988904015898, err[2] : 0.9115572298201068, qform = -112174257.27727312, dt : 4.88731837272644
4, cg_err : 0.11746150539278861, residual : 11139.79704221976, err[0] : 185.22380559398317, err[1] : 13.357314033953717, err[2] : 0.9115559207776812, qform = -112178982.19713369, dt : 4.892910718917847
5, cg_err : 0.07233941948476827, residual : 8619.116273810887, err[0] : 185.0191742925113, err[1] : 13.347656765730687, err[2] : 0.9115558978419236, qform = -112181851.81938833, dt : 4.783138275146484
6, cg_err : 0.046640163578330195, residual : 6547.16653296853, err[0] : 184.3316767764732, err[1] : 13.337575789521473, err[2] : 0.9115570182666138, qform = -112184370.55063325, dt : 4.6670379638671875
7, cg_err : 0.037559322422167994, residual : 6084.876279689716, err[0] : 183.8427423211447, err[1] : 13.332426444182893, err[2] : 0.9115582131748526, qform = -112185691.95534606, dt : 4.8968799114227295
8, cg_err : 0.04542732630801044, residual : 5777.004510896374, err[0] : 183.2809004897631, err[1] : 13.327968435941582, err[2] : 0.9115599813222786, qform = -112187176.7686613, dt : 4.913946628570557
9, cg_err : 0.03345255623237293, residual : 5342.8630710818, err[0] : 182.78207001323565, err[1] : 13.325332092220519, err[2] : 0.9115618181305101, qform = -112188622.29657003, dt : 4.82124924659729
10, cg_err : 0.03230644097080092, residual : 4428.963794460798, err[0] : 182.47303320540178, err[1] : 13.325109627731408, err[2] : 0.9115627451978219, qform = -112189751.08967835, dt : 4.829708576202393
11, cg_err : 0.01889523249417995, residual : 3783.4385245093185, err[0] : 182.3167214711405, err[1] : 13.32608616808224, err[2] : 0.9115627960200168, qform = -112190643.44458275, dt : 4.86603307723999
12, cg_err : 0.012131320808890891, residual : 3288.1426304362585, err[0] : 182.22930033267485, err[1] : 13.32748910191129, err[2] : 0.9115620817265507, qform = -112191175.33795677, dt : 4.825393438339233
13, cg_err : 0.008839923414862798, residual : 2652.1512170958395, err[0] : 182.14639893144204, err[1] : 13.329071888339147, err[2] : 0.911560879199371, qform = -112191560.55941899, dt : 4.719844579696655
14, cg_err : 0.0065679623734023335, residual : 2060.1188787972847, err[0] : 182.10154641166292, err[1] : 13.330367193024248, err[2] : 0.9115596463904416, qform = -112191822.20757145, dt : 4.880095481872559
15, cg_err : 0.004455551954709035, residual : 1537.1625658531916, err[0] : 182.1075243544866, err[1] : 13.331340666664886, err[2] : 0.9115584566530792, qform = -112192026.20680606, dt : 4.748778581619263
16, cg_err : 0.003422180732740985, residual : 1274.6792662147566, err[0] : 182.1177402175863, err[1] : 13.331795465351858, err[2] : 0.9115575809159918, qform = -112192162.7730716, dt : 4.758939027786255
17, cg_err : 0.0027210184224303476, residual : 1249.7798866441303, err[0] : 182.1035430974678, err[1] : 13.331875330172897, err[2] : 0.9115568997775239, qform = -112192271.26807104, dt : 4.9510438442230225
18, cg_err : 0.0021931391123267774, residual : 1262.9847677458813, err[0] : 182.07551227347687, err[1] : 13.331599981530259, err[2] : 0.9115564552181041, qform = -112192354.5458582, dt : 4.809112310409546
19, cg_err : 0.0022439197726393, residual : 1212.4394672424507, err[0] : 182.06409484722778, err[1] : 13.330925544378479, err[2] : 0.9115561420715755, qform = -112192441.47960138, dt : 4.7627668380737305
20, cg_err : 0.0017240383652900766, residual : 1148.0159321590638, err[0] : 182.07623916952303, err[1] : 13.33018595716497, err[2] : 0.9115560450665653, qform = -112192510.96102883, dt : 4.885858058929443
/mnt/home/aduivenvoorden/local/optweight/scripts/paper/planck_filter_pix_apo.py:443: UserWarning: Attempt to set non-positive ylim on a log-scaled axis will be ignored.
  ax.set_ylim(ax.get_ylim())
