Namespace(basedir='/mnt/home/aduivenvoorden/project/actpol/20230621_pcg_planck/planck14', draw_constr=False, test_conv=False, niter_cg=10, niter_mg=40, no_masked_prec=False, pol_mg=False, use_prec_harm=False, noise_scaling=None, no_beam=False, lmax_masked_cg=2000, write_steps=False, apod_icov=True)
fsky T 837265.2950389322
fsky P 837265.2950389322
/mnt/home/aduivenvoorden/local/optweight/scripts/paper/planck_filter_pix_apo.py:188: RuntimeWarning: divide by zero encountered in log10
  np.log10(np.abs(cov_pix[idx,jdx].reshape(minfo.nrow, minfo.nphi[0]))), interpolation='none')
/mnt/home/aduivenvoorden/local/optweight/scripts/paper/planck_filter_pix_apo.py:219: RuntimeWarning: divide by zero encountered in log10
  im = ax.imshow(np.log10(np.abs(icov_pix[idx,jdx].reshape(minfo.nrow, minfo.nphi[0]))),
/mnt/home/aduivenvoorden/local/optweight/scripts/paper/planck_filter_pix_apo.py:271: DeprecationWarning: `product` is deprecated as of NumPy 1.25.0, and will be removed in NumPy 2.0. Please use `prod` instead.
  nl = ainfo.alm2cl(alm_noise[:,None,:], alm_noise[None,:,:])
normal mg
normal pinv
normal cg
/mnt/home/aduivenvoorden/local/optweight/scripts/paper/planck_filter_pix_apo.py:366: DeprecationWarning: `product` is deprecated as of NumPy 1.25.0, and will be removed in NumPy 2.0. Please use `prod` instead.
  ps_c_ell[idx,...] = ainfo.alm2cl(solver.x[:,None,:], solver.x[None,:,:])
1, cg_err : 3.6065498483775222, residual : 250619.78807943547, err[0] : 309.8765119473085, err[1] : 30.390173247807162, err[2] : 0.9229018265869365, qform = -101951473.83111554, dt : 13.753367185592651
2, cg_err : 1.1037668150194127, residual : 229234.42801272453, err[0] : 253.0579313268388, err[1] : 21.727176717385046, err[2] : 0.9176135024756208, qform = -107065210.18822958, dt : 13.693401336669922
3, cg_err : 0.4195097359697043, residual : 207545.6986541765, err[0] : 223.5875378569475, err[1] : 16.22648809490938, err[2] : 0.9132839617509461, qform = -109487914.6680691, dt : 13.68709397315979
4, cg_err : 0.18207002366389796, residual : 192875.44039523517, err[0] : 211.4953597417642, err[1] : 14.819681510245099, err[2] : 0.912177388386974, qform = -110311558.05453715, dt : 13.688686847686768
5, cg_err : 0.13817980148987463, residual : 176533.9536594729, err[0] : 205.99422519312327, err[1] : 14.415011298873239, err[2] : 0.9119107406567197, qform = -110727780.748845, dt : 13.712693214416504
6, cg_err : 0.11510250594702559, residual : 149875.3580483612, err[0] : 201.54716137667918, err[1] : 14.341848788491422, err[2] : 0.9118480748656309, qform = -111139177.95416795, dt : 13.638628482818604
7, cg_err : 0.08807434809947591, residual : 122770.53143083493, err[0] : 198.89211997075688, err[1] : 14.161102131169676, err[2] : 0.9118134392893424, qform = -111437684.1443845, dt : 13.628370523452759
8, cg_err : 0.06954162247673706, residual : 95479.86860996776, err[0] : 197.19577103054462, err[1] : 13.980058964435248, err[2] : 0.9118005086818135, qform = -111671594.23184055, dt : 13.766024351119995
9, cg_err : 0.04918946153569799, residual : 70898.90733509568, err[0] : 195.73132891133199, err[1] : 13.853385331631852, err[2] : 0.9117911228820548, qform = -111850716.06991513, dt : 13.836185932159424
10, cg_err : 0.030416781852229284, residual : 52938.93236321996, err[0] : 194.52867030727955, err[1] : 13.740524712187115, err[2] : 0.9117618560038999, qform = -111969900.11352187, dt : 13.765760660171509
normal pinv 2
normal mg 2
/mnt/home/aduivenvoorden/local/optweight/scripts/paper/planck_filter_pix_apo.py:412: DeprecationWarning: `product` is deprecated as of NumPy 1.25.0, and will be removed in NumPy 2.0. Please use `prod` instead.
  ps_c_ell[idx,...] = ainfo.alm2cl(solver.x[:,None,:], solver.x[None,:,:])
1, cg_err : 0.461868796498254, residual : 50830.840892417065, err[0] : 193.63790091443937, err[1] : 13.628523705403179, err[2] : 0.9117143221500814, qform = -112014162.78126934, dt : 3.1243770122528076
2, cg_err : 0.3803617941205317, residual : 46723.49577362273, err[0] : 192.5304158836199, err[1] : 13.569010616601558, err[2] : 0.91165384854856, qform = -112053013.796762, dt : 3.1669061183929443
3, cg_err : 0.27933626266031836, residual : 41951.0261110873, err[0] : 191.4191587509023, err[1] : 13.566264765903837, err[2] : 0.9116226792788484, qform = -112082831.98201877, dt : 3.1076457500457764
4, cg_err : 0.2049383259739012, residual : 36901.343227475045, err[0] : 190.510566792374, err[1] : 13.553247831140784, err[2] : 0.9116124951620942, qform = -112104509.31195614, dt : 3.1417627334594727
5, cg_err : 0.15139371729525933, residual : 31622.444814702852, err[0] : 189.71576178631412, err[1] : 13.534016931029234, err[2] : 0.9116089485632696, qform = -112121033.8590127, dt : 3.1764872074127197
6, cg_err : 0.12259727312161163, residual : 26916.48487954108, err[0] : 189.03229936254522, err[1] : 13.526493116361522, err[2] : 0.9116155501843202, qform = -112132689.69293952, dt : 3.1748030185699463
7, cg_err : 0.11371438067314063, residual : 21893.812432761995, err[0] : 188.30861709098073, err[1] : 13.521156195551898, err[2] : 0.9116266614771783, qform = -112143382.85323994, dt : 3.160116672515869
8, cg_err : 0.09096817624341387, residual : 16935.534917788023, err[0] : 187.61093756268565, err[1] : 13.514344761387386, err[2] : 0.9116229429171048, qform = -112153280.82336934, dt : 3.1450185775756836
9, cg_err : 0.07697304686206288, residual : 13421.722489052241, err[0] : 187.0566728471099, err[1] : 13.50182486131705, err[2] : 0.9116073700833565, qform = -112160383.90708071, dt : 3.1569955348968506
10, cg_err : 0.03130511175916357, residual : 11002.728490933043, err[0] : 186.47456417281788, err[1] : 13.471856267773967, err[2] : 0.9115930931482525, qform = -112166532.91634808, dt : 3.1410410404205322
11, cg_err : 0.019415399525179323, residual : 10322.664126097812, err[0] : 186.30540931601422, err[1] : 13.464216386016128, err[2] : 0.9115887820106844, qform = -112168471.71111812, dt : 3.1663320064544678
12, cg_err : 0.016121055804164404, residual : 9632.300573366452, err[0] : 186.20757598763103, err[1] : 13.461094752148016, err[2] : 0.9115853723700509, qform = -112169995.85296336, dt : 3.1503777503967285
13, cg_err : 0.012656578360621715, residual : 8885.637285952298, err[0] : 186.13598239473495, err[1] : 13.458075066339797, err[2] : 0.9115837630909693, qform = -112171325.45630342, dt : 3.1515676975250244
14, cg_err : 0.009083221092943928, residual : 8185.922815118312, err[0] : 186.0864883657353, err[1] : 13.456355510293582, err[2] : 0.9115817533444311, qform = -112172321.28324404, dt : 3.1617815494537354
15, cg_err : 0.007219697467207824, residual : 7516.563002277839, err[0] : 186.035386677939, err[1] : 13.454410407094633, err[2] : 0.9115790360162199, qform = -112173063.07445562, dt : 3.191358804702759
16, cg_err : 0.007167923255164938, residual : 6848.139367674082, err[0] : 185.97267177521124, err[1] : 13.452658546956059, err[2] : 0.9115789259228582, qform = -112173678.25528157, dt : 3.1708409786224365
17, cg_err : 0.00822945983107811, residual : 6055.413964711589, err[0] : 185.87885184623855, err[1] : 13.45126960777988, err[2] : 0.911579836921707, qform = -112174365.9511343, dt : 3.1586501598358154
18, cg_err : 0.007178948442482204, residual : 5244.149056830641, err[0] : 185.7475564335185, err[1] : 13.448494968646989, err[2] : 0.9115783422594417, qform = -112175142.24126543, dt : 3.1725475788116455
19, cg_err : 0.007222354421773089, residual : 4727.009328867023, err[0] : 185.63428812645773, err[1] : 13.446415319000415, err[2] : 0.9115767806652362, qform = -112175749.84977295, dt : 3.2107672691345215
20, cg_err : 0.004992347884582568, residual : 4409.966832376169, err[0] : 185.5226918965688, err[1] : 13.444397470072515, err[2] : 0.9115758866877157, qform = -112176363.76096693, dt : 3.1685073375701904
21, cg_err : 0.004451178178868458, residual : 4321.780160086294, err[0] : 185.45450493288183, err[1] : 13.44277771690732, err[2] : 0.9115747758022962, qform = -112176765.63267975, dt : 3.1439855098724365
22, cg_err : 0.005043012376629485, residual : 4292.939112520621, err[0] : 185.40264137482583, err[1] : 13.442326336814121, err[2] : 0.9115739993650965, qform = -112177178.09280185, dt : 3.147183418273926
23, cg_err : 0.004674465377098901, residual : 4322.688186271916, err[0] : 185.385505198043, err[1] : 13.442587516126192, err[2] : 0.9115747568582824, qform = -112177630.92531346, dt : 3.1904056072235107
24, cg_err : 0.003852000599547394, residual : 4365.832121944265, err[0] : 185.41539057879567, err[1] : 13.44220529618559, err[2] : 0.9115763582351859, qform = -112178012.6356645, dt : 3.1673502922058105
25, cg_err : 0.00407076672624728, residual : 4382.693214699028, err[0] : 185.4914326491612, err[1] : 13.442428547262713, err[2] : 0.9115774435476542, qform = -112178373.82635863, dt : 3.1454360485076904
26, cg_err : 0.00490849521010791, residual : 4381.864177095163, err[0] : 185.63387252070993, err[1] : 13.443343415829291, err[2] : 0.9115779439919494, qform = -112178776.3881982, dt : 3.133894920349121
27, cg_err : 0.005796247546926415, residual : 4376.972091705069, err[0] : 185.88078673188832, err[1] : 13.44445408244616, err[2] : 0.9115783630934126, qform = -112179246.39971976, dt : 3.135124444961548
28, cg_err : 0.005066938818640474, residual : 4384.33684079981, err[0] : 186.25577976812386, err[1] : 13.445997469302622, err[2] : 0.9115781053923828, qform = -112179778.28223945, dt : 3.1484358310699463
29, cg_err : 0.005366370544910751, residual : 4360.122746046906, err[0] : 186.64589206219162, err[1] : 13.447232338571622, err[2] : 0.9115773850608725, qform = -112180242.7011549, dt : 3.1599886417388916
30, cg_err : 0.004415618151675681, residual : 4308.354474776302, err[0] : 187.06988482298073, err[1] : 13.447770092364426, err[2] : 0.911577530257126, qform = -112180692.78188469, dt : 3.1468539237976074
31, cg_err : 0.004179861002222578, residual : 4200.635553129753, err[0] : 187.46525347065858, err[1] : 13.448907871251812, err[2] : 0.9115776924874748, qform = -112181073.42041709, dt : 3.1780989170074463
32, cg_err : 0.003888256877606669, residual : 4023.4631229563333, err[0] : 187.87144406503796, err[1] : 13.450670555934366, err[2] : 0.9115772988930511, qform = -112181437.74436559, dt : 3.151047945022583
33, cg_err : 0.002984218624681433, residual : 3802.7496855153267, err[0] : 188.2331199127583, err[1] : 13.452127423575687, err[2] : 0.9115777214944484, qform = -112181750.27416, dt : 3.1359455585479736
34, cg_err : 0.0023717728249840215, residual : 3566.503921336095, err[0] : 188.509665411294, err[1] : 13.453619718343425, err[2] : 0.9115787857155129, qform = -112181986.06733845, dt : 3.164616346359253
35, cg_err : 0.00212224830756358, residual : 3290.145548603164, err[0] : 188.75101103600556, err[1] : 13.455015584472868, err[2] : 0.9115792439561337, qform = -112182193.63611849, dt : 3.1747946739196777
36, cg_err : 0.001960433991200859, residual : 2983.992473114197, err[0] : 188.96954984769354, err[1] : 13.45629534477427, err[2] : 0.9115792085028529, qform = -112182380.48769411, dt : 3.143239736557007
37, cg_err : 0.001936840899143758, residual : 2664.5320902204476, err[0] : 189.17611694858851, err[1] : 13.457464781397544, err[2] : 0.9115789930300044, qform = -112182553.18114781, dt : 3.1315853595733643
38, cg_err : 0.0013669342551118164, residual : 2381.2159093112755, err[0] : 189.36592887070657, err[1] : 13.45819405890763, err[2] : 0.9115787911390492, qform = -112182706.43958585, dt : 3.1473605632781982
39, cg_err : 0.001309387230892366, residual : 2148.5725439105086, err[0] : 189.52685569252526, err[1] : 13.459048473043712, err[2] : 0.9115787867458875, qform = -112182827.22192599, dt : 3.189926862716675
40, cg_err : 0.0011341736650091019, residual : 1943.0896710918628, err[0] : 189.6884426521908, err[1] : 13.459830195392668, err[2] : 0.9115782480896267, qform = -112182938.98055883, dt : 3.157773733139038
/mnt/home/aduivenvoorden/local/optweight/scripts/paper/planck_filter_pix_apo.py:447: UserWarning: Attempt to set non-positive ylim on a log-scaled axis will be ignored.
  ax.set_ylim(ax.get_ylim())
