Namespace(basedir='/mnt/home/aduivenvoorden/project/actpol/20230621_pcg_planck/planck13', draw_constr=False, test_conv=False, niter_cg=5, niter_mg=20, no_masked_prec=False, pol_mg=False, use_prec_harm=False, noise_scaling=None, no_beam=False, lmax_masked_cg=2000, write_steps=False, apod_icov=True)
fsky T 820869.7894213775
fsky P 841653.9130172196
/mnt/home/aduivenvoorden/local/optweight/scripts/paper/planck_filter_pix.py:196: RuntimeWarning: divide by zero encountered in log10
  im = ax.imshow(np.log10(np.abs(icov_pix[idx,jdx].reshape(minfo.nrow, minfo.nphi[0]))),
/mnt/home/aduivenvoorden/local/optweight/scripts/paper/planck_filter_pix.py:248: DeprecationWarning: `product` is deprecated as of NumPy 1.25.0, and will be removed in NumPy 2.0. Please use `prod` instead.
  nl = ainfo.alm2cl(alm_noise[:,None,:], alm_noise[None,:,:])
normal mg
normal pinv
normal cg
/mnt/home/aduivenvoorden/local/optweight/scripts/paper/planck_filter_pix.py:343: DeprecationWarning: `product` is deprecated as of NumPy 1.25.0, and will be removed in NumPy 2.0. Please use `prod` instead.
  ps_c_ell[idx,...] = ainfo.alm2cl(solver.x[:,None,:], solver.x[None,:,:])
1, cg_err : 0.049648622461926445, residual : 293028.93126749573, err[0] : 196.39219569771467, err[1] : 16.30995035942482, err[2] : 0.9227029168489234, qform = -115812724.06115624, dt : 15.96390151977539
2, cg_err : 0.003828661011322532, residual : 83479.05154415811, err[0] : 192.56647224855024, err[1] : 14.256779573374928, err[2] : 0.9156160519871678, qform = -117997709.12747534, dt : 16.15854024887085
3, cg_err : 0.0008702845485748881, residual : 38030.02168155393, err[0] : 190.9076152366582, err[1] : 13.753166305451927, err[2] : 0.9130113362508585, qform = -118152387.5543962, dt : 15.672529697418213
4, cg_err : 0.0003033024890416601, residual : 21672.399515465408, err[0] : 190.0849623378014, err[1] : 13.519837953802938, err[2] : 0.9120032612302553, qform = -118184118.4757286, dt : 16.251932859420776
5, cg_err : 0.00013370930650015103, residual : 12413.347129784883, err[0] : 189.30625723773107, err[1] : 13.430823684138275, err[2] : 0.9116196329353673, qform = -118195298.45901929, dt : 16.142869472503662
normal pinv 2
normal mg 2
/mnt/home/aduivenvoorden/local/optweight/scripts/paper/planck_filter_pix.py:389: DeprecationWarning: `product` is deprecated as of NumPy 1.25.0, and will be removed in NumPy 2.0. Please use `prod` instead.
  ps_c_ell[idx,...] = ainfo.alm2cl(solver.x[:,None,:], solver.x[None,:,:])
1, cg_err : 0.3990493340336938, residual : 13304.78342684697, err[0] : 184.98297350257724, err[1] : 13.415203613663206, err[2] : 0.9115865849828105, qform = -118203263.15679455, dt : 3.398263454437256
2, cg_err : 0.6333540486213832, residual : 12104.409417975494, err[0] : 185.8070163665039, err[1] : 13.398038265601894, err[2] : 0.9115526078530831, qform = -118207507.9652925, dt : 3.172159433364868
3, cg_err : 0.447772533122519, residual : 10876.92577389085, err[0] : 187.3932417472437, err[1] : 13.383284935413082, err[2] : 0.911542884286265, qform = -118210726.12345411, dt : 3.0794146060943604
4, cg_err : 0.28850968601136145, residual : 8729.70641114203, err[0] : 187.5440231848079, err[1] : 13.366895507648495, err[2] : 0.9115617085466369, qform = -118214347.7049353, dt : 3.2620553970336914
5, cg_err : 0.1942667912472589, residual : 6986.580990657209, err[0] : 187.300991709977, err[1] : 13.356646805447555, err[2] : 0.9115893070411398, qform = -118216869.41304006, dt : 3.2228121757507324
6, cg_err : 0.1238505452005609, residual : 6114.976257526785, err[0] : 187.0640594013066, err[1] : 13.351129206602135, err[2] : 0.9115976510300189, qform = -118218318.4054254, dt : 3.0435333251953125
7, cg_err : 0.07051706487521314, residual : 5145.377145376541, err[0] : 185.5221759485142, err[1] : 13.347857436526875, err[2] : 0.911589461506507, qform = -118219203.57009323, dt : 3.1037206649780273
8, cg_err : 0.0486195327324168, residual : 4019.887818782569, err[0] : 183.4680865769469, err[1] : 13.345675443193985, err[2] : 0.9115728039648764, qform = -118219771.87475862, dt : 3.0251901149749756
9, cg_err : 0.03122631922718133, residual : 3090.8082927578685, err[0] : 182.3967212207984, err[1] : 13.344088235709183, err[2] : 0.9115567661012305, qform = -118220169.82302281, dt : 3.1312453746795654
10, cg_err : 0.02458985701661811, residual : 2358.2522030408254, err[0] : 181.81800139756527, err[1] : 13.342948607587134, err[2] : 0.9115454729199308, qform = -118220476.43338637, dt : 3.180176019668579
11, cg_err : 0.020874255358090302, residual : 2043.977496929512, err[0] : 181.0086765239819, err[1] : 13.342322683042141, err[2] : 0.9115407309917704, qform = -118220699.7660009, dt : 3.092437744140625
12, cg_err : 0.014391800629716301, residual : 2041.1001821944333, err[0] : 180.9551549649037, err[1] : 13.341926963380464, err[2] : 0.9115396228090165, qform = -118220856.65442225, dt : 3.074105978012085
13, cg_err : 0.0082581126934713, residual : 1988.3471799789677, err[0] : 180.93004121729012, err[1] : 13.341538215692445, err[2] : 0.9115398093338034, qform = -118220971.5702695, dt : 3.2219011783599854
14, cg_err : 0.005959181495299663, residual : 1691.7125791801896, err[0] : 180.84103481292266, err[1] : 13.340966920873939, err[2] : 0.9115406854952449, qform = -118221053.73393075, dt : 3.2369234561920166
15, cg_err : 0.004399601791790558, residual : 1171.9960559778672, err[0] : 180.8431337310145, err[1] : 13.340410732215066, err[2] : 0.9115424480076568, qform = -118221115.91423135, dt : 3.3422608375549316
16, cg_err : 0.0027594463511124616, residual : 764.294796896586, err[0] : 180.89443998305453, err[1] : 13.340049409927415, err[2] : 0.9115446077619356, qform = -118221156.51425166, dt : 3.366192579269409
17, cg_err : 0.0018362478621625788, residual : 655.3916304535611, err[0] : 180.9150185535903, err[1] : 13.33982143092831, err[2] : 0.9115465841905828, qform = -118221181.73064163, dt : 3.0766501426696777
18, cg_err : 0.0013997921633933969, residual : 656.0897571457883, err[0] : 180.8778882513593, err[1] : 13.339633938679968, err[2] : 0.9115481653746195, qform = -118221200.46192914, dt : 3.302194118499756
19, cg_err : 0.0009478613444460394, residual : 644.2245934689988, err[0] : 180.94263575410588, err[1] : 13.339554574377464, err[2] : 0.9115488587014995, qform = -118221214.75911482, dt : 3.0169050693511963
20, cg_err : 0.0007007627096263454, residual : 567.4984106036538, err[0] : 180.90527537493838, err[1] : 13.339621963338555, err[2] : 0.9115484287153239, qform = -118221225.45364617, dt : 3.158200979232788
/mnt/home/aduivenvoorden/local/optweight/scripts/paper/planck_filter_pix.py:424: UserWarning: Attempt to set non-positive ylim on a log-scaled axis will be ignored.
  ax.set_ylim(ax.get_ylim())
