Namespace(basedir='/mnt/home/aduivenvoorden/project/actpol/20230621_pcg_planck/planck11', draw_constr=False, test_conv=False, niter_cg=5, niter_mg=20, no_masked_prec=False, pol_mg=False, use_prec_harm=False, noise_scaling=None, no_beam=False, lmax_masked_cg=2000, write_steps=True)
/mnt/home/aduivenvoorden/local/optweight/scripts/paper/planck_filter_pix.py:136: RuntimeWarning: divide by zero encountered in log10
  im = ax.imshow(np.log10(np.abs(icov_pix[idx,jdx].reshape(minfo.nrow, minfo.nphi[0]))),
fsky T 0.7368453611204222
fsky P 0.7606127498302695
normal mg
normal pinv
normal cg
1, cg_err : 0.06729684150534866, residual : 400536.72997046623, err[0] : 208.25422471318498, err[1] : 16.335885198564654, err[2] : 0.9236692488268858, qform = -132988294.92566523, dt : 17.72895383834839
2, cg_err : 0.006078915656872275, residual : 124139.31651970229, err[0] : 203.4733803179572, err[1] : 14.335988323219443, err[2] : 0.9174033979513155, qform = -136088077.33990029, dt : 18.458103895187378
3, cg_err : 0.0010286207883891502, residual : 50850.89926302984, err[0] : 201.96448386172008, err[1] : 13.65008725815438, err[2] : 0.9139125520184128, qform = -136379936.00162166, dt : 14.003172636032104
4, cg_err : 0.0003173260683095169, residual : 26454.876943193296, err[0] : 201.5991004085828, err[1] : 13.418795483457329, err[2] : 0.9124839832160294, qform = -136436682.89589137, dt : 13.9642813205719
5, cg_err : 0.00016781206576285245, residual : 15185.332266226433, err[0] : 201.3360282498234, err[1] : 13.360992915923596, err[2] : 0.9120338033501452, qform = -136454668.69414994, dt : 13.847816467285156
normal pinv 2
normal mg 2
1, cg_err : 0.43241673384895707, residual : 17801.852898965208, err[0] : 189.72481397934763, err[1] : 13.354146017624982, err[2] : 0.9119996876526997, qform = -136469348.9900074, dt : 3.8176112174987793
2, cg_err : 0.5868037881439055, residual : 16804.228770968508, err[0] : 195.64905472542253, err[1] : 13.33607409556724, err[2] : 0.9119536601830729, qform = -136479885.28111926, dt : 3.881256103515625
3, cg_err : 0.4105312719483013, residual : 14309.969059282283, err[0] : 188.95831669077776, err[1] : 13.31689595952566, err[2] : 0.9119342757872619, qform = -136490452.57997644, dt : 3.8849363327026367
4, cg_err : 0.2607736216952766, residual : 11257.735532592695, err[0] : 189.30126120729327, err[1] : 13.305500923803539, err[2] : 0.9119373876171374, qform = -136497021.59719297, dt : 3.8664278984069824
5, cg_err : 0.11599667882407402, residual : 8844.52273324558, err[0] : 186.831897620283, err[1] : 13.299162539984506, err[2] : 0.9119369338880143, qform = -136500993.33929664, dt : 3.844058036804199
6, cg_err : 0.06769134077781971, residual : 6454.848625880583, err[0] : 187.05594208804803, err[1] : 13.295933314118551, err[2] : 0.9119325278032513, qform = -136502837.31410772, dt : 3.915963649749756
7, cg_err : 0.0336857458944701, residual : 4611.996390418958, err[0] : 184.52415836061866, err[1] : 13.294219895181143, err[2] : 0.9119310729533383, qform = -136503886.94885263, dt : 3.867192029953003
8, cg_err : 0.02344790904238495, residual : 3365.2365635823858, err[0] : 184.61488686491896, err[1] : 13.293141039478536, err[2] : 0.9119341097246482, qform = -136504494.40605608, dt : 3.8549864292144775
9, cg_err : 0.01906325924921559, residual : 3154.2914249052155, err[0] : 183.10822604428517, err[1] : 13.292413424615457, err[2] : 0.9119403374801122, qform = -136504950.68914065, dt : 3.8382837772369385
10, cg_err : 0.015262700277352725, residual : 2917.05080913598, err[0] : 183.2498109903791, err[1] : 13.292049921041965, err[2] : 0.9119457937203057, qform = -136505304.9800321, dt : 3.8575599193573
11, cg_err : 0.00812177528642418, residual : 2645.484668752639, err[0] : 182.6820602921632, err[1] : 13.29193622363869, err[2] : 0.9119469745746505, qform = -136505535.8005529, dt : 3.851801633834839
12, cg_err : 0.00561958394566164, residual : 2081.8273532766198, err[0] : 182.74760101579338, err[1] : 13.291829615095208, err[2] : 0.911943998172952, qform = -136505683.5475609, dt : 3.86928653717041
13, cg_err : 0.0030320389806670865, residual : 1305.5668707944358, err[0] : 182.6939349667586, err[1] : 13.291681565401602, err[2] : 0.9119399200114913, qform = -136505782.28990403, dt : 3.8455111980438232
14, cg_err : 0.002129691250163396, residual : 914.4466508022826, err[0] : 182.6472170297006, err[1] : 13.291534455353691, err[2] : 0.9119371082383356, qform = -136505837.07045257, dt : 3.863852024078369
15, cg_err : 0.001496332119085567, residual : 862.4871790006599, err[0] : 182.7671300952523, err[1] : 13.291405271807978, err[2] : 0.9119354037773928, qform = -136505875.82983655, dt : 3.852895975112915
16, cg_err : 0.0011005844949962703, residual : 888.1006064894, err[0] : 182.7377197700294, err[1] : 13.291323560900926, err[2] : 0.9119347736443534, qform = -136505902.1924156, dt : 3.842236042022705
17, cg_err : 0.0007664525414959718, residual : 790.3820768689158, err[0] : 182.78012337638776, err[1] : 13.291285989137146, err[2] : 0.9119348512856983, qform = -136505922.39312825, dt : 3.8664474487304688
18, cg_err : 0.0005462887537473904, residual : 602.8400910538435, err[0] : 182.8046718739358, err[1] : 13.291291273156729, err[2] : 0.9119354786958408, qform = -136505937.3053026, dt : 3.851895570755005
19, cg_err : 0.00039184189982274537, residual : 428.4718106541538, err[0] : 182.80184833858536, err[1] : 13.291313757645439, err[2] : 0.9119363439778796, qform = -136505947.50098252, dt : 3.8395416736602783
20, cg_err : 0.00027694185157415305, residual : 361.9245350117532, err[0] : 182.77127427933846, err[1] : 13.291321897918886, err[2] : 0.9119371849165775, qform = -136505954.96479893, dt : 3.8793554306030273
/mnt/home/aduivenvoorden/local/optweight/scripts/paper/planck_filter_pix.py:381: UserWarning: Attempt to set non-positive ylim on a log-scaled axis will be ignored.
  ax.set_ylim(ax.get_ylim())
