Namespace(basedir='/mnt/home/aduivenvoorden/project/actpol/20230621_pcg_planck/planck13', draw_constr=False, test_conv=False, niter_cg=5, niter_mg=20, no_masked_prec=False, pol_mg=False, use_prec_harm=False, noise_scaling=None, no_beam=False, lmax_masked_cg=2000, write_steps=False, apod_icov=True)
fsky T 820869.7894213775
fsky P 841653.9130172196
/mnt/home/aduivenvoorden/local/optweight/scripts/paper/planck_filter_pix.py:192: RuntimeWarning: divide by zero encountered in log10
  im = ax.imshow(np.log10(np.abs(icov_pix[idx,jdx].reshape(minfo.nrow, minfo.nphi[0]))),
/mnt/home/aduivenvoorden/local/optweight/scripts/paper/planck_filter_pix.py:244: DeprecationWarning: `product` is deprecated as of NumPy 1.25.0, and will be removed in NumPy 2.0. Please use `prod` instead.
  nl = ainfo.alm2cl(alm_noise[:,None,:], alm_noise[None,:,:])
normal mg
normal pinv
normal cg
/mnt/home/aduivenvoorden/local/optweight/scripts/paper/planck_filter_pix.py:339: DeprecationWarning: `product` is deprecated as of NumPy 1.25.0, and will be removed in NumPy 2.0. Please use `prod` instead.
  ps_c_ell[idx,...] = ainfo.alm2cl(solver.x[:,None,:], solver.x[None,:,:])
1, cg_err : 181.37720173805937, residual : 1128522.6834347292, err[0] : 362.9177582622614, err[1] : 15.0149014611427, err[2] : 0.9120808219870589, qform = -4119.223980622322, dt : 15.81403374671936
2, cg_err : 49.10427552803274, residual : 1129261.0967096447, err[0] : 362.9090793101193, err[1] : 15.02985745267816, err[2] : 0.9121496102079896, qform = -7975.500263182444, dt : 15.999035596847534
3, cg_err : 58.59729724814063, residual : 1129735.9573961578, err[0] : 362.894816785451, err[1] : 15.079075634811334, err[2] : 0.9124315043758285, qform = -14241.717893422245, dt : 15.990640640258789
4, cg_err : 51.79943519354242, residual : 1130096.691502781, err[0] : 362.8287280639461, err[1] : 15.374721372280753, err[2] : 0.9140283394048723, qform = -42896.812338458214, dt : 15.483521938323975
5, cg_err : 170.44022198614715, residual : 1132847.3435524064, err[0] : 362.5018056171509, err[1] : 16.6297603405204, err[2] : 0.9220685919016487, qform = -182414.83615146976, dt : 16.109317302703857
normal pinv 2
normal mg 2
/mnt/home/aduivenvoorden/local/optweight/scripts/paper/planck_filter_pix.py:385: DeprecationWarning: `product` is deprecated as of NumPy 1.25.0, and will be removed in NumPy 2.0. Please use `prod` instead.
  ps_c_ell[idx,...] = ainfo.alm2cl(solver.x[:,None,:], solver.x[None,:,:])
1, cg_err : 0.6430200190871402, residual : 1130242.9311317897, err[0] : 362.49836321948544, err[1] : 15.93058892437513, err[2] : 0.9179438767787124, qform = -259686.06761023626, dt : 3.2228174209594727
2, cg_err : 0.3518349485638237, residual : 1128173.4193102408, err[0] : 362.4950119303465, err[1] : 15.436693606958837, err[2] : 0.9149952335018348, qform = -314285.46873309923, dt : 3.276700973510742
3, cg_err : 1.8599432436529182, residual : 1127676.1683201063, err[0] : 362.49378868391153, err[1] : 15.31726679907331, err[2] : 0.9142167908245231, qform = -327449.4023310337, dt : 3.251185178756714
4, cg_err : 0.8014076463339131, residual : 1127442.11873989, err[0] : 362.4931657610258, err[1] : 15.265491643177512, err[2] : 0.9138155340004501, qform = -333377.06460683857, dt : 3.3558812141418457
5, cg_err : 0.12914686727577848, residual : 1127083.5476237815, err[0] : 362.4920250367466, err[1] : 15.172352372816116, err[2] : 0.9132370385232889, qform = -342866.84089108306, dt : 3.260810375213623
6, cg_err : 0.05246498573577826, residual : 1126748.6674927396, err[0] : 362.4895273600106, err[1] : 15.070638265575154, err[2] : 0.9126173769843864, qform = -354018.1856047889, dt : 3.1656265258789062
7, cg_err : 0.04272637779987586, residual : 1126599.8087645432, err[0] : 362.4862919885121, err[1] : 15.026307116626265, err[2] : 0.9123116260446978, qform = -360773.01169989374, dt : 3.2813644409179688
8, cg_err : 0.03925226065682958, residual : 1126523.0343730953, err[0] : 362.48163216189937, err[1] : 15.003887216309392, err[2] : 0.9121720403035329, qform = -366628.5693356354, dt : 3.2162344455718994
9, cg_err : 0.02858376331792614, residual : 1126428.6900543016, err[0] : 362.477102522061, err[1] : 15.001424101926013, err[2] : 0.912122056478121, qform = -370620.2645254187, dt : 3.0861685276031494
10, cg_err : 0.04949444382799016, residual : 1126407.4014749408, err[0] : 362.4688545038601, err[1] : 15.01536284583406, err[2] : 0.912144243108633, qform = -375766.98407374474, dt : 3.1314196586608887
11, cg_err : 0.05035667818347023, residual : 1126495.35267486, err[0] : 362.4502367015608, err[1] : 15.063636159221048, err[2] : 0.912394817675071, qform = -385686.9051783555, dt : 3.0395078659057617
12, cg_err : 0.10091395895285055, residual : 1126659.2787347336, err[0] : 362.43321140635516, err[1] : 15.121714640705097, err[2] : 0.9126674356826928, qform = -393657.6208678872, dt : 3.1270077228546143
13, cg_err : 1.6878625820880095, residual : 1126715.8785609594, err[0] : 362.42536627241384, err[1] : 15.151384023936053, err[2] : 0.9128271621005049, qform = -397122.6926573957, dt : 3.0830721855163574
14, cg_err : 0.2013402488686555, residual : 1127209.0203816073, err[0] : 362.3669662158872, err[1] : 15.37006745429579, err[2] : 0.913946677528669, qform = -422733.61590452935, dt : 3.096966028213501
15, cg_err : 0.24124049724020044, residual : 1127917.6637646966, err[0] : 362.2994592607474, err[1] : 15.613199043212674, err[2] : 0.9154078663539201, qform = -451482.4887395082, dt : 3.0906152725219727
16, cg_err : 0.4111442009050026, residual : 1128995.4276911686, err[0] : 362.19905841794287, err[1] : 15.99006851490965, err[2] : 0.9176807359809283, qform = -493299.2640272154, dt : 3.0843427181243896
17, cg_err : 0.6815418198454165, residual : 1133046.8745228564, err[0] : 361.82708979944914, err[1] : 17.308017382165318, err[2] : 0.9265102830756928, qform = -646454.4273269974, dt : 3.2277371883392334
18, cg_err : 1.2914419747719974, residual : 1137001.7262351408, err[0] : 361.4900611973135, err[1] : 18.42766424318729, err[2] : 0.9346805504234017, qform = -784245.3671804949, dt : 3.05330491065979
19, cg_err : 9.970532804952775, residual : 1141083.2896576137, err[0] : 361.12177976321243, err[1] : 19.59893755846576, err[2] : 0.9430130774883391, qform = -934432.8954985663, dt : 3.107736825942993
20, cg_err : 1.8555761379068512, residual : 1147097.481395852, err[0] : 360.57208065986873, err[1] : 21.122277806874465, err[2] : 0.9547639045453301, qform = -1158453.8803713368, dt : 3.126325845718384
/mnt/home/aduivenvoorden/local/optweight/scripts/paper/planck_filter_pix.py:420: UserWarning: Attempt to set non-positive ylim on a log-scaled axis will be ignored.
  ax.set_ylim(ax.get_ylim())
