Namespace(basedir='/mnt/home/aduivenvoorden/project/actpol/20230621_pcg_planck/planck06g', draw_constr=False, test_conv=True, niter_cg=15, niter_mg=45, no_masked_prec=False, pol_mg=False, use_prec_harm=False, noise_scaling=None, no_beam=False, lmax_masked_cg=1500, write_steps=False, apod_icov=False, icov_pix_file='/mnt/home/aduivenvoorden/project/actpol/20241008_delensing/icov/dx12_v3_smica_noise_icov.fits', mask_file='/mnt/home/aduivenvoorden/project/actpol/20241008_delensing/icov/mask_2500.fits', no_round_icov=True)
fsky T 0.6702093525588608
fsky P 0.6702093525588608
starting interpolation icov
9.340769529342651
normal mg
normal pinv
normal cg
test_conv
1, cg_err : 0.24467905467509068, residual : 1000902.7775890358, err[0] : 454.42248096951954, err[1] : 6.076708418135291, err[2] : 0.46699585681681205, qform = -460771804.41710705, dt : 15.418113946914673
2, cg_err : 0.08095130254929794, residual : 591276.0413357858, err[0] : 370.29405004767824, err[1] : 5.5733485067314374, err[2] : 0.38119906168875334, qform = -473609815.57031435, dt : 15.408730506896973
3, cg_err : 0.019361786150388235, residual : 383957.24338926584, err[0] : 303.5168378048309, err[1] : 5.075466516306422, err[2] : 0.3455332836776992, qform = -478015683.60108924, dt : 15.394104719161987
4, cg_err : 0.006240963610975954, residual : 262934.1616286058, err[0] : 261.7358341344044, err[1] : 4.606220583320076, err[2] : 0.27518666050404345, qform = -479398398.7624604, dt : 15.454195499420166
5, cg_err : 0.002355490229769735, residual : 180130.6270785973, err[0] : 233.56175881102055, err[1] : 4.197095409662649, err[2] : 0.20061304537562544, qform = -479891385.26559424, dt : 15.34229040145874
6, cg_err : 0.0010531676614647875, residual : 114803.40682941537, err[0] : 213.0747167805021, err[1] : 3.8355648943333347, err[2] : 0.12126258472403499, qform = -480096583.67007744, dt : 15.446301698684692
7, cg_err : 0.000780780897516164, residual : 74265.3644734959, err[0] : 198.96504160483585, err[1] : 3.5256074787530864, err[2] : 0.063843214480279, qform = -480192170.5750195, dt : 15.430619955062866
8, cg_err : 0.0006695839120512638, residual : 57490.690059948975, err[0] : 185.86749253285697, err[1] : 3.2176808142318527, err[2] : 0.04451092465459763, qform = -480260458.4746845, dt : 15.393680810928345
9, cg_err : 0.0006198548971079501, residual : 68621.58610858885, err[0] : 172.1261085868662, err[1] : 2.9170473846821476, err[2] : 0.07181192947812338, qform = -480317168.0604277, dt : 15.459283351898193
10, cg_err : 0.0005309067626209311, residual : 89062.54656109259, err[0] : 154.11289962595038, err[1] : 2.558944648998825, err[2] : 0.1027573260768091, qform = -480383871.7477541, dt : 15.449901342391968
11, cg_err : 0.0004876335456366269, residual : 92368.83253349172, err[0] : 133.43544394723338, err[1] : 2.238737286046577, err[2] : 0.09823991944184036, qform = -480448431.0263759, dt : 15.411461114883423
12, cg_err : 0.0003040400232628335, residual : 78356.28644791813, err[0] : 116.51753099401603, err[1] : 1.9977163480356277, err[2] : 0.07256978099077141, qform = -480497295.06642354, dt : 15.416338682174683
13, cg_err : 0.00016447535851839582, residual : 53027.12259513426, err[0] : 101.67444978493103, err[1] : 1.7748059421219748, err[2] : 0.04505883594584715, qform = -480531740.4102191, dt : 15.486353158950806
14, cg_err : 0.00015661153868394562, residual : 35035.85504149342, err[0] : 90.88849774002584, err[1] : 1.5714952798656487, err[2] : 0.03661007215149612, qform = -480552005.848189, dt : 15.448765993118286
15, cg_err : 0.0001231213705693158, residual : 33547.8572613395, err[0] : 84.25227985457576, err[1] : 1.4133244467041246, err[2] : 0.041294074677763803, qform = -480565058.27323043, dt : 15.47254204750061
normal pinv 2
normal mg 2
1, cg_err : 0.6634877844955812, residual : 30833.43122329869, err[0] : 66.66940486698569, err[1] : 1.3450596943124626, err[2] : 0.029169106343701814, qform = -480590912.8077594, dt : 6.793484449386597
2, cg_err : 0.6805390880493146, residual : 24371.233895940193, err[0] : 49.701380705392566, err[1] : 1.1880720836527563, err[2] : 0.014436092668130169, qform = -480606141.9031426, dt : 6.716982126235962
3, cg_err : 0.5604167002618214, residual : 18552.608108655717, err[0] : 40.47426141029912, err[1] : 0.9761031691773606, err[2] : 0.0013180394131071156, qform = -480618889.15614367, dt : 6.745006799697876
4, cg_err : 0.31016055074161747, residual : 16686.948287278305, err[0] : 36.62455676722876, err[1] : 0.7431256385358613, err[2] : 0.01393850980532293, qform = -480629766.8037536, dt : 6.80828332901001
5, cg_err : 0.21466512896942797, residual : 16470.36873116831, err[0] : 37.83221531271019, err[1] : 0.5804409855610937, err[2] : 0.01797213878959277, qform = -480635741.03418744, dt : 6.770687818527222
6, cg_err : 0.1782126330436231, residual : 14982.361755375332, err[0] : 25.060864784909548, err[1] : 0.4680162202772164, err[2] : 0.0169948943393264, qform = -480639280.4472757, dt : 6.761430501937866
7, cg_err : 0.11699910764830307, residual : 12464.169756111947, err[0] : 21.010356187363218, err[1] : 0.393955201649361, err[2] : 0.013709685296671442, qform = -480641696.8304863, dt : 6.808003187179565
8, cg_err : 0.07156415815994976, residual : 8668.974044669612, err[0] : 16.596497274917322, err[1] : 0.3433465992951918, err[2] : 0.00799071693561516, qform = -480643823.7086402, dt : 6.78289008140564
9, cg_err : 0.051454494461440035, residual : 5718.16061776104, err[0] : 13.63347905698527, err[1] : 0.31822617472495457, err[2] : 0.0018451645161439516, qform = -480645386.5558061, dt : 6.785288333892822
10, cg_err : 0.037884863811156876, residual : 5428.591672815483, err[0] : 11.367778581633127, err[1] : 0.2960932346951103, err[2] : 0.0033549509662053408, qform = -480646564.2431345, dt : 6.730759143829346
11, cg_err : 0.029798240508295017, residual : 6279.818133449388, err[0] : 11.508304906616301, err[1] : 0.26195360991243566, err[2] : 0.006587584257827969, qform = -480647533.8988836, dt : 6.758763313293457
12, cg_err : 0.022229327618620988, residual : 6183.075456027749, err[0] : 8.219264665865463, err[1] : 0.2228898883306014, err[2] : 0.007172222924087895, qform = -480648235.14897835, dt : 6.787632703781128
13, cg_err : 0.014531657837656463, residual : 5053.875930263855, err[0] : 7.009505845200409, err[1] : 0.18678883860832796, err[2] : 0.005768724759218424, qform = -480648731.65924174, dt : 6.747338771820068
14, cg_err : 0.010680333659644733, residual : 3339.0744813143046, err[0] : 7.308421449962213, err[1] : 0.1560317423525963, err[2] : 0.0030693367374294285, qform = -480649100.3859325, dt : 6.812303781509399
15, cg_err : 0.008399404138033513, residual : 2264.7404334877933, err[0] : 6.965229815757582, err[1] : 0.13559927898703814, err[2] : 0.0004587406969913602, qform = -480649352.10638434, dt : 6.806624174118042
16, cg_err : 0.006540610085177217, residual : 2327.5574612185146, err[0] : 4.933812002060047, err[1] : 0.1208057162590064, err[2] : 0.0017198506587448165, qform = -480649541.3714248, dt : 6.80287504196167
17, cg_err : 0.00483567834646981, residual : 2733.3646415207454, err[0] : 4.824366044343571, err[1] : 0.1076335664902879, err[2] : 0.002970310204983476, qform = -480649695.91816425, dt : 6.780946731567383
18, cg_err : 0.0039017137454087224, residual : 2687.6419108623895, err[0] : 5.537169848979982, err[1] : 0.09451111504183651, err[2] : 0.003108601878822794, qform = -480649815.65315205, dt : 6.808666944503784
19, cg_err : 0.0029699270160915025, residual : 2151.617059416139, err[0] : 4.199910465763679, err[1] : 0.08228304666145826, err[2] : 0.0023722502882283685, qform = -480649909.2747608, dt : 6.748944282531738
20, cg_err : 0.00217070309456204, residual : 1406.074497038865, err[0] : 3.173505874285863, err[1] : 0.07211087000909265, err[2] : 0.001098441864219134, qform = -480649984.8434299, dt : 6.7812206745147705
21, cg_err : 0.001611648686086906, residual : 1034.1382715168916, err[0] : 2.57909641046359, err[1] : 0.06488092789883099, err[2] : 0.00018807899183194228, qform = -480650038.73880655, dt : 6.7607176303863525
22, cg_err : 0.001280004614743952, residual : 1153.4523409535498, err[0] : 2.5689521118718615, err[1] : 0.05835557803833898, err[2] : 0.0010424485297399943, qform = -480650080.54072213, dt : 6.796350002288818
23, cg_err : 0.0009898821047301658, residual : 1286.4837586509473, err[0] : 2.4843439755670884, err[1] : 0.051947383137961274, err[2] : 0.001444696740671358, qform = -480650113.0509051, dt : 6.770887613296509
24, cg_err : 0.0008486330935516188, residual : 1180.0795000281244, err[0] : 2.0796977936049266, err[1] : 0.045364009771836605, err[2] : 0.001336104096523744, qform = -480650139.6482993, dt : 6.7383809089660645
25, cg_err : 0.0006516996767048053, residual : 895.3798770419545, err[0] : 1.8069388122308083, err[1] : 0.039952484837584644, err[2] : 0.0008802864041004934, qform = -480650160.5472583, dt : 6.760312557220459
26, cg_err : 0.0004832770061169914, residual : 605.0987583865834, err[0] : 1.4183330469680226, err[1] : 0.03577351937671118, err[2] : 0.00030098496439623764, qform = -480650176.4176279, dt : 6.790984869003296
27, cg_err : 0.00042576580406009855, residual : 514.4915200212474, err[0] : 1.3547421570694105, err[1] : 0.032293712419044836, err[2] : 0.00022465850829309064, qform = -480650187.6950528, dt : 6.804339408874512
28, cg_err : 0.0004538829596035218, residual : 563.0009561163906, err[0] : 1.5028145406191145, err[1] : 0.029431625428764506, err[2] : 0.0005019353672098583, qform = -480650195.2451486, dt : 6.764251232147217
29, cg_err : 0.00031612059663541477, residual : 624.6214633498025, err[0] : 1.0598177174823957, err[1] : 0.026798977079785805, err[2] : 0.0006683527067957151, qform = -480650201.7963101, dt : 6.7564051151275635
30, cg_err : 0.0002425552688390057, residual : 612.0113008717742, err[0] : 1.2102115413584336, err[1] : 0.023867841405021305, err[2] : 0.0006799009366271825, qform = -480650208.3708061, dt : 6.761297702789307
31, cg_err : 0.00017468301998919996, residual : 498.5861962431336, err[0] : 0.9447725640319803, err[1] : 0.021297553099532473, err[2] : 0.000514129151386388, qform = -480650213.9506685, dt : 6.795002460479736
32, cg_err : 0.00013679927708857954, residual : 339.83042818601456, err[0] : 0.710947334017457, err[1] : 0.019011661569164583, err[2] : 0.0002436848677290532, qform = -480650218.2980949, dt : 6.738000869750977
33, cg_err : 0.00011406448556893525, residual : 257.09704475607504, err[0] : 0.6078007016966266, err[1] : 0.017073484164510128, err[2] : 5.251185813305477e-05, qform = -480650221.2712182, dt : 6.809699058532715
34, cg_err : 9.449456436355511e-05, residual : 262.43579378187815, err[0] : 0.6606051557610836, err[1] : 0.015272742099629921, err[2] : 0.00019562271715143742, qform = -480650223.50095326, dt : 6.809768438339233
35, cg_err : 7.40705846554699e-05, residual : 294.0930141067804, err[0] : 0.528637628989111, err[1] : 0.01353371772427023, err[2] : 0.0003017971683635511, qform = -480650225.3600406, dt : 6.734928846359253
36, cg_err : 5.541545936693012e-05, residual : 293.2078477497748, err[0] : 0.48874607139488313, err[1] : 0.011871492180011304, err[2] : 0.00032224637868677296, qform = -480650227.02294123, dt : 6.804026126861572
37, cg_err : 4.224905963317267e-05, residual : 240.00444730350495, err[0] : 0.41538090117875676, err[1] : 0.010447551499426657, err[2] : 0.0002489640934726467, qform = -480650228.41427183, dt : 6.773769378662109
38, cg_err : 3.1955051205519386e-05, residual : 169.9435549476124, err[0] : 0.37473029885728065, err[1] : 0.009324636917456445, err[2] : 0.00013236966647055132, qform = -480650229.40727067, dt : 6.6983888149261475
39, cg_err : 2.387507299441877e-05, residual : 123.97893874266515, err[0] : 0.2868918350050767, err[1] : 0.008251689698675537, err[2] : 2.8960322467369468e-05, qform = -480650230.162005, dt : 6.727330684661865
40, cg_err : 1.7426526333559177e-05, residual : 126.20416215805886, err[0] : 0.25689275361080793, err[1] : 0.007191254799246355, err[2] : 9.842540071841837e-05, qform = -480650230.7621504, dt : 6.749030590057373
41, cg_err : 1.4044359167893931e-05, residual : 139.33463816830988, err[0] : 0.23235764086180105, err[1] : 0.006229061849118302, err[2] : 0.00014488761337270108, qform = -480650231.22548074, dt : 6.804023265838623
42, cg_err : 1.141872216564921e-05, residual : 130.14232889272478, err[0] : 0.28210437715404235, err[1] : 0.0054412498791306845, err[2] : 0.0001401658189279004, qform = -480650231.5866153, dt : 6.718577861785889
43, cg_err : 8.439684451722387e-06, residual : 101.89331807921675, err[0] : 0.21047160313778884, err[1] : 0.004832335614842039, err[2] : 9.848052810316079e-05, qform = -480650231.8660639, dt : 6.770985841751099
44, cg_err : 6.459596741769105e-06, residual : 69.69413537122297, err[0] : 0.14372124172650755, err[1] : 0.004297385228888466, err[2] : 3.997422264251555e-05, qform = -480650232.08158356, dt : 6.816107988357544
45, cg_err : 5.161535844162482e-06, residual : 57.12866040897683, err[0] : 0.13583202035137693, err[1] : 0.003816555870039403, err[2] : 2.245833710582997e-05, qform = -480650232.2371663, dt : 6.787071228027344
/mnt/home/aduivenvoorden/local/optweight/scripts/paper/planck_filter_pix.py:468: UserWarning: Attempt to set non-positive ylim on a log-scaled axis will be ignored.
  ax.set_ylim(ax.get_ylim())
