Namespace(basedir='/mnt/home/aduivenvoorden/project/actpol/20230621_pcg_planck/planck06d', draw_constr=False, test_conv=True, niter_cg=15, niter_mg=45, no_masked_prec=False, pol_mg=False, use_prec_harm=False, noise_scaling=None, no_beam=False, lmax_masked_cg=1500, write_steps=False, apod_icov=False, icov_pix_file='/mnt/home/aduivenvoorden/project/actpol/20241008_delensing/icov/dx12_v3_smica_noise_icov_1dg.fits')
fsky T 820869.7894213775
fsky P 841653.9130172196
/mnt/home/aduivenvoorden/local/optweight/scripts/paper/planck_filter_pix.py:264: DeprecationWarning: `product` is deprecated as of NumPy 1.25.0, and will be removed in NumPy 2.0. Please use `prod` instead.
  nl = ainfo.alm2cl(alm_noise[:,None,:], alm_noise[None,:,:])
normal mg
normal pinv
normal cg
test_conv
/mnt/home/aduivenvoorden/local/optweight/scripts/paper/planck_filter_pix.py:362: DeprecationWarning: `product` is deprecated as of NumPy 1.25.0, and will be removed in NumPy 2.0. Please use `prod` instead.
  ps_c_ell[idx,...] = ainfo.alm2cl(solver.x[:,None,:], solver.x[None,:,:])
1, cg_err : 7.517324025893515, residual : 13417591.97051832, err[0] : 440.0588073565618, err[1] : 65.8015553455115, err[2] : 8.385352266467672, qform = -234932546.61761317, dt : 10.303527355194092
2, cg_err : 7.928701107778297, residual : 10899786.937102834, err[0] : 578.3801348731447, err[1] : 82.10868681871138, err[2] : 8.529475518649004, qform = -663598873.6629168, dt : 10.320369958877563
3, cg_err : 3.9131335151596427, residual : 8162726.41532169, err[0] : 616.2093105833704, err[1] : 63.93542094014173, err[2] : 5.78537691068697, qform = -909264057.116353, dt : 10.211920738220215
4, cg_err : 1.7683703755724003, residual : 5996460.909276306, err[0] : 596.1144806193623, err[1] : 47.01573904940048, err[2] : 3.953132275057682, qform = -1018682833.5501914, dt : 10.250504493713379
5, cg_err : 0.8118980389550317, residual : 4501187.218997563, err[0] : 559.2471875624981, err[1] : 35.8227549423365, err[2] : 2.653329159918126, qform = -1064843991.1754727, dt : 10.243018627166748
6, cg_err : 0.4282880412463581, residual : 3477874.611719633, err[0] : 522.6183514475755, err[1] : 27.854113959559882, err[2] : 1.8581690107761153, qform = -1085490906.4780753, dt : 10.270615339279175
7, cg_err : 0.24020006488066, residual : 2777842.77826545, err[0] : 491.6185472564194, err[1] : 22.047931955886842, err[2] : 1.3797542669634149, qform = -1095560885.4075704, dt : 10.223002672195435
8, cg_err : 0.13005415704153991, residual : 2243275.891294792, err[0] : 462.06191758411455, err[1] : 17.64117168648656, err[2] : 1.0685512944630158, qform = -1101332887.046593, dt : 10.159809112548828
9, cg_err : 0.07556595436990102, residual : 1804892.8704913796, err[0] : 432.1581669679486, err[1] : 14.060005706298433, err[2] : 0.8212716598512703, qform = -1104851907.0660572, dt : 10.132116794586182
10, cg_err : 0.04677317107085452, residual : 1471043.7973044019, err[0] : 405.6100272016607, err[1] : 11.4352900382637, err[2] : 0.6352100377475288, qform = -1106890571.0540154, dt : 10.24347972869873
11, cg_err : 0.029953356782052517, residual : 1216797.6242775242, err[0] : 383.49423597941575, err[1] : 9.573028498806686, err[2] : 0.5015899147481915, qform = -1108094096.352785, dt : 10.237882137298584
12, cg_err : 0.019008829623136138, residual : 1004289.474659184, err[0] : 361.99617413546173, err[1] : 8.126020047457237, err[2] : 0.4114739829742707, qform = -1108907572.9035215, dt : 10.22954773902893
13, cg_err : 0.01251919220779104, residual : 831593.3207053081, err[0] : 341.6516391226958, err[1] : 6.969506381514618, err[2] : 0.3316371008971056, qform = -1109443975.6301985, dt : 10.196970701217651
14, cg_err : 0.008638554069954249, residual : 694194.8401446088, err[0] : 323.3539778687487, err[1] : 6.070189464363197, err[2] : 0.2701877083583086, qform = -1109792758.0985904, dt : 10.227572679519653
15, cg_err : 0.005810255282670217, residual : 585850.575542862, err[0] : 307.74268670629357, err[1] : 5.375309970143188, err[2] : 0.22270128780050158, qform = -1110021199.6539354, dt : 10.223457098007202
normal pinv 2
normal mg 2
/mnt/home/aduivenvoorden/local/optweight/scripts/paper/planck_filter_pix.py:408: DeprecationWarning: `product` is deprecated as of NumPy 1.25.0, and will be removed in NumPy 2.0. Please use `prod` instead.
  ps_c_ell[idx,...] = ainfo.alm2cl(solver.x[:,None,:], solver.x[None,:,:])
1, cg_err : 0.6008847814192873, residual : 550213.0622361383, err[0] : 294.5523235543894, err[1] : 5.098353863602666, err[2] : 0.15762359977605847, qform = -1110130044.0253522, dt : 4.413469552993774
2, cg_err : 0.6082705707764601, residual : 492045.6749207986, err[0] : 256.6354044075704, err[1] : 4.776723643493136, err[2] : 0.17799321431859957, qform = -1110262075.501942, dt : 4.431107759475708
3, cg_err : 0.5408112939013262, residual : 428295.09407545265, err[0] : 213.0117471685831, err[1] : 4.402152202022238, err[2] : 0.1564132869668591, qform = -1110382575.0090117, dt : 4.436667203903198
4, cg_err : 0.4829398078231847, residual : 363366.68247380527, err[0] : 175.37243123124975, err[1] : 4.0388042371113775, err[2] : 0.14642948201693892, qform = -1110491208.1000414, dt : 4.473767518997192
5, cg_err : 0.3838773198219885, residual : 306811.32791679946, err[0] : 153.220419686091, err[1] : 3.724732091661349, err[2] : 0.1321200360898134, qform = -1110578270.271112, dt : 4.426713228225708
6, cg_err : 0.31959697950199395, residual : 256287.9478154791, err[0] : 142.18343187555524, err[1] : 3.470810004964208, err[2] : 0.11783880304171766, qform = -1110649535.6317406, dt : 4.433796167373657
7, cg_err : 0.2624364535501725, residual : 213170.33302404894, err[0] : 135.65606274097516, err[1] : 3.241733645911245, err[2] : 0.10572952926499904, qform = -1110710731.3696203, dt : 4.40265417098999
8, cg_err : 0.22124712761845658, residual : 180310.8360224267, err[0] : 129.45934365791584, err[1] : 3.0329075862528314, err[2] : 0.09579689713226602, qform = -1110759508.0900013, dt : 4.429218292236328
9, cg_err : 0.17502642441725183, residual : 156844.61018041277, err[0] : 122.00146881918256, err[1] : 2.8434101520947257, err[2] : 0.08408409074486424, qform = -1110797738.7858462, dt : 4.40835976600647
10, cg_err : 0.13940848202245754, residual : 141761.45263288417, err[0] : 112.98798961985958, err[1] : 2.67591611027452, err[2] : 0.07663385159673639, qform = -1110828898.4326303, dt : 4.418667793273926
11, cg_err : 0.11813520056797329, residual : 133452.0247706185, err[0] : 102.65325990096055, err[1] : 2.5276478072640924, err[2] : 0.0713438698794142, qform = -1110856513.6110969, dt : 4.462587833404541
12, cg_err : 0.09119500767355823, residual : 131156.72452451495, err[0] : 93.0558204015157, err[1] : 2.4029727842952897, err[2] : 0.06438642672905184, qform = -1110879959.2232244, dt : 4.447312355041504
13, cg_err : 0.07438636531272212, residual : 130411.78812124503, err[0] : 85.81652701480019, err[1] : 2.290926356270539, err[2] : 0.05914829480105459, qform = -1110897900.669206, dt : 4.437695264816284
14, cg_err : 0.06584777089759743, residual : 128870.73387580074, err[0] : 80.30810274924907, err[1] : 2.1757897296410307, err[2] : 0.05436867181352115, qform = -1110913050.9993896, dt : 4.438334941864014
15, cg_err : 0.06214290064841734, residual : 126202.53212679329, err[0] : 76.48899839824477, err[1] : 2.066440300237159, err[2] : 0.05381438247410081, qform = -1110926006.743524, dt : 4.416845798492432
16, cg_err : 0.07029257310183987, residual : 120175.9978043527, err[0] : 73.73438469591264, err[1] : 1.9283348326078487, err[2] : 0.062307503325763056, qform = -1110940536.6612308, dt : 4.444442987442017
17, cg_err : 0.06819977589096034, residual : 106549.75766412236, err[0] : 73.54883878195562, err[1] : 1.712933176903887, err[2] : 0.049524711973136785, qform = -1110959435.0966992, dt : 4.46976900100708
18, cg_err : 0.04328218631702621, residual : 101417.68859004922, err[0] : 74.20789464593946, err[1] : 1.6134937961982274, err[2] : 0.041731614800789296, qform = -1110969126.625098, dt : 4.484856843948364
19, cg_err : 0.0423446052481403, residual : 95840.575463712, err[0] : 73.42818840593286, err[1] : 1.5137613315385419, err[2] : 0.04274468301252465, qform = -1110978852.1994848, dt : 4.467621088027954
20, cg_err : 0.03524718367779604, residual : 91661.24624361291, err[0] : 71.29542964116568, err[1] : 1.422264287361058, err[2] : 0.039332765696782845, qform = -1110987082.1611543, dt : 4.478907823562622
21, cg_err : 0.03559334777809001, residual : 86770.69232844847, err[0] : 67.467390735474, err[1] : 1.3279222051662234, err[2] : 0.038507562992811446, qform = -1110994970.569012, dt : 4.409824371337891
22, cg_err : 0.031439766974420615, residual : 82354.38534631595, err[0] : 62.79406638559484, err[1] : 1.241386867167355, err[2] : 0.03662964771021712, qform = -1111001986.7813637, dt : 4.4630255699157715
23, cg_err : 0.027419978978118886, residual : 77801.9359874235, err[0] : 58.0497114840475, err[1] : 1.1661237433784557, err[2] : 0.03402915350945769, qform = -1111007916.2289183, dt : 4.491934537887573
24, cg_err : 0.02495249461448697, residual : 73034.76405166801, err[0] : 53.196564886747375, err[1] : 1.0942986218981223, err[2] : 0.032890884586469854, qform = -1111013528.6752877, dt : 4.432281732559204
25, cg_err : 0.02330266988881652, residual : 68041.47812727238, err[0] : 48.69421938750779, err[1] : 1.0274178595450156, err[2] : 0.03256324641355582, qform = -1111018967.8076603, dt : 4.442819118499756
26, cg_err : 0.01889658128859125, residual : 63037.30820197055, err[0] : 45.43143033246297, err[1] : 0.9667422071839022, err[2] : 0.029137837477841263, qform = -1111023629.966471, dt : 4.38702130317688
27, cg_err : 0.016873219784876606, residual : 58268.53662835988, err[0] : 43.25563074369975, err[1] : 0.9131109165473166, err[2] : 0.027083716848021022, qform = -1111027448.2966895, dt : 4.3797526359558105
28, cg_err : 0.016780871773905026, residual : 53624.91044686816, err[0] : 41.45391593427495, err[1] : 0.8643462652244656, err[2] : 0.026650755736406476, qform = -1111031143.323791, dt : 4.490493535995483
29, cg_err : 0.013920587480487053, residual : 49971.33548512884, err[0] : 39.916107932506506, err[1] : 0.8241206394247144, err[2] : 0.024577138938927864, qform = -1111034514.876977, dt : 4.487229824066162
30, cg_err : 0.011553709852986089, residual : 47235.14665075198, err[0] : 38.57436810894388, err[1] : 0.7894435377109449, err[2] : 0.022568572696124712, qform = -1111037261.1630318, dt : 4.364848852157593
31, cg_err : 0.009838649964864056, residual : 45228.05543255162, err[0] : 37.23131033370428, err[1] : 0.7577810917273302, err[2] : 0.020610755044765547, qform = -1111039710.581068, dt : 4.434878349304199
32, cg_err : 0.008734223152927064, residual : 43887.75812364261, err[0] : 36.09754050414337, err[1] : 0.7321519139413035, err[2] : 0.01892459920866413, qform = -1111041628.2184415, dt : 4.492695569992065
33, cg_err : 0.008350864762692855, residual : 42383.92718664478, err[0] : 35.06664072384473, err[1] : 0.7064796508733704, err[2] : 0.019977821322393584, qform = -1111043320.1898913, dt : 4.453644752502441
34, cg_err : 0.00781255627878089, residual : 39276.91947952017, err[0] : 33.84664464547371, err[1] : 0.667395503100031, err[2] : 0.018205903683923948, qform = -1111045287.8083496, dt : 4.388647794723511
35, cg_err : 0.006592760861367111, residual : 36872.25649804166, err[0] : 32.730224243567406, err[1] : 0.6375523538019615, err[2] : 0.01636764889985858, qform = -1111046716.3193562, dt : 4.443489074707031
36, cg_err : 0.006184005667763926, residual : 34594.60257230627, err[0] : 31.14986363822034, err[1] : 0.6069247760882579, err[2] : 0.015843139500562674, qform = -1111048104.90353, dt : 4.411951065063477
37, cg_err : 0.005148405232470087, residual : 32889.78336949685, err[0] : 29.519757270839495, err[1] : 0.5805504607974243, err[2] : 0.014415563067773942, qform = -1111049169.1507523, dt : 4.422657489776611
38, cg_err : 0.005012303271904754, residual : 31002.026644817528, err[0] : 27.474425175491145, err[1] : 0.5518989048119982, err[2] : 0.014110777355339664, qform = -1111050185.7396429, dt : 4.458928346633911
39, cg_err : 0.004437055563591056, residual : 29251.856075793083, err[0] : 25.136300919373518, err[1] : 0.5223618307091068, err[2] : 0.013493582522581872, qform = -1111051144.9350574, dt : 4.4070820808410645
40, cg_err : 0.0037386903559169377, residual : 27694.199311905453, err[0] : 22.873476195999203, err[1] : 0.49475957152319294, err[2] : 0.012450002848799113, qform = -1111051961.2827673, dt : 4.419273614883423
41, cg_err : 0.0032623244954477415, residual : 26284.090828266468, err[0] : 20.677436675653617, err[1] : 0.46753260678234426, err[2] : 0.011829094835700174, qform = -1111052692.5487099, dt : 4.493829250335693
42, cg_err : 0.003160848974383961, residual : 24854.742533709657, err[0] : 18.49168270106215, err[1] : 0.43969565584119696, err[2] : 0.01175233911208612, qform = -1111053399.0492415, dt : 4.468206405639648
43, cg_err : 0.002587274754878833, residual : 23506.319703811558, err[0] : 16.585574897767025, err[1] : 0.4127676503795523, err[2] : 0.010766698461738815, qform = -1111054041.728599, dt : 4.458319664001465
44, cg_err : 0.002190024935386232, residual : 22260.06553387423, err[0] : 15.16850362241777, err[1] : 0.38900303444200374, err[2] : 0.009835037617358763, qform = -1111054555.748392, dt : 4.396051645278931
45, cg_err : 0.0022570972143093537, residual : 20950.468133861268, err[0] : 13.927042040981407, err[1] : 0.3654651420050423, err[2] : 0.00981254727723581, qform = -1111055040.0541775, dt : 4.462509632110596
/mnt/home/aduivenvoorden/local/optweight/scripts/paper/planck_filter_pix.py:443: UserWarning: Attempt to set non-positive ylim on a log-scaled axis will be ignored.
  ax.set_ylim(ax.get_ylim())
