Namespace(basedir='/mnt/home/aduivenvoorden/project/actpol/20230621_pcg_planck/planck13', draw_constr=False, test_conv=False, niter_cg=5, niter_mg=20, no_masked_prec=False, pol_mg=False, use_prec_harm=False, noise_scaling=None, no_beam=False, lmax_masked_cg=2000, write_steps=False, apod_icov=True)
fsky T 820869.7894213775
fsky P 841653.9130172196
/mnt/home/aduivenvoorden/local/optweight/scripts/paper/planck_filter_pix.py:199: RuntimeWarning: divide by zero encountered in log10
  im = ax.imshow(np.log10(np.abs(icov_pix[idx,jdx].reshape(minfo.nrow, minfo.nphi[0]))),
/mnt/home/aduivenvoorden/local/optweight/scripts/paper/planck_filter_pix.py:251: DeprecationWarning: `product` is deprecated as of NumPy 1.25.0, and will be removed in NumPy 2.0. Please use `prod` instead.
  nl = ainfo.alm2cl(alm_noise[:,None,:], alm_noise[None,:,:])
normal mg
normal pinv
normal cg
/mnt/home/aduivenvoorden/local/optweight/scripts/paper/planck_filter_pix.py:346: DeprecationWarning: `product` is deprecated as of NumPy 1.25.0, and will be removed in NumPy 2.0. Please use `prod` instead.
  ps_c_ell[idx,...] = ainfo.alm2cl(solver.x[:,None,:], solver.x[None,:,:])
1, cg_err : 49.013955225707214, residual : 1130249.680234303, err[0] : 362.90579901947376, err[1] : 15.005828012210001, err[2] : 0.9120326826334874, qform = -9053.891156738107, dt : 15.527721881866455
2, cg_err : 411.60574019069395, residual : 1131151.6001465174, err[0] : 362.7582749433158, err[1] : 15.548799569572196, err[2] : 0.9150408336074598, qform = -71650.8383217122, dt : 15.613827228546143
3, cg_err : 329.65565780140844, residual : 1135295.9463440331, err[0] : 362.4585314969797, err[1] : 16.728364352819987, err[2] : 0.9235624985187247, qform = -198835.2981367073, dt : 15.433910369873047
4, cg_err : 1200.6106652187693, residual : 1146010.0098118624, err[0] : 361.3274089607339, err[1] : 20.42580177779134, err[2] : 0.9487707016530718, qform = -677860.860435525, dt : 15.828157186508179
5, cg_err : 2656.882135843762, residual : 1169280.185968616, err[0] : 359.2584055286341, err[1] : 26.077785950908243, err[2] : 0.9886413142816106, qform = -1556263.5431529677, dt : 15.826592445373535
normal pinv 2
normal mg 2
/mnt/home/aduivenvoorden/local/optweight/scripts/paper/planck_filter_pix.py:392: DeprecationWarning: `product` is deprecated as of NumPy 1.25.0, and will be removed in NumPy 2.0. Please use `prod` instead.
  ps_c_ell[idx,...] = ainfo.alm2cl(solver.x[:,None,:], solver.x[None,:,:])
1, cg_err : 0.33585095909917373, residual : 1148737.8337605374, err[0] : 359.240057923727, err[1] : 22.804157187926716, err[2] : 0.9649731533221532, qform = -2092834.9792696433, dt : 3.1477253437042236
2, cg_err : 0.20332098606031115, residual : 1131752.950485991, err[0] : 359.2195972387389, err[1] : 18.741349327563718, err[2] : 0.9381914312272241, qform = -2643560.6508464254, dt : 3.1237921714782715
3, cg_err : 0.18968585862484896, residual : 1122833.1582492283, err[0] : 359.2106948770259, err[1] : 16.828662719307708, err[2] : 0.9227959780829591, qform = -2860395.6578741716, dt : 3.275275707244873
4, cg_err : 0.06327376310942413, residual : 1119874.6768793417, err[0] : 359.20740984090565, err[1] : 16.152370579012487, err[2] : 0.9195313102342099, qform = -2938340.003082958, dt : 3.315821409225464
5, cg_err : 0.030026005571925002, residual : 1117826.9034691204, err[0] : 359.20395332007257, err[1] : 15.627296732228336, err[2] : 0.9160844746142958, qform = -2995945.4753751704, dt : 3.022085666656494
6, cg_err : 0.014966916396650636, residual : 1115281.7567116055, err[0] : 359.2006078657245, err[1] : 15.331780073046032, err[2] : 0.9147515033122483, qform = -3033465.8346654153, dt : 3.0562119483947754
7, cg_err : 0.008255310041231331, residual : 1114105.4153625094, err[0] : 359.19620285761624, err[1] : 15.097659471348805, err[2] : 0.9136160702688277, qform = -3062680.9178229836, dt : 3.1260979175567627
8, cg_err : 0.00388045022553622, residual : 1113735.336229788, err[0] : 359.1933480253705, err[1] : 15.008370902807934, err[2] : 0.9131644641875561, qform = -3073890.0207706494, dt : 3.195364236831665
9, cg_err : 0.004577916126804611, residual : 1113576.4035835217, err[0] : 359.1903594504195, err[1] : 14.971088396859892, err[2] : 0.9129706068030335, qform = -3080165.761893561, dt : 3.1150121688842773
10, cg_err : 0.002758540181450648, residual : 1113367.572639995, err[0] : 359.18488869803235, err[1] : 14.935230905228826, err[2] : 0.9127419615198475, qform = -3088378.615011755, dt : 3.2171292304992676
11, cg_err : 0.0017917826984080558, residual : 1113261.1152716067, err[0] : 359.1789193893827, err[1] : 14.922172011769344, err[2] : 0.912594247952773, qform = -3094393.3679429097, dt : 3.1637303829193115
12, cg_err : 0.0043518361658874665, residual : 1113217.1159046604, err[0] : 359.16628911822335, err[1] : 14.941464915190585, err[2] : 0.9126341375599298, qform = -3102839.1801669616, dt : 3.1492116451263428
13, cg_err : 0.004343147501656402, residual : 1113226.3852170426, err[0] : 359.1502438843401, err[1] : 14.976732076154198, err[2] : 0.9128106030796317, qform = -3112370.764665022, dt : 3.057980537414551
14, cg_err : 0.005720648279861379, residual : 1113293.6402713624, err[0] : 359.11864117382066, err[1] : 15.058195387044297, err[2] : 0.9130317786593641, qform = -3129192.716008937, dt : 3.101149320602417
15, cg_err : 0.008950687607711836, residual : 1113437.5561646367, err[0] : 359.08644789311023, err[1] : 15.14516856785944, err[2] : 0.9134747909529393, qform = -3145057.529341611, dt : 3.05686092376709
16, cg_err : 0.006764830132542842, residual : 1113734.2069953633, err[0] : 359.0352882003748, err[1] : 15.291757872426484, err[2] : 0.9141718996343494, qform = -3169233.9853490335, dt : 3.1083920001983643
17, cg_err : 0.014392331235889101, residual : 1114241.013493978, err[0] : 358.95888702884963, err[1] : 15.532495882428705, err[2] : 0.9152398816896057, qform = -3203129.4475143296, dt : 3.121154546737671
18, cg_err : 0.014045079056034545, residual : 1115108.1271544786, err[0] : 358.8411093511437, err[1] : 15.885897091038224, err[2] : 0.9168284125098924, qform = -3254037.2436445295, dt : 3.0555362701416016
19, cg_err : 0.05326927742913313, residual : 1117027.2969817806, err[0] : 358.6450662799179, err[1] : 16.515844867834193, err[2] : 0.9202686617001016, qform = -3336826.6615883363, dt : 3.0060746669769287
20, cg_err : 0.038247705377934, residual : 1119794.3233922266, err[0] : 358.39498935385353, err[1] : 17.230198696882745, err[2] : 0.9240633459644401, qform = -3441560.888523574, dt : 3.2051665782928467
/mnt/home/aduivenvoorden/local/optweight/scripts/paper/planck_filter_pix.py:427: UserWarning: Attempt to set non-positive ylim on a log-scaled axis will be ignored.
  ax.set_ylim(ax.get_ylim())
