Namespace(basedir='/mnt/home/aduivenvoorden/project/actpol/20230621_pcg_planck/planck14', draw_constr=False, test_conv=False, niter_cg=10, niter_mg=40, no_masked_prec=False, pol_mg=False, use_prec_harm=False, noise_scaling=None, no_beam=False, lmax_masked_cg=2000, write_steps=False, apod_icov=True)
fsky T 837265.2950389322
fsky P 837265.2950389322
/mnt/home/aduivenvoorden/local/optweight/scripts/paper/planck_filter_pix_apo.py:188: RuntimeWarning: divide by zero encountered in log10
  np.log10(np.abs(cov_pix[idx,jdx].reshape(minfo.nrow, minfo.nphi[0]))), interpolation='none')
/mnt/home/aduivenvoorden/local/optweight/scripts/paper/planck_filter_pix_apo.py:219: RuntimeWarning: divide by zero encountered in log10
  im = ax.imshow(np.log10(np.abs(icov_pix[idx,jdx].reshape(minfo.nrow, minfo.nphi[0]))),
/mnt/home/aduivenvoorden/local/optweight/scripts/paper/planck_filter_pix_apo.py:271: DeprecationWarning: `product` is deprecated as of NumPy 1.25.0, and will be removed in NumPy 2.0. Please use `prod` instead.
  nl = ainfo.alm2cl(alm_noise[:,None,:], alm_noise[None,:,:])
normal mg
normal pinv
normal cg
/mnt/home/aduivenvoorden/local/optweight/scripts/paper/planck_filter_pix_apo.py:366: DeprecationWarning: `product` is deprecated as of NumPy 1.25.0, and will be removed in NumPy 2.0. Please use `prod` instead.
  ps_c_ell[idx,...] = ainfo.alm2cl(solver.x[:,None,:], solver.x[None,:,:])
1, cg_err : 3.409328425130508, residual : 241542.62412193965, err[0] : 310.52359674287504, err[1] : 25.95527739209642, err[2] : 0.9199803112891379, qform = -102316512.05927901, dt : 15.330198764801025
2, cg_err : 1.0684442167278592, residual : 225514.48674298692, err[0] : 253.07267717259143, err[1] : 20.04750660076673, err[2] : 0.9164039705829109, qform = -107186843.58305612, dt : 15.121071577072144
3, cg_err : 0.4070844273416654, residual : 206823.2149234796, err[0] : 223.60534477567566, err[1] : 15.852818197316832, err[2] : 0.913085974244675, qform = -109507223.30613412, dt : 15.537639856338501
4, cg_err : 0.18105721051257126, residual : 192429.79541017752, err[0] : 211.4756590928625, err[1] : 14.667365721177642, err[2] : 0.9121647081778408, qform = -110317697.21315676, dt : 15.603476285934448
5, cg_err : 0.13915912707509356, residual : 175810.9695118625, err[0] : 205.9741167370935, err[1] : 14.278158241246295, err[2] : 0.9118980282902867, qform = -110734477.56522676, dt : 15.849684238433838
6, cg_err : 0.114224269165008, residual : 148767.7901889063, err[0] : 201.58640252242063, err[1] : 14.165280608486823, err[2] : 0.9118241787044333, qform = -111148108.7965933, dt : 15.57354736328125
7, cg_err : 0.08772745575119303, residual : 121778.37396233367, err[0] : 198.95440975883042, err[1] : 14.031429265325773, err[2] : 0.9117981798540271, qform = -111444091.4249362, dt : 15.19628620147705
8, cg_err : 0.06882217537787239, residual : 94661.57367917293, err[0] : 197.25021370477373, err[1] : 13.898316680302047, err[2] : 0.9117796615045861, qform = -111675779.08798642, dt : 15.230676412582397
9, cg_err : 0.04863114015444568, residual : 70333.47378259813, err[0] : 195.76272383427386, err[1] : 13.801218975709544, err[2] : 0.9117660473927081, qform = -111853087.93645081, dt : 15.62007474899292
10, cg_err : 0.030155512190887867, residual : 52532.75779932004, err[0] : 194.55090136367497, err[1] : 13.704772014233297, err[2] : 0.9117271989889942, qform = -111971233.8676862, dt : 15.136362314224243
normal pinv 2
normal mg 2
/mnt/home/aduivenvoorden/local/optweight/scripts/paper/planck_filter_pix_apo.py:412: DeprecationWarning: `product` is deprecated as of NumPy 1.25.0, and will be removed in NumPy 2.0. Please use `prod` instead.
  ps_c_ell[idx,...] = ainfo.alm2cl(solver.x[:,None,:], solver.x[None,:,:])
1, cg_err : 0.4618251874519263, residual : 50562.13374189504, err[0] : 193.6407559049521, err[1] : 13.623608396096806, err[2] : 0.9116914046386203, qform = -112015106.08535387, dt : 3.228041648864746
2, cg_err : 0.3809306285760679, residual : 46492.98116976262, err[0] : 192.52966501078927, err[1] : 13.564373451512827, err[2] : 0.9116420558123259, qform = -112053666.94152156, dt : 3.142298698425293
3, cg_err : 0.2808517478182819, residual : 41709.714444378005, err[0] : 191.41629608304189, err[1] : 13.550529202027725, err[2] : 0.9116208190296876, qform = -112083300.46090585, dt : 3.1268110275268555
4, cg_err : 0.20553609150381205, residual : 36677.662690610545, err[0] : 190.49871099536585, err[1] : 13.53851821773618, err[2] : 0.9116143060588683, qform = -112104849.34755832, dt : 3.102560520172119
5, cg_err : 0.15235038382622992, residual : 31430.313020308065, err[0] : 189.69507723533425, err[1] : 13.526218732907154, err[2] : 0.9116112463162612, qform = -112121354.32952602, dt : 3.0724034309387207
6, cg_err : 0.12233933358321582, residual : 26772.844962694995, err[0] : 189.01636904896333, err[1] : 13.519371693210964, err[2] : 0.9116170758309603, qform = -112132938.3980972, dt : 2.931203842163086
7, cg_err : 0.11275186722032303, residual : 21786.3484267653, err[0] : 188.30620999192908, err[1] : 13.516072369412282, err[2] : 0.9116264175291554, qform = -112143492.13546623, dt : 3.123572826385498
8, cg_err : 0.0915330575485954, residual : 16867.472845540375, err[0] : 187.62599480571572, err[1] : 13.508676911324768, err[2] : 0.9116211269140331, qform = -112153237.59482442, dt : 3.1998770236968994
9, cg_err : 0.07739178851021948, residual : 13352.695574427937, err[0] : 187.08136487458165, err[1] : 13.492220642714308, err[2] : 0.911605661639546, qform = -112160309.32907125, dt : 3.293667793273926
10, cg_err : 0.031950174078533594, residual : 10934.486026259056, err[0] : 186.49329122690526, err[1] : 13.469037691592247, err[2] : 0.9115938306624949, qform = -112166513.24444789, dt : 3.1500048637390137
11, cg_err : 0.01926594185407125, residual : 10268.760860869908, err[0] : 186.32190097463496, err[1] : 13.462397129233489, err[2] : 0.911590178336625, qform = -112168453.54898329, dt : 3.0562665462493896
12, cg_err : 0.01602731953125162, residual : 9590.258103475528, err[0] : 186.22259091085346, err[1] : 13.458138178961143, err[2] : 0.9115859913680979, qform = -112169955.29500973, dt : 3.1150665283203125
13, cg_err : 0.012779324009780052, residual : 8851.010066082701, err[0] : 186.14819755512775, err[1] : 13.45526907347453, err[2] : 0.9115826434643461, qform = -112171264.22160324, dt : 3.0721240043640137
14, cg_err : 0.009163567600088757, residual : 8152.01053827523, err[0] : 186.0950346550311, err[1] : 13.453503102226954, err[2] : 0.9115797532664224, qform = -112172261.28865941, dt : 3.070348024368286
15, cg_err : 0.007297167081285467, residual : 7484.292447981332, err[0] : 186.0405982919409, err[1] : 13.451719978873248, err[2] : 0.9115771449751754, qform = -112173008.65091205, dt : 3.178023099899292
16, cg_err : 0.0071551905256682655, residual : 6823.189486336263, err[0] : 185.97594109027133, err[1] : 13.45030514945508, err[2] : 0.9115770451897002, qform = -112173621.30700232, dt : 3.126596212387085
17, cg_err : 0.008177621941240937, residual : 6037.922538741304, err[0] : 185.88117264059056, err[1] : 13.44857772733578, err[2] : 0.9115779704989853, qform = -112174298.91104452, dt : 3.15401291847229
18, cg_err : 0.007306076718155146, residual : 5225.124908343389, err[0] : 185.74821362958625, err[1] : 13.445943597105565, err[2] : 0.9115768105970945, qform = -112175070.71263635, dt : 3.0159900188446045
19, cg_err : 0.0072881627382558635, residual : 4709.782436702049, err[0] : 185.6341085858107, err[1] : 13.443873449169828, err[2] : 0.9115755901348401, qform = -112175678.29372507, dt : 3.2100861072540283
20, cg_err : 0.005083942851225716, residual : 4392.877166459029, err[0] : 185.52062032309843, err[1] : 13.441732805837438, err[2] : 0.9115758593371357, qform = -112176301.61040753, dt : 3.0335798263549805
21, cg_err : 0.004420142552898723, residual : 4307.871708773093, err[0] : 185.45365819125104, err[1] : 13.440404129083063, err[2] : 0.9115757985825677, qform = -112176701.6655494, dt : 3.043958902359009
22, cg_err : 0.00504519672754428, residual : 4279.101619548631, err[0] : 185.40435873416644, err[1] : 13.439892963537924, err[2] : 0.9115750832793895, qform = -112177110.13691458, dt : 3.1421427726745605
23, cg_err : 0.0047940285328832355, residual : 4309.071382026437, err[0] : 185.39051258809945, err[1] : 13.439876540665907, err[2] : 0.9115753029760413, qform = -112177562.42672156, dt : 3.1106789112091064
24, cg_err : 0.003919116978889859, residual : 4355.212606524481, err[0] : 185.42403476637102, err[1] : 13.439774843214675, err[2] : 0.9115764227844307, qform = -112177947.77366972, dt : 3.1956732273101807
25, cg_err : 0.004103071312954657, residual : 4372.866209923609, err[0] : 185.50460968939046, err[1] : 13.439965948524977, err[2] : 0.9115767987328406, qform = -112178312.77745073, dt : 3.192683458328247
26, cg_err : 0.004894701650372143, residual : 4369.2010801955485, err[0] : 185.64972297989945, err[1] : 13.440633484275855, err[2] : 0.9115763220767072, qform = -112178713.70557246, dt : 3.0318844318389893
27, cg_err : 0.005782305807652495, residual : 4359.484577684805, err[0] : 185.8934665876994, err[1] : 13.44200364666136, err[2] : 0.9115756284499373, qform = -112179175.74518666, dt : 3.0753560066223145
28, cg_err : 0.005232253626165687, residual : 4362.705496558033, err[0] : 186.27118703484808, err[1] : 13.44351497190549, err[2] : 0.9115748631336085, qform = -112179712.09464677, dt : 3.140622138977051
29, cg_err : 0.005438613147835071, residual : 4338.607413811204, err[0] : 186.66304850404407, err[1] : 13.444357170308296, err[2] : 0.9115748610972965, qform = -112180179.11517762, dt : 3.1233370304107666
30, cg_err : 0.0044191732470811726, residual : 4288.704922862216, err[0] : 187.08995904010115, err[1] : 13.445363996072425, err[2] : 0.9115757967902257, qform = -112180633.78024481, dt : 3.1321065425872803
31, cg_err : 0.004138243250769316, residual : 4184.1176759606715, err[0] : 187.47645286311237, err[1] : 13.44658274000614, err[2] : 0.9115766416350005, qform = -112181007.67189318, dt : 3.134275436401367
32, cg_err : 0.00391321221768351, residual : 4004.8499516860043, err[0] : 187.87690160880692, err[1] : 13.44810331150089, err[2] : 0.9115774842358022, qform = -112181368.44104867, dt : 3.0337789058685303
33, cg_err : 0.0030799969223545436, residual : 3779.350084473465, err[0] : 188.24188258884854, err[1] : 13.449612095706284, err[2] : 0.9115788020532115, qform = -112181684.2576585, dt : 3.1555349826812744
34, cg_err : 0.002393658782558556, residual : 3543.114374867906, err[0] : 188.52148768281054, err[1] : 13.451069619750006, err[2] : 0.9115797418285393, qform = -112181921.80104169, dt : 3.099339246749878
35, cg_err : 0.0021026433312258, residual : 3268.5438694240447, err[0] : 188.7635048936528, err[1] : 13.45253710197683, err[2] : 0.911579587050657, qform = -112182128.35662371, dt : 3.16654372215271
36, cg_err : 0.0019436621300640004, residual : 2966.324786278199, err[0] : 188.98081977141737, err[1] : 13.45382240981215, err[2] : 0.9115787180973297, qform = -112182312.60726182, dt : 3.1406326293945312
37, cg_err : 0.0019477045458873607, residual : 2651.357103142402, err[0] : 189.18531341678582, err[1] : 13.454922759698961, err[2] : 0.9115778321829684, qform = -112182482.49900633, dt : 3.0079143047332764
38, cg_err : 0.0014078050810491997, residual : 2363.4845526458066, err[0] : 189.37908606984652, err[1] : 13.455772748969299, err[2] : 0.9115774449801248, qform = -112182638.19428962, dt : 3.0859405994415283
39, cg_err : 0.0013100001770312486, residual : 2133.9881022004647, err[0] : 189.53921464437624, err[1] : 13.456543357439756, err[2] : 0.9115775835152623, qform = -112182758.26929449, dt : 3.1985177993774414
40, cg_err : 0.0011206820622310866, residual : 1931.1419769110341, err[0] : 189.6994868485232, err[1] : 13.457408815242058, err[2] : 0.9115774602504049, qform = -112182869.4048965, dt : 3.0285167694091797
/mnt/home/aduivenvoorden/local/optweight/scripts/paper/planck_filter_pix_apo.py:447: UserWarning: Attempt to set non-positive ylim on a log-scaled axis will be ignored.
  ax.set_ylim(ax.get_ylim())
