Namespace(basedir='/mnt/home/aduivenvoorden/project/actpol/20230621_pcg_planck/planck06', draw_constr=False, test_conv=True, niter_cg=15, niter_mg=45, no_masked_prec=False, pol_mg=False, use_prec_harm=False, noise_scaling=0.02, no_beam=False, lmax_masked_cg=1500, write_steps=False, apod_icov=False)
fsky T 820869.7894213775
fsky P 841653.9130172196
/mnt/home/aduivenvoorden/local/optweight/scripts/paper/planck_filter_pix.py:254: DeprecationWarning: `product` is deprecated as of NumPy 1.25.0, and will be removed in NumPy 2.0. Please use `prod` instead.
  nl = ainfo.alm2cl(alm_noise[:,None,:], alm_noise[None,:,:])
normal mg
normal pinv
normal cg
test_conv
/mnt/home/aduivenvoorden/local/optweight/scripts/paper/planck_filter_pix.py:352: DeprecationWarning: `product` is deprecated as of NumPy 1.25.0, and will be removed in NumPy 2.0. Please use `prod` instead.
  ps_c_ell[idx,...] = ainfo.alm2cl(solver.x[:,None,:], solver.x[None,:,:])
1, cg_err : 14.92983109667712, residual : 47898830.61203924, err[0] : 1691.9577991881051, err[1] : 18.09971846448274, err[2] : 2.1008316090176757, qform = -1995084446.9144022, dt : 8.058190107345581
2, cg_err : 12.109107210006265, residual : 37219357.54583581, err[0] : 2588.4771197189298, err[1] : 16.46525088877467, err[2] : 3.327284322557283, qform = -3502052299.135921, dt : 8.399078607559204
3, cg_err : 7.036276124897418, residual : 24417486.0742115, err[0] : 2765.927145553018, err[1] : 15.961110738637407, err[2] : 4.385768617780549, qform = -4780848512.321913, dt : 8.044297695159912
4, cg_err : 3.527275221331882, residual : 17410145.140547205, err[0] : 2428.6454577022487, err[1] : 15.451850247134287, err[2] : 4.816599788377907, qform = -5431665065.539488, dt : 8.275399684906006
5, cg_err : 1.7388592738585265, residual : 12874541.938336605, err[0] : 2074.3528739953854, err[1] : 14.609679626893834, err[2] : 4.920409194877999, qform = -5821284097.51164, dt : 8.262254238128662
6, cg_err : 1.2027529611639067, residual : 11291412.391825791, err[0] : 1829.9869723939294, err[1] : 13.98517708104941, err[2] : 4.899000396498214, qform = -5983342504.223089, dt : 8.142062425613403
7, cg_err : 0.6683992788285378, residual : 9635953.707791645, err[0] : 1566.0742579814955, err[1] : 13.218632871343452, err[2] : 4.785586904699129, qform = -6099091678.789543, dt : 8.282007455825806
8, cg_err : 0.4093095195969476, residual : 8248562.732508328, err[0] : 1350.9153859277103, err[1] : 12.462557898363581, err[2] : 4.61917638981285, qform = -6180191931.496324, dt : 8.296343088150024
9, cg_err : 0.2326263344277136, residual : 7242422.780621259, err[0] : 1212.47564762027, err[1] : 11.829313193577724, err[2] : 4.436295766119553, qform = -6230633058.44353, dt : 8.215275287628174
10, cg_err : 0.20722100910343644, residual : 6401595.585147975, err[0] : 1113.6616657544757, err[1] : 11.288063236559406, err[2] : 4.239742742103831, qform = -6260200770.274731, dt : 8.158817052841187
11, cg_err : 0.10190900108432756, residual : 5802573.679638594, err[0] : 1060.0117898917974, err[1] : 10.968352146370332, err[2] : 4.101383766436795, qform = -6274663400.02122, dt : 8.501248598098755
12, cg_err : 0.0761719311683414, residual : 4994560.275844949, err[0] : 985.4253526404582, err[1] : 10.463302118988759, err[2] : 3.816664687300113, qform = -6290233543.117909, dt : 8.29638409614563
13, cg_err : 0.05953901597378476, residual : 4294694.4972672695, err[0] : 949.9323994311216, err[1] : 9.989352381936907, err[2] : 3.5144768302392566, qform = -6300546822.185091, dt : 8.311623334884644
14, cg_err : 0.04378799765620431, residual : 3712797.8076657667, err[0] : 942.8647225400974, err[1] : 9.599505862164188, err[2] : 3.24635174659173, qform = -6307019448.846188, dt : 8.270945310592651
15, cg_err : 0.03331656162709251, residual : 3191908.9388572862, err[0] : 933.6829349935764, err[1] : 9.213610301136004, err[2] : 2.9553571339699585, qform = -6312109409.779142, dt : 8.222527265548706
normal pinv 2
normal mg 2
/mnt/home/aduivenvoorden/local/optweight/scripts/paper/planck_filter_pix.py:398: DeprecationWarning: `product` is deprecated as of NumPy 1.25.0, and will be removed in NumPy 2.0. Please use `prod` instead.
  ps_c_ell[idx,...] = ainfo.alm2cl(solver.x[:,None,:], solver.x[None,:,:])
1, cg_err : 2.9241813717032072, residual : 2744337.859971426, err[0] : 752.0098543593184, err[1] : 8.846185779391893, err[2] : 2.573145550560941, qform = -6317120177.992053, dt : 3.0661821365356445
2, cg_err : 1.5984229604044184, residual : 2371886.2261957903, err[0] : 750.9410779279481, err[1] : 8.658858981780634, err[2] : 2.356371808006959, qform = -6319326535.539525, dt : 2.93149995803833
3, cg_err : 1.3403965881544542, residual : 2073349.9600831266, err[0] : 710.2496525494851, err[1] : 8.460379075756276, err[2] : 2.116853297290609, qform = -6321102200.299997, dt : 3.0066099166870117
4, cg_err : 0.7111336596439326, residual : 1545501.7749976905, err[0] : 664.2760974295115, err[1] : 8.136264114696603, err[2] : 1.6899025621032626, qform = -6323574248.087916, dt : 2.935250759124756
5, cg_err : 0.592184521349137, residual : 1131717.3986875685, err[0] : 668.1956844209927, err[1] : 7.853584323362303, err[2] : 1.2872528637350806, qform = -6325351172.590445, dt : 2.9069743156433105
6, cg_err : 0.33718937738468446, residual : 896947.2653020541, err[0] : 652.2798830431764, err[1] : 7.702963048855027, err[2] : 1.0681777203657077, qform = -6326157075.057841, dt : 2.968534231185913
7, cg_err : 0.21659937205997987, residual : 717480.0581776554, err[0] : 656.5512047832257, err[1] : 7.5504593455874085, err[2] : 0.8639209479176763, qform = -6326762866.260134, dt : 2.830493450164795
8, cg_err : 0.1182994505871127, residual : 593376.8326436394, err[0] : 648.7360026035886, err[1] : 7.3780057981483855, err[2] : 0.6569081847714443, qform = -6327264470.459216, dt : 2.929386854171753
9, cg_err : 0.10643902120394452, residual : 497061.3824597098, err[0] : 651.8056438649086, err[1] : 7.156284543333874, err[2] : 0.43364408770919016, qform = -6327712794.486633, dt : 2.862165689468384
10, cg_err : 0.08411339128208338, residual : 424933.8126505755, err[0] : 651.4348658453528, err[1] : 6.974733936766331, err[2] : 0.2910265873043349, qform = -6328004420.6669655, dt : 2.8383700847625732
11, cg_err : 0.06256280292314113, residual : 353479.51588873693, err[0] : 637.7643912198835, err[1] : 6.763857413415922, err[2] : 0.20974565368284634, qform = -6328278594.2834835, dt : 2.9589171409606934
12, cg_err : 0.05816511902177225, residual : 330657.4888497511, err[0] : 622.4684804880181, err[1] : 6.634163397440989, err[2] : 0.2122906403934763, qform = -6328411629.4805, dt : 2.9104530811309814
13, cg_err : 0.030422277584290128, residual : 291948.2434221746, err[0] : 599.2524947463447, err[1] : 6.452848837183938, err[2] : 0.24294604471326728, qform = -6328563944.220078, dt : 2.853944778442383
14, cg_err : 0.032939255841241286, residual : 288482.07347885234, err[0] : 585.0509836264232, err[1] : 6.221745400197758, err[2] : 0.26891420211561695, qform = -6328708186.446814, dt : 2.8518402576446533
15, cg_err : 0.092018217547675, residual : 309772.6682491717, err[0] : 577.6021734515567, err[1] : 6.093061924686744, err[2] : 0.27258961430037604, qform = -6328774974.353678, dt : 2.9739105701446533
16, cg_err : 0.02704573902971397, residual : 272818.81573533174, err[0] : 564.0693008206922, err[1] : 5.935062544779171, err[2] : 0.2748785028441768, qform = -6328855600.159724, dt : 2.777086019515991
17, cg_err : 0.02709677015766763, residual : 263731.1685945305, err[0] : 515.7631536402336, err[1] : 5.624016132484908, err[2] : 0.25249060225627273, qform = -6328997474.498835, dt : 3.01637864112854
18, cg_err : 0.02164297279547086, residual : 246290.3761290472, err[0] : 476.25297009554026, err[1] : 5.3936484297805825, err[2] : 0.22264583391606363, qform = -6329099679.83034, dt : 2.8517916202545166
19, cg_err : 0.017420131066743245, residual : 218560.81370598666, err[0] : 442.35019641665923, err[1] : 5.158923437711568, err[2] : 0.18070543685146528, qform = -6329199848.624323, dt : 2.875183343887329
20, cg_err : 0.0126166283769447, residual : 189190.02963591475, err[0] : 419.44253793798634, err[1] : 4.97631013738221, err[2] : 0.14570130024456693, qform = -6329273518.675775, dt : 2.9882278442382812
21, cg_err : 0.015432133354746523, residual : 172499.78431875227, err[0] : 402.20492015907104, err[1] : 4.813552014805743, err[2] : 0.11845046390174395, qform = -6329331598.978451, dt : 3.0204429626464844
22, cg_err : 0.016040667159391828, residual : 163829.3222051379, err[0] : 394.1760964798901, err[1] : 4.744081431803909, err[2] : 0.11006790339382584, qform = -6329354276.048956, dt : 2.8216981887817383
23, cg_err : 0.007466568535130515, residual : 131728.8222954249, err[0] : 387.03593439930944, err[1] : 4.616663469349025, err[2] : 0.1011592920548003, qform = -6329392742.042351, dt : 3.054199695587158
24, cg_err : 0.005753883046079146, residual : 115914.50179940548, err[0] : 378.1103669987562, err[1] : 4.479076192324806, err[2] : 0.09688137570056031, qform = -6329427626.191406, dt : 2.966090679168701
25, cg_err : 0.00713808889439931, residual : 114385.94699823341, err[0] : 370.0631960960894, err[1] : 4.358657213397515, err[2] : 0.09328687272162378, qform = -6329453019.403788, dt : 2.8822877407073975
26, cg_err : 0.01208834439723865, residual : 118104.8188787456, err[0] : 367.50150861094454, err[1] : 4.307202055352792, err[2] : 0.0911368276459632, qform = -6329462659.127736, dt : 2.9515469074249268
27, cg_err : 0.008814512991292052, residual : 112351.22745964432, err[0] : 362.07082621160237, err[1] : 4.227292347366505, err[2] : 0.08780431443136376, qform = -6329476914.228072, dt : 3.0018396377563477
28, cg_err : 0.004401808400619932, residual : 99004.11397490348, err[0] : 360.09267228149304, err[1] : 4.1670901793199455, err[2] : 0.08492376351125544, qform = -6329486975.639149, dt : 2.886112689971924
29, cg_err : 0.0029793859655052155, residual : 91515.42317729909, err[0] : 351.2263038835447, err[1] : 4.023410962984623, err[2] : 0.07505120049686582, qform = -6329508190.672787, dt : 2.8881402015686035
30, cg_err : 0.0028950928714268935, residual : 87769.85283330505, err[0] : 337.3572123009868, err[1] : 3.8772630255397638, err[2] : 0.06438079260966954, qform = -6329527183.779216, dt : 2.7809786796569824
31, cg_err : 0.0021122935625082166, residual : 77465.12180896272, err[0] : 322.11737115848643, err[1] : 3.749764894025959, err[2] : 0.057806330309445084, qform = -6329542287.09898, dt : 3.093817949295044
32, cg_err : 0.0020899958344601653, residual : 71531.73937924785, err[0] : 315.26800443379534, err[1] : 3.650766334894871, err[2] : 0.053488705329312186, qform = -6329552550.925531, dt : 2.8956656455993652
33, cg_err : 0.0028161544350906137, residual : 68381.38868069989, err[0] : 311.3056669811709, err[1] : 3.571005679050018, err[2] : 0.050297457296630835, qform = -6329559896.90212, dt : 2.849982261657715
34, cg_err : 0.0015441129760463033, residual : 58402.284037652425, err[0] : 307.0883201282879, err[1] : 3.510708993689201, err[2] : 0.04855655452905032, qform = -6329565077.46425, dt : 2.9296064376831055
35, cg_err : 0.0014878573083939152, residual : 53649.74108311397, err[0] : 294.0347061503711, err[1] : 3.4272287165998057, err[2] : 0.04539543884615218, qform = -6329571353.234739, dt : 2.8368937969207764
36, cg_err : 0.0016712199193334007, residual : 51792.74726421091, err[0] : 288.0431509899577, err[1] : 3.368858836062575, err[2] : 0.043080998156471095, qform = -6329575272.266943, dt : 2.874703884124756
37, cg_err : 0.0021202256961347825, residual : 50251.252495493085, err[0] : 284.11349965574595, err[1] : 3.2961446387925197, err[2] : 0.04062201414569576, qform = -6329579767.037882, dt : 3.005404472351074
38, cg_err : 0.0012430385744153798, residual : 46546.86342928556, err[0] : 283.69300288620855, err[1] : 3.2730362422985193, err[2] : 0.03997802777888993, qform = -6329581116.640949, dt : 2.901867628097534
39, cg_err : 0.001249219782479307, residual : 47722.754862538895, err[0] : 278.76518587399215, err[1] : 3.196208078936464, err[2] : 0.037299088365867636, qform = -6329585175.645639, dt : 2.9648756980895996
40, cg_err : 0.001149098226769649, residual : 47609.28983243735, err[0] : 278.0686614623811, err[1] : 3.1625884198602106, err[2] : 0.036175922118031834, qform = -6329586813.343116, dt : 2.873190402984619
41, cg_err : 0.0007495522111673178, residual : 40610.980131764416, err[0] : 271.04407486548376, err[1] : 3.0697735620571014, err[2] : 0.033690503235214234, qform = -6329591007.257778, dt : 2.9339091777801514
42, cg_err : 0.0006411513278442295, residual : 38963.069796451746, err[0] : 266.96239884547913, err[1] : 2.9921506438439835, err[2] : 0.03231500557739802, qform = -6329594185.195424, dt : 2.8296995162963867
43, cg_err : 0.0005416721515586273, residual : 37529.91803660876, err[0] : 260.98770730444164, err[1] : 2.908769754119137, err[2] : 0.030962981278742866, qform = -6329597266.72441, dt : 3.097203493118286
44, cg_err : 0.0005038978315468368, residual : 34501.56760456293, err[0] : 256.41083551906974, err[1] : 2.826970119434385, err[2] : 0.0294868525643784, qform = -6329599989.67099, dt : 2.9487531185150146
45, cg_err : 0.00044265455802714625, residual : 32042.027995096236, err[0] : 254.74201963453427, err[1] : 2.7480378561542453, err[2] : 0.02795010415966981, qform = -6329602376.267669, dt : 2.866454601287842
/mnt/home/aduivenvoorden/local/optweight/scripts/paper/planck_filter_pix.py:433: UserWarning: Attempt to set non-positive ylim on a log-scaled axis will be ignored.
  ax.set_ylim(ax.get_ylim())
