Namespace(basedir='/mnt/home/aduivenvoorden/project/actpol/20230621_pcg_planck/planck13', draw_constr=False, test_conv=False, niter_cg=5, niter_mg=20, no_masked_prec=False, pol_mg=False, use_prec_harm=False, noise_scaling=None, no_beam=False, lmax_masked_cg=2000, write_steps=False, apod_icov=True)
fsky T 820869.7894213775
fsky P 841653.9130172196
/mnt/home/aduivenvoorden/local/optweight/scripts/paper/planck_filter_pix.py:200: RuntimeWarning: divide by zero encountered in log10
  im = ax.imshow(np.log10(np.abs(icov_pix[idx,jdx].reshape(minfo.nrow, minfo.nphi[0]))),
/mnt/home/aduivenvoorden/local/optweight/scripts/paper/planck_filter_pix.py:252: DeprecationWarning: `product` is deprecated as of NumPy 1.25.0, and will be removed in NumPy 2.0. Please use `prod` instead.
  nl = ainfo.alm2cl(alm_noise[:,None,:], alm_noise[None,:,:])
normal mg
normal pinv
normal cg
/mnt/home/aduivenvoorden/local/optweight/scripts/paper/planck_filter_pix.py:347: DeprecationWarning: `product` is deprecated as of NumPy 1.25.0, and will be removed in NumPy 2.0. Please use `prod` instead.
  ps_c_ell[idx,...] = ainfo.alm2cl(solver.x[:,None,:], solver.x[None,:,:])
1, cg_err : 0.053877305051217295, residual : 291815.1216821658, err[0] : 196.62416791930056, err[1] : 16.354165265689875, err[2] : 0.9229185761806911, qform = -115819786.15932964, dt : 15.693483114242554
2, cg_err : 0.17516523125741645, residual : 174519.1543241731, err[0] : 200.04444100902708, err[1] : 15.646842650938543, err[2] : 0.9193527336339017, qform = -116909865.68775761, dt : 15.511209726333618
3, cg_err : 0.01382632718380743, residual : 80128.45536758358, err[0] : 193.29804485788685, err[1] : 14.282893452124354, err[2] : 0.9156554012336157, qform = -117955295.92408074, dt : 15.606293439865112
4, cg_err : 0.003089399348893794, residual : 68660.72663731218, err[0] : 192.0791894001958, err[1] : 14.023585614977515, err[2] : 0.9148045507088783, qform = -118065526.05547759, dt : 15.5963294506073
5, cg_err : 0.0010489343319692798, residual : 33914.372302167925, err[0] : 190.6949103516728, err[1] : 13.663992379750733, err[2] : 0.9127828292796089, qform = -118163625.21240786, dt : 15.105514526367188
normal pinv 2
normal mg 2
/mnt/home/aduivenvoorden/local/optweight/scripts/paper/planck_filter_pix.py:393: DeprecationWarning: `product` is deprecated as of NumPy 1.25.0, and will be removed in NumPy 2.0. Please use `prod` instead.
  ps_c_ell[idx,...] = ainfo.alm2cl(solver.x[:,None,:], solver.x[None,:,:])
1, cg_err : 0.48370404655058974, residual : 28751.65691721747, err[0] : 186.39824920627186, err[1] : 13.566679069761713, err[2] : 0.9124491428137965, qform = -118185776.40329722, dt : 3.1801462173461914
2, cg_err : 0.7224430048131351, residual : 24955.44302987623, err[0] : 186.060378804913, err[1] : 13.523921180535085, err[2] : 0.9121652821628857, qform = -118193802.29758006, dt : 2.995645523071289
3, cg_err : 0.4193117069581187, residual : 21368.326408950208, err[0] : 186.81466568232506, err[1] : 13.483802040522255, err[2] : 0.9119116199081372, qform = -118200360.43846719, dt : 3.2421910762786865
4, cg_err : 0.1729873668733653, residual : 15448.592339001121, err[0] : 189.58747904283769, err[1] : 13.423257663418816, err[2] : 0.9116210747882663, qform = -118209313.98480432, dt : 3.029797077178955
5, cg_err : 0.15773628657823005, residual : 10218.796650184557, err[0] : 189.97330402971372, err[1] : 13.394280041193557, err[2] : 0.9115527747699261, qform = -118213931.27700275, dt : 3.0694117546081543
6, cg_err : 0.061808993628846516, residual : 7867.119100161455, err[0] : 190.09870800116335, err[1] : 13.383383138093643, err[2] : 0.9115667746877413, qform = -118216845.1077331, dt : 3.167280673980713
7, cg_err : 0.06869127745092497, residual : 7799.035419001118, err[0] : 189.01619738210425, err[1] : 13.364835606175037, err[2] : 0.9116143054953716, qform = -118219573.10085942, dt : 3.26999831199646
8, cg_err : 0.046396227695813946, residual : 7994.6284518016155, err[0] : 187.70600426770153, err[1] : 13.358942129841884, err[2] : 0.9116318248625582, qform = -118220762.76488344, dt : 3.2874135971069336
9, cg_err : 0.035239587453280374, residual : 7140.094458150229, err[0] : 185.8360616225845, err[1] : 13.350762927490779, err[2] : 0.9116265286614917, qform = -118222484.31027189, dt : 3.0823984146118164
10, cg_err : 0.019802070250609562, residual : 5602.805182525361, err[0] : 184.32040218945528, err[1] : 13.348495190636443, err[2] : 0.9115999792939579, qform = -118223618.31827351, dt : 3.159493923187256
11, cg_err : 0.009702575433189998, residual : 3787.755642862512, err[0] : 183.40830800584422, err[1] : 13.346969372161798, err[2] : 0.9115718261658124, qform = -118224310.76108636, dt : 3.0469603538513184
12, cg_err : 0.006973540273836108, residual : 2835.304972159534, err[0] : 182.4933039872444, err[1] : 13.345872544167175, err[2] : 0.911556806791989, qform = -118224614.622794, dt : 3.178107261657715
13, cg_err : 0.005302585674658337, residual : 2218.9886813687735, err[0] : 181.78621561345912, err[1] : 13.344489260185544, err[2] : 0.9115454896358705, qform = -118224888.22932334, dt : 3.1940855979919434
14, cg_err : 0.004343651184966419, residual : 1995.056376264842, err[0] : 181.37197115313504, err[1] : 13.343147721559014, err[2] : 0.9115416435875514, qform = -118225113.75359218, dt : 3.0862884521484375
15, cg_err : 0.0062408736941451, residual : 1999.246621114718, err[0] : 180.93751047691723, err[1] : 13.342362667945615, err[2] : 0.9115417828816312, qform = -118225216.11507834, dt : 3.1683542728424072
16, cg_err : 0.0036673806248099083, residual : 2046.3545422628492, err[0] : 180.82619334713345, err[1] : 13.34191061342703, err[2] : 0.9115421591352582, qform = -118225263.51546545, dt : 3.1730878353118896
17, cg_err : 0.002259690280752958, residual : 1910.1659258633595, err[0] : 180.8530806072041, err[1] : 13.341054200166287, err[2] : 0.9115427334690211, qform = -118225349.68184185, dt : 3.2360966205596924
18, cg_err : 0.0015026335207350653, residual : 1511.189008271465, err[0] : 180.89207370701806, err[1] : 13.340358920272491, err[2] : 0.9115431367176828, qform = -118225421.45232639, dt : 3.0723860263824463
19, cg_err : 0.0007960470864544584, residual : 1042.9369176793225, err[0] : 180.87643313504552, err[1] : 13.340034423758723, err[2] : 0.9115440054821247, qform = -118225472.33170168, dt : 3.132979154586792
20, cg_err : 0.0006209660989113342, residual : 681.8976081630357, err[0] : 180.89876028817517, err[1] : 13.339939899282024, err[2] : 0.9115457384313649, qform = -118225501.54989552, dt : 2.9984042644500732
/mnt/home/aduivenvoorden/local/optweight/scripts/paper/planck_filter_pix.py:428: UserWarning: Attempt to set non-positive ylim on a log-scaled axis will be ignored.
  ax.set_ylim(ax.get_ylim())
