Namespace(basedir='/mnt/home/aduivenvoorden/project/actpol/20230621_pcg_planck/planck14', draw_constr=False, test_conv=False, niter_cg=10, niter_mg=40, no_masked_prec=False, pol_mg=False, use_prec_harm=False, noise_scaling=None, no_beam=False, lmax_masked_cg=2000, write_steps=False, apod_icov=True)
fsky T 837265.2950389322
fsky P 837265.2950389322
/mnt/home/aduivenvoorden/local/optweight/scripts/paper/planck_filter_pix_apo.py:188: RuntimeWarning: divide by zero encountered in log10
  np.log10(np.abs(cov_pix[idx,jdx].reshape(minfo.nrow, minfo.nphi[0]))), interpolation='none')
/mnt/home/aduivenvoorden/local/optweight/scripts/paper/planck_filter_pix_apo.py:219: RuntimeWarning: divide by zero encountered in log10
  im = ax.imshow(np.log10(np.abs(icov_pix[idx,jdx].reshape(minfo.nrow, minfo.nphi[0]))),
/mnt/home/aduivenvoorden/local/optweight/scripts/paper/planck_filter_pix_apo.py:271: DeprecationWarning: `product` is deprecated as of NumPy 1.25.0, and will be removed in NumPy 2.0. Please use `prod` instead.
  nl = ainfo.alm2cl(alm_noise[:,None,:], alm_noise[None,:,:])
normal mg
normal pinv
normal cg
/mnt/home/aduivenvoorden/local/optweight/scripts/paper/planck_filter_pix_apo.py:366: DeprecationWarning: `product` is deprecated as of NumPy 1.25.0, and will be removed in NumPy 2.0. Please use `prod` instead.
  ps_c_ell[idx,...] = ainfo.alm2cl(solver.x[:,None,:], solver.x[None,:,:])
1, cg_err : 1.5643166511216737, residual : 241212.0313656804, err[0] : 256.3252505881011, err[1] : 25.601073090154244, err[2] : 0.9204440646885579, qform = -105112669.49611832, dt : 15.233304738998413
2, cg_err : 0.9066171346586557, residual : 222277.81227735104, err[0] : 225.44531436081053, err[1] : 20.03249284793295, err[2] : 0.9154360946987354, qform = -108124150.89790638, dt : 15.509988069534302
3, cg_err : 0.2555933034292581, residual : 202665.16514070382, err[0] : 207.82409115393935, err[1] : 15.54317723085326, err[2] : 0.9126939483381586, qform = -109947085.26636346, dt : 15.576909065246582
4, cg_err : 0.14931277776779106, residual : 188473.96285145334, err[0] : 201.96301351721414, err[1] : 14.718686633432736, err[2] : 0.9120698038060252, qform = -110482273.06148493, dt : 15.604804039001465
5, cg_err : 0.14092981733391077, residual : 167259.43371411605, err[0] : 199.3456658846064, err[1] : 14.450622670350901, err[2] : 0.9118787086672032, qform = -110884878.60166173, dt : 15.811711549758911
6, cg_err : 0.09948830325493627, residual : 138167.42450946214, err[0] : 196.96423607581696, err[1] : 14.39013294513718, err[2] : 0.9118730598728833, qform = -111268789.59299678, dt : 15.523925542831421
7, cg_err : 0.07965567671391276, residual : 111264.56630204066, err[0] : 195.69121530978515, err[1] : 14.159364721373617, err[2] : 0.9118180397922104, qform = -111528941.57266994, dt : 15.748464107513428
8, cg_err : 0.06438690667657579, residual : 83686.56404032168, err[0] : 194.59591034837388, err[1] : 14.011973786391115, err[2] : 0.9117931138588614, qform = -111745953.2227996, dt : 15.293807983398438
9, cg_err : 0.03969648014786269, residual : 61200.57578478799, err[0] : 193.43502564405668, err[1] : 13.864983226284357, err[2] : 0.9117802996326156, qform = -111903763.80984381, dt : 15.70170283317566
10, cg_err : 0.02328046723561862, residual : 47017.51614931052, err[0] : 192.56547479630603, err[1] : 13.721237678379937, err[2] : 0.9117211384743282, qform = -111995310.77654715, dt : 15.699021100997925
normal pinv 2
normal mg 2
/mnt/home/aduivenvoorden/local/optweight/scripts/paper/planck_filter_pix_apo.py:412: DeprecationWarning: `product` is deprecated as of NumPy 1.25.0, and will be removed in NumPy 2.0. Please use `prod` instead.
  ps_c_ell[idx,...] = ainfo.alm2cl(solver.x[:,None,:], solver.x[None,:,:])
1, cg_err : 0.5060104438825045, residual : 45039.66475770837, err[0] : 191.83729556172958, err[1] : 13.612560460933949, err[2] : 0.9116838592626204, qform = -112030327.0354997, dt : 3.130411386489868
2, cg_err : 0.4207696325112571, residual : 41261.24376152691, err[0] : 190.69510996330933, err[1] : 13.564933327128836, err[2] : 0.9116378897419675, qform = -112063720.26497553, dt : 3.2386791706085205
3, cg_err : 0.2925517389272897, residual : 37100.61670582372, err[0] : 189.49548489677235, err[1] : 13.547608418392176, err[2] : 0.9116158768898255, qform = -112088166.60326213, dt : 3.0863869190216064
4, cg_err : 0.21914446378362212, residual : 32781.72268518555, err[0] : 188.42929599990478, err[1] : 13.527113817960835, err[2] : 0.9116119693012242, qform = -112105516.27744853, dt : 3.1639416217803955
5, cg_err : 0.17035620169107288, residual : 28049.10158644129, err[0] : 187.39645279300615, err[1] : 13.512370177012535, err[2] : 0.9116109099509778, qform = -112119516.26106478, dt : 3.049546241760254
6, cg_err : 0.12082666561409457, residual : 23990.465067288435, err[0] : 186.54522041975554, err[1] : 13.50144943140443, err[2] : 0.9116172128266992, qform = -112129071.85247292, dt : 3.0692920684814453
7, cg_err : 0.11029177372182193, residual : 20034.084553110442, err[0] : 185.74167970908317, err[1] : 13.496829725538031, err[2] : 0.9116261808973889, qform = -112136756.77851523, dt : 3.146630048751831
8, cg_err : 0.10271210751126571, residual : 15354.15268017551, err[0] : 184.80810203947394, err[1] : 13.49198131025522, err[2] : 0.9116185232904791, qform = -112144931.94403547, dt : 3.095163345336914
9, cg_err : 0.07093898488978602, residual : 12146.031118001372, err[0] : 184.15651288813797, err[1] : 13.479218664146677, err[2] : 0.9116056943700556, qform = -112150411.51805861, dt : 3.1456079483032227
10, cg_err : 0.04609694052523254, residual : 9281.085746572604, err[0] : 183.46620884680746, err[1] : 13.456405935799873, err[2] : 0.911597070564756, qform = -112155715.06335951, dt : 3.171637535095215
11, cg_err : 0.020245672183193487, residual : 8378.269228695635, err[0] : 183.20650626470086, err[1] : 13.447325556974977, err[2] : 0.9115919766810537, qform = -112157697.49321297, dt : 3.105695962905884
12, cg_err : 0.015048596959424074, residual : 7787.6631115993705, err[0] : 183.06834303004936, err[1] : 13.443719182216087, err[2] : 0.9115865545039594, qform = -112158782.09852837, dt : 3.154280424118042
13, cg_err : 0.014202270868513745, residual : 7076.909093077916, err[0] : 182.93248337022615, err[1] : 13.440660516356026, err[2] : 0.9115834419885107, qform = -112159829.00047626, dt : 3.0955047607421875
14, cg_err : 0.008989085301021528, residual : 6411.631119535339, err[0] : 182.81271817406633, err[1] : 13.43811004485139, err[2] : 0.9115817505496169, qform = -112160673.88065825, dt : 3.0783588886260986
15, cg_err : 0.006772145394428739, residual : 5895.412102049728, err[0] : 182.7110160433715, err[1] : 13.435850187854786, err[2] : 0.9115795334929346, qform = -112161195.88154884, dt : 3.1489171981811523
16, cg_err : 0.006415743104125732, residual : 5356.280967022683, err[0] : 182.58330920131334, err[1] : 13.433999331551435, err[2] : 0.911579206387228, qform = -112161643.56055205, dt : 3.0382556915283203
17, cg_err : 0.0053928995876600955, residual : 4829.39910203222, err[0] : 182.42720501888874, err[1] : 13.432214362329066, err[2] : 0.9115797035498835, qform = -112162042.69338372, dt : 3.014378070831299
18, cg_err : 0.006609592244081825, residual : 4228.8893947537, err[0] : 182.19173102424173, err[1] : 13.42989223297518, err[2] : 0.9115774719712263, qform = -112162487.94943738, dt : 3.1457936763763428
19, cg_err : 0.00509900202071603, residual : 3769.158003462181, err[0] : 181.939959652926, err[1] : 13.428038462423473, err[2] : 0.9115762782256047, qform = -112162883.70632437, dt : 3.0432443618774414
20, cg_err : 0.0045411144104304975, residual : 3440.251042099864, err[0] : 181.66601169946279, err[1] : 13.425947088162891, err[2] : 0.911577659696566, qform = -112163237.31892332, dt : 3.145998239517212
21, cg_err : 0.0037170643460287906, residual : 3271.715465729163, err[0] : 181.40621182929505, err[1] : 13.423794921967968, err[2] : 0.911577235111903, qform = -112163519.6094518, dt : 3.0802202224731445
22, cg_err : 0.003269645786487932, residual : 3196.575656532367, err[0] : 181.16030019186582, err[1] : 13.42270125511347, err[2] : 0.9115752221456671, qform = -112163749.49718833, dt : 3.1664860248565674
23, cg_err : 0.003508057328414687, residual : 3153.4455600884316, err[0] : 180.8896976987738, err[1] : 13.421959948546421, err[2] : 0.9115746833444938, qform = -112163976.56144308, dt : 3.11772084236145
24, cg_err : 0.003237290839482958, residual : 3143.8829935641393, err[0] : 180.57777633480586, err[1] : 13.420964738372499, err[2] : 0.9115755743236716, qform = -112164226.6997992, dt : 2.960901975631714
25, cg_err : 0.002603816695618994, residual : 3153.4572964419617, err[0] : 180.319751981727, err[1] : 13.420298404385889, err[2] : 0.9115751196513683, qform = -112164430.1910197, dt : 3.007542610168457
26, cg_err : 0.0030639787070318855, residual : 3149.745449049968, err[0] : 180.07994509517826, err[1] : 13.419921087469067, err[2] : 0.911573901401991, qform = -112164615.4025014, dt : 3.0604233741760254
27, cg_err : 0.0032161776337368427, residual : 3145.737003080491, err[0] : 179.8091688617275, err[1] : 13.41981804563201, err[2] : 0.9115728426772127, qform = -112164829.54243639, dt : 3.0753653049468994
28, cg_err : 0.0041380092750426456, residual : 3138.826840785107, err[0] : 179.49475941541584, err[1] : 13.419686681320693, err[2] : 0.9115719219080808, qform = -112165098.85416561, dt : 3.0780270099639893
29, cg_err : 0.003743423653398622, residual : 3135.2163698395775, err[0] : 179.2090527717022, err[1] : 13.419144150162806, err[2] : 0.9115719731784143, qform = -112165374.3350839, dt : 3.109510898590088
30, cg_err : 0.003714684647053055, residual : 3108.1076744211978, err[0] : 178.97687452364343, err[1] : 13.418914342209117, err[2] : 0.9115728354098223, qform = -112165630.95254475, dt : 3.104248523712158
31, cg_err : 0.0036266643522404156, residual : 3058.202420929808, err[0] : 178.78033470946306, err[1] : 13.418661467132601, err[2] : 0.9115732547551422, qform = -112165884.40018639, dt : 3.1309974193573
32, cg_err : 0.00307569978085174, residual : 2983.2191157797, err[0] : 178.6288362932847, err[1] : 13.41832011586619, err[2] : 0.9115734125968276, qform = -112166117.2629928, dt : 3.1585559844970703
33, cg_err : 0.002880634675861516, residual : 2865.9024059784383, err[0] : 178.52339702660908, err[1] : 13.41833356361042, err[2] : 0.9115741788070483, qform = -112166313.4633207, dt : 3.2093629837036133
34, cg_err : 0.002692996304361911, residual : 2694.0991211747373, err[0] : 178.4359832330266, err[1] : 13.418890622462436, err[2] : 0.9115751459148576, qform = -112166515.11383231, dt : 3.0555062294006348
35, cg_err : 0.0016651536166081768, residual : 2535.8782677209283, err[0] : 178.37958356172697, err[1] : 13.419335208790313, err[2] : 0.9115752178658946, qform = -112166672.68475336, dt : 3.071246862411499
36, cg_err : 0.0016178614710115873, residual : 2379.6797211846324, err[0] : 178.34708383093422, err[1] : 13.419621027887224, err[2] : 0.9115748062890547, qform = -112166777.78779198, dt : 3.1094276905059814
37, cg_err : 0.0015446523467309433, residual : 2177.502589434999, err[0] : 178.31549659542705, err[1] : 13.419992859955792, err[2] : 0.9115743526756954, qform = -112166888.1708492, dt : 3.0664689540863037
38, cg_err : 0.001398530878378242, residual : 1965.8131367785243, err[0] : 178.28590346408473, err[1] : 13.420164832559042, err[2] : 0.9115743840578717, qform = -112166993.99966206, dt : 3.0473079681396484
39, cg_err : 0.0011585727806043137, residual : 1777.2647574717907, err[0] : 178.26300274781872, err[1] : 13.420373545609323, err[2] : 0.9115749982372602, qform = -112167082.89012167, dt : 3.028095006942749
40, cg_err : 0.001010088860634888, residual : 1609.2623580593645, err[0] : 178.2461761656225, err[1] : 13.420746843147262, err[2] : 0.911575197731556, qform = -112167158.40828666, dt : 3.0995676517486572
/mnt/home/aduivenvoorden/local/optweight/scripts/paper/planck_filter_pix_apo.py:447: UserWarning: Attempt to set non-positive ylim on a log-scaled axis will be ignored.
  ax.set_ylim(ax.get_ylim())
