Namespace(basedir='/mnt/home/aduivenvoorden/project/actpol/20230621_pcg_planck/planck13', draw_constr=False, test_conv=False, niter_cg=5, niter_mg=20, no_masked_prec=False, pol_mg=False, use_prec_harm=False, noise_scaling=None, no_beam=False, lmax_masked_cg=2000, write_steps=False, apod_icov=True)
fsky T 820869.7894213775
fsky P 841653.9130172196
/mnt/home/aduivenvoorden/local/optweight/scripts/paper/planck_filter_pix.py:202: RuntimeWarning: divide by zero encountered in log10
  im = ax.imshow(np.log10(np.abs(icov_pix[idx,jdx].reshape(minfo.nrow, minfo.nphi[0]))),
/mnt/home/aduivenvoorden/local/optweight/scripts/paper/planck_filter_pix.py:254: DeprecationWarning: `product` is deprecated as of NumPy 1.25.0, and will be removed in NumPy 2.0. Please use `prod` instead.
  nl = ainfo.alm2cl(alm_noise[:,None,:], alm_noise[None,:,:])
normal mg
normal pinv
normal cg
/mnt/home/aduivenvoorden/local/optweight/scripts/paper/planck_filter_pix.py:349: DeprecationWarning: `product` is deprecated as of NumPy 1.25.0, and will be removed in NumPy 2.0. Please use `prod` instead.
  ps_c_ell[idx,...] = ainfo.alm2cl(solver.x[:,None,:], solver.x[None,:,:])
1, cg_err : 10.891016929773286, residual : 3148274.5979704945, err[0] : 210.77406798290997, err[1] : 30.551611316758493, err[2] : 1.0815832397211558, qform = -90149618.7108098, dt : 15.53209662437439
2, cg_err : 1.651700824966084, residual : 1209510.3571904507, err[0] : 206.96148154429542, err[1] : 23.538453790460917, err[2] : 1.124768533332013, qform = -108415505.6362073, dt : 15.896778106689453
3, cg_err : 0.19210223773608354, residual : 482944.16335204896, err[0] : 205.59232124419066, err[1] : 20.297363390778877, err[2] : 1.115213895383754, qform = -111305545.24566966, dt : 15.626628875732422
4, cg_err : 0.20102613151152332, residual : 496740.0463820539, err[0] : 203.45902932621047, err[1] : 19.041541061901277, err[2] : 1.098253341279521, qform = -111741537.08095154, dt : 16.208439588546753
5, cg_err : 0.161326229505921, residual : 441096.43684875953, err[0] : 199.05882515958044, err[1] : 18.19638765566413, err[2] : 1.053266733208962, qform = -112722580.70889813, dt : 15.515685319900513
normal pinv 2
normal mg 2
/mnt/home/aduivenvoorden/local/optweight/scripts/paper/planck_filter_pix.py:395: DeprecationWarning: `product` is deprecated as of NumPy 1.25.0, and will be removed in NumPy 2.0. Please use `prod` instead.
  ps_c_ell[idx,...] = ainfo.alm2cl(solver.x[:,None,:], solver.x[None,:,:])
1, cg_err : 0.391861655521965, residual : 353826.8233596696, err[0] : 197.2791218292299, err[1] : 16.666061324311592, err[2] : 1.0444618185445005, qform = -113141580.5937583, dt : 3.258471727371216
2, cg_err : 0.3648331127120847, residual : 339535.9409433334, err[0] : 195.90068681785198, err[1] : 16.189244115039465, err[2] : 1.035845868147291, qform = -113285760.06858048, dt : 2.938631296157837
3, cg_err : 0.6961565180216613, residual : 360966.882149707, err[0] : 194.95474381853322, err[1] : 16.317874661608673, err[2] : 1.0046866438507578, qform = -113671274.6947908, dt : 3.089158535003662
4, cg_err : 0.37582291293317827, residual : 265625.459050467, err[0] : 198.62097151818756, err[1] : 16.165521021266073, err[2] : 0.9830200013858648, qform = -113941838.9574558, dt : 3.1870086193084717
5, cg_err : 0.1310797428846167, residual : 185908.79929490926, err[0] : 202.61561035121363, err[1] : 14.535987765494292, err[2] : 0.960585019695929, qform = -114146599.60941264, dt : 3.190955638885498
6, cg_err : 0.038241776627940136, residual : 145084.26819368385, err[0] : 203.95775080114998, err[1] : 13.958279203129106, err[2] : 0.9485590685622451, qform = -114231065.02040574, dt : 3.196481466293335
7, cg_err : 0.041031791519410665, residual : 145264.5514551791, err[0] : 203.84169492616724, err[1] : 13.795423251381818, err[2] : 0.9438278124213011, qform = -114251610.63584477, dt : 3.302495241165161
8, cg_err : 0.02327138041404884, residual : 116431.53685752409, err[0] : 203.39652580087647, err[1] : 13.794132511721466, err[2] : 0.9366967585295787, qform = -114276708.57961844, dt : 3.206477403640747
9, cg_err : 0.028325177386891384, residual : 98679.45691971602, err[0] : 202.16679150800525, err[1] : 13.764235074355625, err[2] : 0.9296001992099634, qform = -114296258.9709036, dt : 3.1866495609283447
10, cg_err : 0.01300161034396871, residual : 76465.70924730552, err[0] : 200.66196849279058, err[1] : 13.66077344221548, err[2] : 0.9227957329760688, qform = -114315379.96140482, dt : 3.264528751373291
11, cg_err : 0.012251163712277958, residual : 62508.975620423254, err[0] : 199.2973618408869, err[1] : 13.595280588381181, err[2] : 0.9189979426904439, qform = -114325772.63623983, dt : 3.1891398429870605
12, cg_err : 0.006573230133943515, residual : 51276.809409662616, err[0] : 198.20312887740343, err[1] : 13.557481132490423, err[2] : 0.9164829122401394, qform = -114332849.16745457, dt : 3.368894100189209
13, cg_err : 0.00743512578236932, residual : 39476.42934354377, err[0] : 197.29737182354745, err[1] : 13.546983280366167, err[2] : 0.9143389011883979, qform = -114338804.9609671, dt : 3.241562843322754
14, cg_err : 0.004215739006432797, residual : 29941.324472074954, err[0] : 196.8217700889966, err[1] : 13.522657441413658, err[2] : 0.9130294788113541, qform = -114343205.10511105, dt : 3.15191388130188
15, cg_err : 0.00303223704756113, residual : 20897.145045565, err[0] : 196.41658470461803, err[1] : 13.495979474992977, err[2] : 0.9121724855433581, qform = -114346972.50062005, dt : 3.134892463684082
16, cg_err : 0.002122570439965831, residual : 16637.44403022183, err[0] : 196.03871824278792, err[1] : 13.482323564649473, err[2] : 0.9119020904508135, qform = -114348787.50542301, dt : 3.282792806625366
17, cg_err : 0.0015871306412702099, residual : 12795.945355537302, err[0] : 195.3512265463334, err[1] : 13.472455156113757, err[2] : 0.9117535491264935, qform = -114350573.70343447, dt : 2.9748551845550537
18, cg_err : 0.001582273009360987, residual : 10967.958632647691, err[0] : 194.63973551915612, err[1] : 13.466269392133837, err[2] : 0.9117188119658718, qform = -114351756.4896762, dt : 3.0285775661468506
19, cg_err : 0.001063780889815121, residual : 10131.22568077479, err[0] : 193.72848232957122, err[1] : 13.459911684237522, err[2] : 0.9117226030285643, qform = -114352970.84789316, dt : 3.2358860969543457
20, cg_err : 0.000895972797554133, residual : 10348.38687260444, err[0] : 192.97897554914954, err[1] : 13.454483201705623, err[2] : 0.9117524356291404, qform = -114353772.93173158, dt : 3.207200765609741
/mnt/home/aduivenvoorden/local/optweight/scripts/paper/planck_filter_pix.py:430: UserWarning: Attempt to set non-positive ylim on a log-scaled axis will be ignored.
  ax.set_ylim(ax.get_ylim())
