Namespace(basedir='/mnt/home/aduivenvoorden/project/actpol/20230621_pcg_planck/planck06c', draw_constr=False, test_conv=True, niter_cg=15, niter_mg=45, no_masked_prec=False, pol_mg=False, use_prec_harm=False, noise_scaling=0.2, no_beam=False, lmax_masked_cg=1500, write_steps=False, apod_icov=False)
fsky T 820869.7894213775
fsky P 841653.9130172196
/mnt/home/aduivenvoorden/local/optweight/scripts/paper/planck_filter_pix.py:254: DeprecationWarning: `product` is deprecated as of NumPy 1.25.0, and will be removed in NumPy 2.0. Please use `prod` instead.
  nl = ainfo.alm2cl(alm_noise[:,None,:], alm_noise[None,:,:])
normal mg
normal pinv
normal cg
test_conv
/mnt/home/aduivenvoorden/local/optweight/scripts/paper/planck_filter_pix.py:352: DeprecationWarning: `product` is deprecated as of NumPy 1.25.0, and will be removed in NumPy 2.0. Please use `prod` instead.
  ps_c_ell[idx,...] = ainfo.alm2cl(solver.x[:,None,:], solver.x[None,:,:])
1, cg_err : 0.3396193842507533, residual : 1805935.586634814, err[0] : 595.2412880160391, err[1] : 11.680866240763399, err[2] : 0.7703204829878901, qform = -606955389.0335988, dt : 10.173880577087402
2, cg_err : 0.12658158376598844, residual : 1224830.0874393105, err[0] : 456.9930226786601, err[1] : 10.260904040489184, err[2] : 0.685192990644056, qform = -627287852.5330555, dt : 10.237744808197021
3, cg_err : 0.04190757206774535, residual : 790277.9623859465, err[0] : 315.69306263704664, err[1] : 8.296788444656874, err[2] : 0.5922955223906851, qform = -635652443.8873327, dt : 10.11841344833374
4, cg_err : 0.01725784241956303, residual : 489272.6945669741, err[0] : 247.03457048241998, err[1] : 6.519790025530371, err[2] : 0.4897189424458172, qform = -639004981.1857184, dt : 10.215010166168213
5, cg_err : 0.005493332460755547, residual : 314885.6080151971, err[0] : 223.24328658792683, err[1] : 5.317826183408702, err[2] : 0.3880246150370836, qform = -640289566.6132076, dt : 10.227404356002808
6, cg_err : 0.002567771503868352, residual : 220232.72814505984, err[0] : 210.25361544722026, err[1] : 4.492571264671761, err[2] : 0.2967405286868212, qform = -640726367.5872785, dt : 10.258954286575317
7, cg_err : 0.0012438458369803834, residual : 158733.7344942147, err[0] : 200.5815664961737, err[1] : 3.8937606659930206, err[2] : 0.22202832693352237, qform = -640910708.188855, dt : 10.160998582839966
8, cg_err : 0.0006763312983519356, residual : 104555.26865996588, err[0] : 191.298919488069, err[1] : 3.3564420013437233, err[2] : 0.14731330793805533, qform = -641021790.9439826, dt : 10.205170631408691
9, cg_err : 0.00042735697456411847, residual : 67706.06241698068, err[0] : 183.50305334394594, err[1] : 2.9601564456173306, err[2] : 0.08699079871695382, qform = -641087555.8155283, dt : 10.168222904205322
10, cg_err : 0.0004474624662544185, residual : 53290.96864000343, err[0] : 172.12735222802988, err[1] : 2.6505562903234963, err[2] : 0.04786885149301044, qform = -641134236.6904956, dt : 10.197876453399658
11, cg_err : 0.0003544760626261399, residual : 55724.510604659496, err[0] : 160.89996179575473, err[1] : 2.4490373724706958, err[2] : 0.054919909015242234, qform = -641166491.0797967, dt : 10.262943029403687
12, cg_err : 0.0002724445720568488, residual : 69072.86598895628, err[0] : 143.8199760555106, err[1] : 2.2080156685134797, err[2] : 0.08740129154197328, qform = -641206986.6422087, dt : 10.22910475730896
13, cg_err : 0.00035073316019988015, residual : 78273.78941572075, err[0] : 127.47507908202903, err[1] : 1.9609851241817242, err[2] : 0.10795088313493294, qform = -641244761.6182393, dt : 10.254461288452148
14, cg_err : 0.00019919367230735493, residual : 78854.38546450637, err[0] : 113.2101243658262, err[1] : 1.7546547625110198, err[2] : 0.11506140719651961, qform = -641277155.8205593, dt : 10.262242555618286
15, cg_err : 0.0002203499398404881, residual : 67475.00197483072, err[0] : 99.29314871327668, err[1] : 1.5348366333684382, err[2] : 0.0996964520930191, qform = -641303060.8804792, dt : 10.193633079528809
normal pinv 2
normal mg 2
/mnt/home/aduivenvoorden/local/optweight/scripts/paper/planck_filter_pix.py:398: DeprecationWarning: `product` is deprecated as of NumPy 1.25.0, and will be removed in NumPy 2.0. Please use `prod` instead.
  ps_c_ell[idx,...] = ainfo.alm2cl(solver.x[:,None,:], solver.x[None,:,:])
1, cg_err : 0.4843105579316916, residual : 52756.76946408916, err[0] : 86.25483514892952, err[1] : 1.4061823621319427, err[2] : 0.07411365949200459, qform = -641341723.6762022, dt : 4.4211742877960205
2, cg_err : 0.4223426813772505, residual : 34859.090540622965, err[0] : 56.49196216300554, err[1] : 1.2047988220437627, err[2] : 0.03915286569344221, qform = -641362640.5958039, dt : 4.48531174659729
3, cg_err : 0.396107925015523, residual : 25800.731309422514, err[0] : 42.86681309875843, err[1] : 1.0381509533938167, err[2] : 0.01157334637854144, qform = -641374864.4185145, dt : 4.394834280014038
4, cg_err : 0.2638675307906399, residual : 19373.761942466037, err[0] : 47.55851429730787, err[1] : 0.8998569029050529, err[2] : 0.01095442761171684, qform = -641383624.1757407, dt : 4.404729604721069
5, cg_err : 0.1304144401736727, residual : 21340.39581743655, err[0] : 33.276885571618834, err[1] : 0.7468842777836036, err[2] : 0.028978619718796225, qform = -641391972.8104247, dt : 4.408962726593018
6, cg_err : 0.07709451491641388, residual : 21883.200911975895, err[0] : 30.83394691529185, err[1] : 0.617058341580977, err[2] : 0.03242679473253553, qform = -641396802.6711541, dt : 4.418392658233643
7, cg_err : 0.06125725023115228, residual : 17492.19990996443, err[0] : 23.20627986142891, err[1] : 0.47427868199544, err[2] : 0.024978155951794954, qform = -641400410.4105703, dt : 4.4591381549835205
8, cg_err : 0.04088776816314591, residual : 11435.229741576899, err[0] : 17.81481242635239, err[1] : 0.3751378581200199, err[2] : 0.013049698934437859, qform = -641402933.4668043, dt : 4.490816354751587
9, cg_err : 0.0311088949407756, residual : 7744.100633173355, err[0] : 15.294681270362684, err[1] : 0.32738309557707096, err[2] : 0.0037242389690645404, qform = -641404348.8667132, dt : 4.425621271133423
10, cg_err : 0.022413161479388433, residual : 6571.406384340854, err[0] : 15.281848623680093, err[1] : 0.29081917977917604, err[2] : 0.005533887409249842, qform = -641405482.2210251, dt : 4.4034528732299805
11, cg_err : 0.014981978867159573, residual : 7920.2093407118455, err[0] : 11.830611210553304, err[1] : 0.255673663964196, err[2] : 0.01077052365310289, qform = -641406393.1414052, dt : 4.451284408569336
12, cg_err : 0.011355804215651646, residual : 8125.931033748417, err[0] : 11.995002110898717, err[1] : 0.21688269641651434, err[2] : 0.011508589601729175, qform = -641407054.4294335, dt : 4.389293193817139
13, cg_err : 0.008235808628594233, residual : 6339.691784456907, err[0] : 9.569127810681385, err[1] : 0.17845009731679848, err[2] : 0.00868950365042578, qform = -641407563.6072351, dt : 4.466773509979248
14, cg_err : 0.005204041378991119, residual : 3805.105709763271, err[0] : 7.579644728881297, err[1] : 0.1514422449213105, err[2] : 0.0044572701000067895, qform = -641407907.7936475, dt : 4.47618556022644
15, cg_err : 0.003374804304473889, residual : 2384.3158373378574, err[0] : 6.728160694396356, err[1] : 0.13225261873551417, err[2] : 0.0010622932473816561, qform = -641408127.3596293, dt : 4.462646245956421
16, cg_err : 0.002533586833297846, residual : 2589.0750215890275, err[0] : 5.496914199135644, err[1] : 0.11353645439263653, err[2] : 0.0026387090157819677, qform = -641408284.3223008, dt : 4.445666551589966
17, cg_err : 0.00200460926868977, residual : 2963.366177232699, err[0] : 4.111083202776191, err[1] : 0.09428566126215755, err[2] : 0.004071052564565342, qform = -641408411.736738, dt : 4.461104869842529
18, cg_err : 0.001572118283963463, residual : 2779.6536019491737, err[0] : 4.424853285559299, err[1] : 0.07949191004207228, err[2] : 0.003931306974638783, qform = -641408504.6046718, dt : 4.404883861541748
19, cg_err : 0.001171131675655385, residual : 2137.838295817724, err[0] : 3.671054341597346, err[1] : 0.06920973007120905, err[2] : 0.002726127957442544, qform = -641408574.0156705, dt : 4.450690507888794
20, cg_err : 0.000950171823988302, residual : 1441.7616328674776, err[0] : 2.87613460529039, err[1] : 0.061773963439123315, err[2] : 0.0011766641162937303, qform = -641408624.2648789, dt : 4.4934515953063965
21, cg_err : 0.0009976956968553237, residual : 1249.3951057421862, err[0] : 2.2056300269134153, err[1] : 0.057116557111820454, err[2] : 0.0005226034332929876, qform = -641408648.3915156, dt : 4.465739011764526
22, cg_err : 0.000526034130750176, residual : 1028.1107198042446, err[0] : 2.23642520799681, err[1] : 0.051492767682725794, err[2] : 0.0010013592320060353, qform = -641408673.0882467, dt : 4.391599655151367
23, cg_err : 0.000396016395929109, residual : 1216.0418488574655, err[0] : 2.0566899418571905, err[1] : 0.04419345241155477, err[2] : 0.0016327916808369313, qform = -641408697.7920249, dt : 4.402961492538452
24, cg_err : 0.0003227940165708178, residual : 1216.4582587017458, err[0] : 1.852157752598757, err[1] : 0.03806345267449641, err[2] : 0.0016589818240624738, qform = -641408717.8577446, dt : 4.396269083023071
25, cg_err : 0.00023527926094394052, residual : 976.2593554026698, err[0] : 1.6899341964930308, err[1] : 0.03381438419426425, err[2] : 0.0012022486613475754, qform = -641408732.9117755, dt : 4.428746461868286
26, cg_err : 0.00016959223575768495, residual : 640.2668408513559, err[0] : 1.3790031388090778, err[1] : 0.030106891917775734, err[2] : 0.0005488270537805042, qform = -641408744.050535, dt : 4.447612285614014
27, cg_err : 0.0001255246306381228, residual : 468.250682861016, err[0] : 1.1547176368781238, err[1] : 0.02647143044227528, err[2] : 0.000318579537341673, qform = -641408752.0234145, dt : 4.465410947799683
28, cg_err : 9.847085902737767e-05, residual : 527.9422263299331, err[0] : 0.9730652548147574, err[1] : 0.022969266897966883, err[2] : 0.000656041302343067, qform = -641408758.2990812, dt : 4.501828908920288
29, cg_err : 8.03310885923704e-05, residual : 586.3838988294725, err[0] : 0.9693720151208096, err[1] : 0.020125852484192564, err[2] : 0.0007825245690122358, qform = -641408763.243625, dt : 4.468807935714722
30, cg_err : 6.233516836390817e-05, residual : 523.8316518614282, err[0] : 0.7348232687977027, err[1] : 0.017859503716297832, err[2] : 0.0006531023916133584, qform = -641408767.1672761, dt : 4.450591325759888
31, cg_err : 4.810735143585141e-05, residual : 375.87847969896126, err[0] : 0.7512904014116517, err[1] : 0.01586055568296462, err[2] : 0.00037040365246660494, qform = -641408770.19983, dt : 4.4864137172698975
32, cg_err : 3.5354117693458556e-05, residual : 260.6423535173687, err[0] : 0.6047897788115977, err[1] : 0.0140550685412788, err[2] : 0.00015612934928621033, qform = -641408772.4465442, dt : 4.40388298034668
33, cg_err : 2.7491063357124738e-05, residual : 254.5128633899089, err[0] : 0.5207503170633719, err[1] : 0.012417801587835548, err[2] : 0.0002607668264705561, qform = -641408774.083463, dt : 4.474714994430542
34, cg_err : 2.5326831157444002e-05, residual : 288.9641483430293, err[0] : 0.4303479800186643, err[1] : 0.010960485595030111, err[2] : 0.0003557470930192181, qform = -641408775.3760414, dt : 4.401754379272461
35, cg_err : 2.292686483317201e-05, residual : 293.33836269369385, err[0] : 0.5077451158275629, err[1] : 0.00989717880525937, err[2] : 0.0003533262843980182, qform = -641408776.3408034, dt : 4.405909776687622
36, cg_err : 2.084507900574954e-05, residual : 258.7767652481645, err[0] : 0.3925975356513336, err[1] : 0.00901153247043233, err[2] : 0.00027928649901852904, qform = -641408777.1535527, dt : 4.420632362365723
37, cg_err : 1.9988550606192387e-05, residual : 214.8757837834864, err[0] : 0.3538633651476745, err[1] : 0.008359341152636784, err[2] : 0.00018838066508935545, qform = -641408777.7246662, dt : 4.4177656173706055
38, cg_err : 1.2868845393008533e-05, residual : 164.4778188680138, err[0] : 0.3485015728046558, err[1] : 0.007769361297411084, err[2] : 0.00010810637513099579, qform = -641408778.2081616, dt : 4.464625358581543
39, cg_err : 8.448185902592368e-06, residual : 131.18419134461735, err[0] : 0.28989363091202813, err[1] : 0.007036701502491939, err[2] : 0.00010584828130202615, qform = -641408778.6670499, dt : 4.454700946807861
40, cg_err : 6.6177022455374e-06, residual : 132.07888411460416, err[0] : 0.2319317675945214, err[1] : 0.006238693882726341, err[2] : 0.00015228502602036094, qform = -641408779.0325953, dt : 4.429985284805298
41, cg_err : 5.222131202110101e-06, residual : 136.49936758330801, err[0] : 0.21266723304710275, err[1] : 0.005455187618254821, err[2] : 0.00016509558659190033, qform = -641408779.3416374, dt : 4.419812202453613
42, cg_err : 4.135283819295218e-06, residual : 120.25583445251407, err[0] : 0.219214232640359, err[1] : 0.004794457884751662, err[2] : 0.00013363064510617234, qform = -641408779.5937737, dt : 4.382080554962158
43, cg_err : 3.0305090159473765e-06, residual : 90.43279218311852, err[0] : 0.17494533772590398, err[1] : 0.004264467055638485, err[2] : 7.963468275006597e-05, qform = -641408779.7955111, dt : 4.461408615112305
44, cg_err : 2.2650686373625146e-06, residual : 65.64377419038433, err[0] : 0.17710885592602071, err[1] : 0.003807887104366187, err[2] : 5.08227832644952e-05, qform = -641408779.9436195, dt : 4.440552234649658
45, cg_err : 1.7027309280316553e-06, residual : 59.742122218327026, err[0] : 0.1265695626661206, err[1] : 0.0033777954513508953, err[2] : 6.559583523559581e-05, qform = -641408780.0509423, dt : 4.45276951789856
/mnt/home/aduivenvoorden/local/optweight/scripts/paper/planck_filter_pix.py:433: UserWarning: Attempt to set non-positive ylim on a log-scaled axis will be ignored.
  ax.set_ylim(ax.get_ylim())
