Namespace(basedir='/mnt/home/aduivenvoorden/project/actpol/20230621_pcg_planck/planck06e', draw_constr=False, test_conv=True, niter_cg=15, niter_mg=45, no_masked_prec=False, pol_mg=False, use_prec_harm=False, noise_scaling=None, no_beam=False, lmax_masked_cg=1500, write_steps=False, apod_icov=False, icov_pix_file='/mnt/home/aduivenvoorden/project/actpol/20241008_delensing/icov/dx12_v3_smica_noise_icov_1dg.fits')
fsky T 820869.7894213775
fsky P 841653.9130172196
/mnt/home/aduivenvoorden/local/optweight/scripts/paper/planck_filter_pix.py:272: DeprecationWarning: `product` is deprecated as of NumPy 1.25.0, and will be removed in NumPy 2.0. Please use `prod` instead.
  nl = ainfo.alm2cl(alm_noise[:,None,:], alm_noise[None,:,:])
normal mg
normal pinv
normal cg
test_conv
/mnt/home/aduivenvoorden/local/optweight/scripts/paper/planck_filter_pix.py:370: DeprecationWarning: `product` is deprecated as of NumPy 1.25.0, and will be removed in NumPy 2.0. Please use `prod` instead.
  ps_c_ell[idx,...] = ainfo.alm2cl(solver.x[:,None,:], solver.x[None,:,:])
1, cg_err : 0.1717229894586783, residual : 625722.7473476598, err[0] : 480.6561100326477, err[1] : 23.29456578158343, err[2] : 0.45112521409856615, qform = -505425779.14115417, dt : 10.277330160140991
2, cg_err : 0.08484443176768103, residual : 489400.03035122517, err[0] : 421.6114456034083, err[1] : 17.52697781625813, err[2] : 0.3975720827065198, qform = -509929500.48333895, dt : 10.27471661567688
3, cg_err : 0.01700496348880054, residual : 317407.8074407778, err[0] : 312.9103096864148, err[1] : 5.108484559024997, err[2] : 0.2972883784748385, qform = -514122519.0307055, dt : 10.168974161148071
4, cg_err : 0.006472875714612101, residual : 218131.13472436275, err[0] : 241.0086393000612, err[1] : 6.302297863700546, err[2] : 0.22202398991713193, qform = -515381050.7681791, dt : 10.152030229568481
5, cg_err : 0.003868362725568887, residual : 177447.23226950117, err[0] : 222.00102040011566, err[1] : 5.211637898993566, err[2] : 0.17867568556544974, qform = -515656930.0161691, dt : 10.158562183380127
6, cg_err : 0.0018898073350209889, residual : 122295.6440248359, err[0] : 201.39775426825813, err[1] : 4.341401276948777, err[2] : 0.11607043053064899, qform = -515879560.09447175, dt : 10.185436010360718
7, cg_err : 0.0011780767856694244, residual : 96612.04087063289, err[0] : 191.86765353841966, err[1] : 3.832632686297929, err[2] : 0.0865941935634116, qform = -515947113.5010898, dt : 10.255285263061523
8, cg_err : 0.0007759308592601529, residual : 65324.62245650973, err[0] : 178.83140877914065, err[1] : 3.5369028197286365, err[2] : 0.05160051707536267, qform = -516008916.89833415, dt : 10.268890619277954
9, cg_err : 0.0005041292270270406, residual : 45467.12925527043, err[0] : 170.4450862816562, err[1] : 3.1144440244835345, err[2] : 0.033145909663229625, qform = -516045770.6529375, dt : 10.299886465072632
10, cg_err : 0.00043802509725497754, residual : 34312.625926547604, err[0] : 161.50870776759717, err[1] : 2.854896807042586, err[2] : 0.03160551747631469, qform = -516085382.3634201, dt : 10.292407512664795
11, cg_err : 0.0006179112357582601, residual : 40565.50209859638, err[0] : 152.81413243152468, err[1] : 2.9262084036908553, err[2] : 0.04148031355803426, qform = -516112399.16995984, dt : 10.188151359558105
12, cg_err : 0.00046296157050183725, residual : 55473.26924908979, err[0] : 140.6670514826012, err[1] : 2.59489091486641, err[2] : 0.054557578796421334, qform = -516142782.69695777, dt : 10.270825147628784
13, cg_err : 0.00036924273434449, residual : 67806.68832711503, err[0] : 125.16393166740185, err[1] : 2.2810773554214236, err[2] : 0.06364036947060299, qform = -516174146.0191455, dt : 10.245002746582031
14, cg_err : 0.0003295267459951699, residual : 70097.37160703784, err[0] : 109.26601857354976, err[1] : 2.0182095974193817, err[2] : 0.061557332578391556, qform = -516204001.72934514, dt : 10.269385576248169
15, cg_err : 0.00031300189012935714, residual : 62978.93734409044, err[0] : 97.06782082986761, err[1] : 1.9635658244152163, err[2] : 0.053238949813180544, qform = -516225062.7711307, dt : 10.2729332447052
normal pinv 2
normal mg 2
/mnt/home/aduivenvoorden/local/optweight/scripts/paper/planck_filter_pix.py:416: DeprecationWarning: `product` is deprecated as of NumPy 1.25.0, and will be removed in NumPy 2.0. Please use `prod` instead.
  ps_c_ell[idx,...] = ainfo.alm2cl(solver.x[:,None,:], solver.x[None,:,:])
1, cg_err : 0.7868001194157856, residual : 58878.27884594756, err[0] : 83.03662360083275, err[1] : 1.8555003230125884, err[2] : 0.04953440912343687, qform = -516239763.10152566, dt : 4.451403379440308
2, cg_err : 0.5760116846074694, residual : 50611.62305839971, err[0] : 65.6974335565658, err[1] : 1.9017601293095139, err[2] : 0.04016260502549891, qform = -516259011.0587375, dt : 4.505337953567505
3, cg_err : 0.33326788770761034, residual : 41831.368823171026, err[0] : 55.151544695826345, err[1] : 1.4924197210613954, err[2] : 0.029635169213091547, qform = -516271037.79277444, dt : 4.4500250816345215
4, cg_err : 0.37541142197305793, residual : 24481.582838532056, err[0] : 39.99692145338991, err[1] : 1.556553491470972, err[2] : 0.01420823011917713, qform = -516285909.91373134, dt : 4.423012018203735
5, cg_err : 0.20093083234175357, residual : 16826.89491737983, err[0] : 38.536782415044605, err[1] : 1.1547859090821844, err[2] : 0.004057182906446341, qform = -516293820.3033961, dt : 4.48126482963562
6, cg_err : 0.26847582788257546, residual : 15752.179545936788, err[0] : 27.005068936908216, err[1] : 1.2226971954378096, err[2] : 0.00899006588050108, qform = -516299108.295901, dt : 4.438957214355469
7, cg_err : 0.1218250477402818, residual : 18329.579006026597, err[0] : 31.910714304480102, err[1] : 0.8688161445390585, err[2] : 0.01305376332103749, qform = -516303976.99806917, dt : 4.415151596069336
8, cg_err : 0.12285770346553036, residual : 20297.572489259455, err[0] : 20.999142084856377, err[1] : 0.8393939964916081, err[2] : 0.016301731610016815, qform = -516307828.05538714, dt : 4.415614604949951
9, cg_err : 0.07023229184618132, residual : 20427.720660564573, err[0] : 22.78636850441755, err[1] : 0.6294822739493185, err[2] : 0.01654480427593846, qform = -516310522.94730717, dt : 4.41467809677124
10, cg_err : 0.059667216049455324, residual : 18267.632610739656, err[0] : 17.540682327920987, err[1] : 0.588701309834857, err[2] : 0.014862006529390983, qform = -516312595.08198273, dt : 4.427249431610107
11, cg_err : 0.042115315037323534, residual : 14146.741841902038, err[0] : 16.240914363164283, err[1] : 0.4603200525747182, err[2] : 0.011166551760522878, qform = -516314395.60525745, dt : 4.408984184265137
12, cg_err : 0.03073893794562844, residual : 10136.140504646171, err[0] : 13.71259633308694, err[1] : 0.4289670433890691, err[2] : 0.007716000042161073, qform = -516315552.3160766, dt : 4.4507973194122314
13, cg_err : 0.017980121901230103, residual : 6027.034299306256, err[0] : 12.968565181956281, err[1] : 0.338150849193716, err[2] : 0.0035177656776185355, qform = -516316545.59021574, dt : 4.458365440368652
14, cg_err : 0.020358399702225957, residual : 4288.599635195079, err[0] : 9.87561169634575, err[1] : 0.3486053298428472, err[2] : 0.0018370633436909094, qform = -516317351.97534806, dt : 4.428452491760254
15, cg_err : 0.01960294140439602, residual : 4970.3515395467175, err[0] : 9.37700465752466, err[1] : 0.33013184882920793, err[2] : 0.002986855001953332, qform = -516317735.28251225, dt : 4.43598747253418
16, cg_err : 0.015495378500055258, residual : 6529.364968545255, err[0] : 8.072783387789025, err[1] : 0.31111366370336907, err[2] : 0.004930584056679613, qform = -516318227.4106943, dt : 4.455431222915649
17, cg_err : 0.010126557811374441, residual : 7394.189609309051, err[0] : 7.8260290439080045, err[1] : 0.2627844773399298, err[2] : 0.005817063257037369, qform = -516318592.6464926, dt : 4.46067476272583
18, cg_err : 0.0070652265726603046, residual : 7326.215761487975, err[0] : 6.8676431060242304, err[1] : 0.22399718264221438, err[2] : 0.005932778295526969, qform = -516318987.8162896, dt : 4.456935882568359
19, cg_err : 0.005997695963473701, residual : 6189.674511749668, err[0] : 6.164415884218919, err[1] : 0.1971905985665514, err[2] : 0.005052993729043851, qform = -516319255.44978076, dt : 4.437995195388794
20, cg_err : 0.003804219935873428, residual : 4618.447124468451, err[0] : 5.317102840330477, err[1] : 0.16649907118889562, err[2] : 0.0036691882675941563, qform = -516319444.329875, dt : 4.403782844543457
21, cg_err : 0.003935272706932512, residual : 2945.5271147892654, err[0] : 5.119775262176963, err[1] : 0.15126376444419082, err[2] : 0.0022073457307550674, qform = -516319579.6150073, dt : 4.407577037811279
22, cg_err : 0.0027958607027543, residual : 1954.3359721370152, err[0] : 4.8976538181767895, err[1] : 0.13368372431752887, err[2] : 0.0011681156302280507, qform = -516319661.7873673, dt : 4.415998458862305
23, cg_err : 0.0016938575844937034, residual : 1640.7134754423785, err[0] : 4.197850084036891, err[1] : 0.10816468185402069, err[2] : 0.0007633469077589165, qform = -516319766.05979013, dt : 4.453954696655273
24, cg_err : 0.001958941734594026, residual : 2258.6469822349673, err[0] : 3.233698501761479, err[1] : 0.11369834857210441, err[2] : 0.0016781846061812533, qform = -516319835.53070045, dt : 4.45099139213562
25, cg_err : 0.0011094201221148947, residual : 2663.10783433118, err[0] : 3.295040620266246, err[1] : 0.08795787302055315, err[2] : 0.0020719817929931647, qform = -516319883.420466, dt : 4.410919189453125
26, cg_err : 0.0007712614095014287, residual : 2672.996176882228, err[0] : 2.9732580947749767, err[1] : 0.07271570710570952, err[2] : 0.002135384645251798, qform = -516319939.8407473, dt : 4.460638523101807
27, cg_err : 0.001307590200456722, residual : 2206.8113182472816, err[0] : 2.1468694566461592, err[1] : 0.07960727832525599, err[2] : 0.0017820061765724032, qform = -516319975.52563655, dt : 4.374933242797852
28, cg_err : 0.0007759073202802552, residual : 1858.5243838228494, err[0] : 2.2506068706349502, err[1] : 0.06650254079526807, err[2] : 0.0014530292209534933, qform = -516319993.6076594, dt : 4.452282905578613
29, cg_err : 0.00048483227590079574, residual : 1149.3327852036573, err[0] : 1.9312701255145726, err[1] : 0.05842088274182988, err[2] : 0.0008019159789774524, qform = -516320020.09748256, dt : 4.407777309417725
30, cg_err : 0.000380483054609513, residual : 656.2033662917731, err[0] : 1.7828285663222843, err[1] : 0.05142681524427206, err[2] : 0.00028998051689694144, qform = -516320039.6145992, dt : 4.413159132003784
31, cg_err : 0.000356129270182863, residual : 659.1582127952817, err[0] : 1.4950277735731337, err[1] : 0.050630833837426115, err[2] : 0.0003765658721795469, qform = -516320051.11045575, dt : 4.479642629623413
32, cg_err : 0.00025931989871901727, residual : 863.9714624902645, err[0] : 1.5804529061252384, err[1] : 0.04397264161196829, err[2] : 0.0006219091740298269, qform = -516320061.59680474, dt : 4.497621059417725
33, cg_err : 0.00021449090509594398, residual : 1024.70307526668, err[0] : 1.323128328161919, err[1] : 0.040415155082106476, err[2] : 0.0007939456307226823, qform = -516320070.7708511, dt : 4.479105472564697
34, cg_err : 0.00015853711883024397, residual : 1040.7045287575181, err[0] : 1.2387169434276353, err[1] : 0.03209173755250089, err[2] : 0.0008173244792575487, qform = -516320080.0756344, dt : 4.52309250831604
35, cg_err : 0.00019296391456500144, residual : 887.596462382235, err[0] : 1.0021265994295425, err[1] : 0.03364080493066994, err[2] : 0.0007054160361035197, qform = -516320086.8138378, dt : 4.447464227676392
36, cg_err : 0.00017293749060235856, residual : 733.4981302480365, err[0] : 1.000670615132269, err[1] : 0.03000090715131447, err[2] : 0.0005641864001424378, qform = -516320090.59073466, dt : 4.455110311508179
37, cg_err : 0.00010383914548107709, residual : 557.8941405276379, err[0] : 0.8389785845820532, err[1] : 0.02693780601599195, err[2] : 0.00040999664131039323, qform = -516320093.9506185, dt : 4.412412643432617
38, cg_err : 5.7894770665304744e-05, residual : 321.2539343229312, err[0] : 0.8866589309609709, err[1] : 0.020850646996468967, err[2] : 0.00013994968335524001, qform = -516320097.93030655, dt : 4.4933412075042725
39, cg_err : 4.1026588589705705e-05, residual : 291.01567576109227, err[0] : 0.7350975044347465, err[1] : 0.01766153067931614, err[2] : 0.00013552478160556877, qform = -516320101.2802782, dt : 4.41420316696167
40, cg_err : 2.9972472014556578e-05, residual : 403.9523378226578, err[0] : 0.5965753554367206, err[1] : 0.015170937985695352, err[2] : 0.00029496147904372434, qform = -516320103.9963136, dt : 4.4864256381988525
41, cg_err : 3.209680553722239e-05, residual : 426.0137715779444, err[0] : 0.5204849835447418, err[1] : 0.014115211646669382, err[2] : 0.0003300814992782587, qform = -516320106.03960204, dt : 4.487655878067017
42, cg_err : 4.4546310510556385e-05, residual : 401.1422969941662, err[0] : 0.4495594322593859, err[1] : 0.015305925291276185, err[2] : 0.0003150551647324204, qform = -516320106.69346774, dt : 4.5043089389801025
43, cg_err : 1.9217860872214486e-05, residual : 318.24788014944147, err[0] : 0.43056586707182454, err[1] : 0.011327329435353261, err[2] : 0.00023811081363874618, qform = -516320107.88538235, dt : 4.4813337326049805
44, cg_err : 2.012368168388237e-05, residual : 216.41659923440014, err[0] : 0.32803426353115656, err[1] : 0.01222950187063213, err[2] : 0.0001519398175335122, qform = -516320108.7186277, dt : 4.522064685821533
45, cg_err : 1.3153483250331892e-05, residual : 142.87662673560664, err[0] : 0.35752034351658063, err[1] : 0.00956364864204821, err[2] : 6.870508718534571e-05, qform = -516320109.2840338, dt : 4.483381032943726
/mnt/home/aduivenvoorden/local/optweight/scripts/paper/planck_filter_pix.py:451: UserWarning: Attempt to set non-positive ylim on a log-scaled axis will be ignored.
  ax.set_ylim(ax.get_ylim())
