Namespace(basedir='/mnt/home/aduivenvoorden/project/actpol/20230621_pcg_planck/planck13', draw_constr=False, test_conv=False, niter_cg=5, niter_mg=20, no_masked_prec=False, pol_mg=False, use_prec_harm=False, noise_scaling=None, no_beam=False, lmax_masked_cg=2000, write_steps=False, apod_icov=True)
fsky T 820869.7894213775
fsky P 841653.9130172196
/mnt/home/aduivenvoorden/local/optweight/scripts/paper/planck_filter_pix.py:196: RuntimeWarning: divide by zero encountered in log10
  im = ax.imshow(np.log10(np.abs(icov_pix[idx,jdx].reshape(minfo.nrow, minfo.nphi[0]))),
/mnt/home/aduivenvoorden/local/optweight/scripts/paper/planck_filter_pix.py:248: DeprecationWarning: `product` is deprecated as of NumPy 1.25.0, and will be removed in NumPy 2.0. Please use `prod` instead.
  nl = ainfo.alm2cl(alm_noise[:,None,:], alm_noise[None,:,:])
normal mg
normal pinv
normal cg
/mnt/home/aduivenvoorden/local/optweight/scripts/paper/planck_filter_pix.py:343: DeprecationWarning: `product` is deprecated as of NumPy 1.25.0, and will be removed in NumPy 2.0. Please use `prod` instead.
  ps_c_ell[idx,...] = ainfo.alm2cl(solver.x[:,None,:], solver.x[None,:,:])
1, cg_err : 0.17112886331889177, residual : 361371.3421335797, err[0] : 249.66011710334436, err[1] : 15.98616189392819, err[2] : 0.9299669846661116, qform = -121867663.58043195, dt : 15.209880828857422
2, cg_err : 0.03781663280621172, residual : 208075.98586464912, err[0] : 206.93319717204676, err[1] : 15.067026447117271, err[2] : 0.9220595226821413, qform = -125452686.18323553, dt : 14.782236576080322
3, cg_err : 0.007718245900607486, residual : 96300.36377397378, err[0] : 192.48686997275885, err[1] : 14.114138549860558, err[2] : 0.9175779745581834, qform = -126562924.36473477, dt : 15.330971479415894
4, cg_err : 0.0016460404038416102, residual : 55933.31379568572, err[0] : 188.53483256479274, err[1] : 13.73742329874096, err[2] : 0.914536387259811, qform = -126774926.76463962, dt : 14.91279411315918
5, cg_err : 0.0007483062564231508, residual : 32248.609488326092, err[0] : 187.2515629393449, err[1] : 13.534544462543186, err[2] : 0.9125184451175644, qform = -126829110.63904648, dt : 14.896826982498169
normal pinv 2
normal mg 2
/mnt/home/aduivenvoorden/local/optweight/scripts/paper/planck_filter_pix.py:389: DeprecationWarning: `product` is deprecated as of NumPy 1.25.0, and will be removed in NumPy 2.0. Please use `prod` instead.
  ps_c_ell[idx,...] = ainfo.alm2cl(solver.x[:,None,:], solver.x[None,:,:])
1, cg_err : 0.9115461005678537, residual : 31248.14354929102, err[0] : 187.01294305827898, err[1] : 13.527358055533908, err[2] : 0.9124635698574082, qform = -126840411.1314126, dt : 2.9561479091644287
2, cg_err : 0.8179193571556159, residual : 30359.037488247763, err[0] : 189.37918524635876, err[1] : 13.517711752145143, err[2] : 0.9123908493688359, qform = -126847912.06205022, dt : 3.179124355316162
3, cg_err : 0.3509431408141291, residual : 29249.155393153822, err[0] : 192.17070096002976, err[1] : 13.498971363723163, err[2] : 0.9122525952719354, qform = -126857691.89729713, dt : 3.2621729373931885
4, cg_err : 0.32785102168741587, residual : 27333.64119480715, err[0] : 191.61084701686752, err[1] : 13.468181661660926, err[2] : 0.912037080224245, qform = -126867533.53990376, dt : 3.111135244369507
5, cg_err : 0.6261428165108649, residual : 25802.26602751179, err[0] : 190.5965314886955, err[1] : 13.446133528116667, err[2] : 0.9118944177489721, qform = -126873095.56958754, dt : 2.9621996879577637
6, cg_err : 0.3529397502634271, residual : 22107.71306069155, err[0] : 188.94621192091017, err[1] : 13.415877538556247, err[2] : 0.9117189260906359, qform = -126880845.61719401, dt : 2.997649908065796
7, cg_err : 0.36294866571645806, residual : 18848.90560260324, err[0] : 188.956524086497, err[1] : 13.388634799494197, err[2] : 0.9115956227668514, qform = -126888157.19274452, dt : 3.153655529022217
8, cg_err : 0.22848620250800547, residual : 16594.721220806783, err[0] : 189.82492575152028, err[1] : 13.37226838808994, err[2] : 0.9115498333942814, qform = -126893064.07186595, dt : 3.144782066345215
9, cg_err : 0.15722053974699682, residual : 13545.041731019906, err[0] : 191.8426445555555, err[1] : 13.353122820023618, err[2] : 0.9115470924455389, qform = -126899531.71977122, dt : 3.143014669418335
10, cg_err : 0.1742630043346405, residual : 12311.240213893427, err[0] : 192.80717560949932, err[1] : 13.341078190480607, err[2] : 0.9115893736077327, qform = -126904200.64936587, dt : 3.0706307888031006
11, cg_err : 0.12204885806051698, residual : 11644.823146737972, err[0] : 192.7871723906431, err[1] : 13.33379236225445, err[2] : 0.9116343550913115, qform = -126907313.95552239, dt : 3.2379400730133057
12, cg_err : 0.0927401076418663, residual : 11367.520705044393, err[0] : 192.3374087365254, err[1] : 13.327085070484268, err[2] : 0.9116765030001518, qform = -126910054.91985756, dt : 3.1396868228912354
13, cg_err : 0.07719056955970185, residual : 11313.441912940358, err[0] : 191.10521250240507, err[1] : 13.320521497808857, err[2] : 0.9117049140067178, qform = -126912464.40806079, dt : 3.3072562217712402
14, cg_err : 0.08113867944616414, residual : 11171.436999027175, err[0] : 190.62552737723567, err[1] : 13.316084124191422, err[2] : 0.9117107269917698, qform = -126913891.69127235, dt : 3.1175408363342285
15, cg_err : 0.12773148815098193, residual : 11179.320819509605, err[0] : 190.42843680883377, err[1] : 13.313144815896003, err[2] : 0.9117071908909077, qform = -126914742.61936034, dt : 3.1554412841796875
16, cg_err : 0.04686559410575927, residual : 10452.786997327808, err[0] : 189.72704858810442, err[1] : 13.308308916161298, err[2] : 0.9116940714848479, qform = -126916195.29790059, dt : 3.1741697788238525
17, cg_err : 0.055578582616929675, residual : 9706.846057234641, err[0] : 187.52523618452955, err[1] : 13.303914092605678, err[2] : 0.9116669997011793, qform = -126917493.14554656, dt : 3.2187447547912598
18, cg_err : 0.03894012336602968, residual : 8563.736845630503, err[0] : 185.32976106521025, err[1] : 13.300380721512726, err[2] : 0.9116339416627286, qform = -126918718.71844818, dt : 3.1218655109405518
19, cg_err : 0.034406409100470145, residual : 7198.982864712563, err[0] : 184.40461344479098, err[1] : 13.297829784602786, err[2] : 0.9115978696114113, qform = -126919875.20309113, dt : 3.1581456661224365
20, cg_err : 0.02729543807922886, residual : 5854.480258600989, err[0] : 183.9199190858678, err[1] : 13.296441152724478, err[2] : 0.9115671924593541, qform = -126920895.22195739, dt : 3.1857690811157227
/mnt/home/aduivenvoorden/local/optweight/scripts/paper/planck_filter_pix.py:424: UserWarning: Attempt to set non-positive ylim on a log-scaled axis will be ignored.
  ax.set_ylim(ax.get_ylim())
