Namespace(basedir='/mnt/home/aduivenvoorden/project/actpol/20230621_pcg_planck/planck06g', draw_constr=False, test_conv=True, niter_cg=15, niter_mg=45, no_masked_prec=False, pol_mg=False, use_prec_harm=False, noise_scaling=None, no_beam=False, lmax_masked_cg=1500, write_steps=False, apod_icov=False, icov_pix_file='/mnt/home/aduivenvoorden/project/actpol/20241008_delensing/icov/dx12_v3_smica_noise_icov.fits', mask_file='/mnt/home/aduivenvoorden/project/actpol/20241008_delensing/icov/mask_2500.fits', no_round_icov=True)
fsky T 0.6702093525588608
fsky P 0.6702093525588608
/mnt/home/aduivenvoorden/local/optweight/scripts/paper/planck_filter_pix.py:282: DeprecationWarning: `product` is deprecated as of NumPy 1.25.0, and will be removed in NumPy 2.0. Please use `prod` instead.
  nl = ainfo.alm2cl(alm_noise[:,None,:], alm_noise[None,:,:])
normal mg
normal pinv
normal cg
test_conv
/mnt/home/aduivenvoorden/local/optweight/scripts/paper/planck_filter_pix.py:380: DeprecationWarning: `product` is deprecated as of NumPy 1.25.0, and will be removed in NumPy 2.0. Please use `prod` instead.
  ps_c_ell[idx,...] = ainfo.alm2cl(solver.x[:,None,:], solver.x[None,:,:])
1, cg_err : 0.24035352613452696, residual : 1005176.2682700714, err[0] : 453.68035515329757, err[1] : 6.123196280359312, err[2] : 0.46607470345904506, qform = -460885003.62480813, dt : 10.158956050872803
2, cg_err : 0.07822835089574026, residual : 590432.9928313512, err[0] : 368.33244314147873, err[1] : 5.604401452511978, err[2] : 0.379529690243337, qform = -473741903.70319414, dt : 10.121969938278198
3, cg_err : 0.018944314628479116, residual : 384321.2587568182, err[0] : 302.40736883402957, err[1] : 5.095769413016678, err[2] : 0.3427621282420718, qform = -478051203.35328615, dt : 10.121570348739624
4, cg_err : 0.006154084903895488, residual : 263153.1468863974, err[0] : 260.8276789803444, err[1] : 4.615865249484375, err[2] : 0.2730838893485306, qform = -479409531.09121233, dt : 10.185115337371826
5, cg_err : 0.0023393049502860967, residual : 180265.287029867, err[0] : 233.00145533269935, err[1] : 4.199641166266975, err[2] : 0.1990674604902187, qform = -479895574.0002744, dt : 10.210660696029663
6, cg_err : 0.0010462772847452638, residual : 114870.46062740368, err[0] : 212.95649404466454, err[1] : 3.8344574787369323, err[2] : 0.12064131664153975, qform = -480099256.54966956, dt : 10.26993727684021
7, cg_err : 0.0007629306890588766, residual : 73707.90490350148, err[0] : 198.83282115194314, err[1] : 3.5188675847468525, err[2] : 0.06336045801448516, qform = -480195722.38507515, dt : 10.16148829460144
8, cg_err : 0.000651664777570349, residual : 57292.63321769785, err[0] : 185.45921366074623, err[1] : 3.203474555260533, err[2] : 0.045245826971422966, qform = -480265288.18848485, dt : 10.260082483291626
9, cg_err : 0.0006352232983945718, residual : 68764.16416078783, err[0] : 171.95881231545977, err[1] : 2.902223067715638, err[2] : 0.07125718082118876, qform = -480321944.2513134, dt : 10.190905332565308
10, cg_err : 0.0005351618930802748, residual : 87891.37246141708, err[0] : 155.4737027877082, err[1] : 2.553849249383596, err[2] : 0.0985195540495782, qform = -480387087.3189046, dt : 10.197965383529663
11, cg_err : 0.0004880223870740447, residual : 91157.33703023125, err[0] : 135.69468354947415, err[1] : 2.2389701713355836, err[2] : 0.09358102066302637, qform = -480450383.15544945, dt : 10.135988712310791
12, cg_err : 0.0003012427784168085, residual : 77896.71884261545, err[0] : 118.4047659699267, err[1] : 1.995779404244864, err[2] : 0.07046529021163546, qform = -480499166.1948925, dt : 10.131612777709961
13, cg_err : 0.0001696650216692077, residual : 53315.09752361552, err[0] : 102.92310929792347, err[1] : 1.7719112430633857, err[2] : 0.04497570041652907, qform = -480533306.03283834, dt : 10.199311017990112
14, cg_err : 0.00016729860818059803, residual : 35375.360721720135, err[0] : 92.20267414196837, err[1] : 1.5788541940615972, err[2] : 0.0350273138235231, qform = -480552644.8264509, dt : 10.122462034225464
15, cg_err : 0.00011942638165082815, residual : 32173.50640260325, err[0] : 84.92404472288061, err[1] : 1.4155790547822775, err[2] : 0.038182963466792674, qform = -480566448.91838855, dt : 10.131666660308838
normal pinv 2
normal mg 2
/mnt/home/aduivenvoorden/local/optweight/scripts/paper/planck_filter_pix.py:426: DeprecationWarning: `product` is deprecated as of NumPy 1.25.0, and will be removed in NumPy 2.0. Please use `prod` instead.
  ps_c_ell[idx,...] = ainfo.alm2cl(solver.x[:,None,:], solver.x[None,:,:])
1, cg_err : 0.6641923708776558, residual : 30140.409989803855, err[0] : 66.98544639154251, err[1] : 1.3470561842240747, err[2] : 0.026988226466509495, qform = -480592318.12612265, dt : 4.391729116439819
2, cg_err : 0.6804679680953657, residual : 24175.40086647841, err[0] : 50.239156590231595, err[1] : 1.1890500562409956, err[2] : 0.013346040073917724, qform = -480607606.6335255, dt : 4.363415956497192
3, cg_err : 0.5602766280513134, residual : 18579.945017430913, err[0] : 40.761844822279585, err[1] : 0.9768099781255952, err[2] : 0.001232416899701177, qform = -480620336.2671632, dt : 4.421370983123779
4, cg_err : 0.3127330568615668, residual : 16374.437847258043, err[0] : 37.5326233499519, err[1] : 0.7431197362488221, err[2] : 0.012835749538055809, qform = -480631220.6742931, dt : 4.359058141708374
5, cg_err : 0.22391472295279047, residual : 15942.8736608762, err[0] : 40.20636811389156, err[1] : 0.5820034967501391, err[2] : 0.016564148801609994, qform = -480637146.097523, dt : 4.400959491729736
6, cg_err : 0.18193626489641457, residual : 14584.291373541071, err[0] : 24.839834330339567, err[1] : 0.4730089841032449, err[2] : 0.01583921307779751, qform = -480640608.9726791, dt : 4.433765649795532
7, cg_err : 0.11341375065006072, residual : 12155.52141447285, err[0] : 20.770903479415995, err[1] : 0.39532043948001283, err[2] : 0.012794956315387362, qform = -480643153.8612485, dt : 4.371626853942871
8, cg_err : 0.07094284149950425, residual : 8487.196092486853, err[0] : 16.409551986296417, err[1] : 0.3435549814853807, err[2] : 0.007427555751265109, qform = -480645324.27745867, dt : 4.397652626037598
9, cg_err : 0.05130195394875668, residual : 5694.825236870068, err[0] : 13.644687376551627, err[1] : 0.31824430813055776, err[2] : 0.001751416978616272, qform = -480646886.601514, dt : 4.406368255615234
10, cg_err : 0.03778009780157119, residual : 5365.250213733407, err[0] : 11.344297917245234, err[1] : 0.2958242939381079, err[2] : 0.003077856419026261, qform = -480648064.1108044, dt : 4.423729181289673
11, cg_err : 0.02982684178321148, residual : 6103.994547038044, err[0] : 11.806759072621869, err[1] : 0.2613760790458037, err[2] : 0.006095440056023116, qform = -480649038.75146365, dt : 4.453265905380249
12, cg_err : 0.02211155106798695, residual : 5972.266813522358, err[0] : 8.231912139380972, err[1] : 0.22241930423038808, err[2] : 0.006652831273288688, qform = -480649742.48031455, dt : 4.3789896965026855
13, cg_err : 0.014425705053179073, residual : 4893.9074542427925, err[0] : 7.063532849345908, err[1] : 0.1867952094334026, err[2] : 0.005367639136956413, qform = -480650234.28091866, dt : 4.389052391052246
14, cg_err : 0.010667903900482452, residual : 3271.661124011435, err[0] : 7.2250197381636765, err[1] : 0.1559949906282654, err[2] : 0.002866950210237679, qform = -480650601.25758237, dt : 4.373822450637817
15, cg_err : 0.008372801019522853, residual : 2259.9867197127587, err[0] : 7.105168200014878, err[1] : 0.13542933329195148, err[2] : 0.0004453581569806429, qform = -480650852.4925407, dt : 4.393555641174316
16, cg_err : 0.006523930807256696, residual : 2293.7575864858863, err[0] : 5.082577479322807, err[1] : 0.1205771090665246, err[2] : 0.0015939114805957261, qform = -480651041.6089566, dt : 4.359863042831421
17, cg_err : 0.004809491035428822, residual : 2655.7000519053363, err[0] : 4.798781801879682, err[1] : 0.10745855366347098, err[2] : 0.0027615453131914834, qform = -480651196.06594795, dt : 4.3758673667907715
18, cg_err : 0.0038659153110685344, residual : 2602.3231796544214, err[0] : 5.593591519121847, err[1] : 0.09441253332132957, err[2] : 0.00289252836802895, qform = -480651315.53714275, dt : 4.381134986877441
19, cg_err : 0.00294937593489622, residual : 2086.609320656332, err[0] : 4.300778344753357, err[1] : 0.0821947975465701, err[2] : 0.0022062859114475677, qform = -480651408.8785801, dt : 4.385324239730835
20, cg_err : 0.00214971170196348, residual : 1379.9453013897278, err[0] : 3.2476624057260994, err[1] : 0.07201790017542076, err[2] : 0.0010209029892252071, qform = -480651484.1827748, dt : 4.395054578781128
21, cg_err : 0.0016034186242127096, residual : 1029.9749171903306, err[0] : 2.546635045378965, err[1] : 0.06478893693866829, err[2] : 0.00018007525266293647, qform = -480651537.58979416, dt : 4.396394491195679
22, cg_err : 0.0012862424607722252, residual : 1130.718361424296, err[0] : 2.61877881199627, err[1] : 0.05824571370300574, err[2] : 0.0009678694633767905, qform = -480651579.1590589, dt : 4.378816843032837
23, cg_err : 0.0010470297385719782, residual : 1248.5269545525139, err[0] : 2.635941360334031, err[1] : 0.051926184266840536, err[2] : 0.0013427917930309032, qform = -480651611.23382604, dt : 4.417726039886475
24, cg_err : 0.0011947836480891247, residual : 1166.7238984449843, err[0] : 2.5890849696931197, err[1] : 0.04618841670482504, err[2] : 0.001280437510114557, qform = -480651634.1369881, dt : 4.369506597518921
25, cg_err : 0.000896617692295395, residual : 1006.5623152184356, err[0] : 1.9390239539514975, err[1] : 0.042113289437493685, err[2] : 0.0010429358258440375, qform = -480651650.2263347, dt : 4.403186798095703
26, cg_err : 0.0005869150668596511, residual : 738.1526143085738, err[0] : 1.5329398281306883, err[1] : 0.03782569920272016, err[2] : 0.0005791188914857766, qform = -480651666.9689433, dt : 4.375127553939819
27, cg_err : 0.00041971463531079856, residual : 534.2999318122465, err[0] : 1.4317316335162817, err[1] : 0.03410619598845115, err[2] : 0.00010067183444039119, qform = -480651680.52335846, dt : 4.3642144203186035
28, cg_err : 0.0003424033677583407, residual : 535.8673486227285, err[0] : 1.113609628978765, err[1] : 0.030540429422811214, err[2] : 0.00038532093850896605, qform = -480651691.0363795, dt : 4.397930860519409
29, cg_err : 0.00028649462549806023, residual : 609.4163053029607, err[0] : 1.0325442601800598, err[1] : 0.02702302983544439, err[2] : 0.0006189681653151326, qform = -480651699.6956948, dt : 4.370980978012085
30, cg_err : 0.00023793310503861535, residual : 598.860179769268, err[0] : 1.1588352096414611, err[1] : 0.023920855605239877, err[2] : 0.0006401505218688712, qform = -480651706.65099454, dt : 4.417508602142334
31, cg_err : 0.0001731738512567099, residual : 489.97276748073114, err[0] : 0.9283809123729903, err[1] : 0.021319624499331457, err[2] : 0.0004870691559788847, qform = -480651712.31251496, dt : 4.3623576164245605
32, cg_err : 0.00013704012602376144, residual : 339.48163475000297, err[0] : 0.7770910599020115, err[1] : 0.019023184713222285, err[2] : 0.00023519336156124462, qform = -480651716.658672, dt : 4.338454246520996
33, cg_err : 0.00011597585788388017, residual : 255.6985135542848, err[0] : 0.7070754284425164, err[1] : 0.01708666722495491, err[2] : 5.1802286906930054e-05, qform = -480651719.61456674, dt : 4.377618074417114
34, cg_err : 9.463191615477876e-05, residual : 259.4069152051475, err[0] : 0.6009766230823959, err[1] : 0.015296613423625744, err[2] : 0.00017899162389483942, qform = -480651721.8447344, dt : 4.35688853263855
35, cg_err : 7.301552954783046e-05, residual : 288.19414572443844, err[0] : 0.4994091116504711, err[1] : 0.013544301483219006, err[2] : 0.0002826040030644265, qform = -480651723.7355296, dt : 4.362440347671509
36, cg_err : 5.480165933383603e-05, residual : 286.57256725798624, err[0] : 0.4600111286303464, err[1] : 0.011867257840936523, err[2] : 0.0003036676847623179, qform = -480651725.4130978, dt : 4.355138301849365
37, cg_err : 4.212518203875079e-05, residual : 235.5824916141087, err[0] : 0.40351278903741267, err[1] : 0.010430352722462415, err[2] : 0.00023526285081775989, qform = -480651726.80671996, dt : 4.369696617126465
38, cg_err : 3.173530306936739e-05, residual : 167.86084071101965, err[0] : 0.36961192059937154, err[1] : 0.009302919000036592, err[2] : 0.00012604752927879178, qform = -480651727.79886216, dt : 4.447824954986572
39, cg_err : 2.3642547860776953e-05, residual : 123.62886806730069, err[0] : 0.2839715548930544, err[1] : 0.008233495006684329, err[2] : 2.9140204268041998e-05, qform = -480651728.54750687, dt : 4.353225231170654
40, cg_err : 1.7412514525980987e-05, residual : 124.48140247505029, err[0] : 0.2505909173135735, err[1] : 0.007168181843048716, err[2] : 9.152802388373045e-05, qform = -480651729.1455742, dt : 4.350500822067261
41, cg_err : 1.4088061019442852e-05, residual : 136.37778606285553, err[0] : 0.2271981936670071, err[1] : 0.006208786082566674, err[2] : 0.0001359162526169038, qform = -480651729.60797876, dt : 4.363131046295166
42, cg_err : 1.1887768659811458e-05, residual : 127.83706015700228, err[0] : 0.2969695095345868, err[1] : 0.005439995821750036, err[2] : 0.00013264862072190884, qform = -480651729.9601603, dt : 4.438949108123779
43, cg_err : 1.136564418220213e-05, residual : 103.84441045854446, err[0] : 0.26907520029445336, err[1] : 0.004875849142419577, err[2] : 9.933279059587752e-05, qform = -480651730.2114397, dt : 4.382858753204346
44, cg_err : 9.543514912827645e-06, residual : 81.68869849140818, err[0] : 0.17154053545697265, err[1] : 0.00449584676062448, err[2] : 6.335788766253738e-05, qform = -480651730.37035584, dt : 4.414942741394043
45, cg_err : 5.798285376993971e-06, residual : 60.89684989922575, err[0] : 0.14130109660210194, err[1] : 0.004059330527567898, err[2] : 1.9343026471992625e-05, qform = -480651730.53407186, dt : 4.409242868423462
/mnt/home/aduivenvoorden/local/optweight/scripts/paper/planck_filter_pix.py:461: UserWarning: Attempt to set non-positive ylim on a log-scaled axis will be ignored.
  ax.set_ylim(ax.get_ylim())
